<?xml version="1.0" encoding="UTF-8"?>
<testsuites>
  <testsuite name="/var/www/html/phpunit.xml" tests="269" assertions="781" errors="0" failures="0" skipped="0" time="58.119008">
    <testsuite name="Feature" tests="269" assertions="781" errors="0" failures="0" skipped="0" time="58.119008">
      <testsuite name="Tests\Feature\Modules\Cliente\CadastroClienteTest" file="/var/www/html/tests/Feature/Modules/Cliente/CadastroClienteTest.php" tests="9" assertions="26" errors="0" failures="0" skipped="0" time="8.940717">
        <testcase name="test_cliente_pode_ser_cadastrado" file="/var/www/html/tests/Feature/Modules/Cliente/CadastroClienteTest.php" line="37" class="Tests\Feature\Modules\Cliente\CadastroClienteTest" classname="Tests.Feature.Modules.Cliente.CadastroClienteTest" assertions="3" time="7.548197"/>
        <testcase name="test_nome_eh_obrigatorio_e_deve_ter_minimo_3_caracteres" file="/var/www/html/tests/Feature/Modules/Cliente/CadastroClienteTest.php" line="45" class="Tests\Feature\Modules\Cliente\CadastroClienteTest" classname="Tests.Feature.Modules.Cliente.CadastroClienteTest" assertions="3" time="0.176452"/>
        <testcase name="test_cpf_ou_cnpj_deve_estar_presente" file="/var/www/html/tests/Feature/Modules/Cliente/CadastroClienteTest.php" line="53" class="Tests\Feature\Modules\Cliente\CadastroClienteTest" classname="Tests.Feature.Modules.Cliente.CadastroClienteTest" assertions="2" time="0.184426"/>
        <testcase name="test_email_deve_ser_valido_e_unico" file="/var/www/html/tests/Feature/Modules/Cliente/CadastroClienteTest.php" line="62" class="Tests\Feature\Modules\Cliente\CadastroClienteTest" classname="Tests.Feature.Modules.Cliente.CadastroClienteTest" assertions="4" time="0.175577"/>
        <testcase name="test_telefone_movel_deve_bater_regex" file="/var/www/html/tests/Feature/Modules/Cliente/CadastroClienteTest.php" line="79" class="Tests\Feature\Modules\Cliente\CadastroClienteTest" classname="Tests.Feature.Modules.Cliente.CadastroClienteTest" assertions="3" time="0.184475"/>
        <testcase name="test_cep_deve_ter_formato_valido" file="/var/www/html/tests/Feature/Modules/Cliente/CadastroClienteTest.php" line="90" class="Tests\Feature\Modules\Cliente\CadastroClienteTest" classname="Tests.Feature.Modules.Cliente.CadastroClienteTest" assertions="3" time="0.179213"/>
        <testcase name="test_uf_deve_ser_valida" file="/var/www/html/tests/Feature/Modules/Cliente/CadastroClienteTest.php" line="101" class="Tests\Feature\Modules\Cliente\CadastroClienteTest" classname="Tests.Feature.Modules.Cliente.CadastroClienteTest" assertions="3" time="0.173530"/>
        <testcase name="test_numero_e_complemento_sao_opcionais" file="/var/www/html/tests/Feature/Modules/Cliente/CadastroClienteTest.php" line="112" class="Tests\Feature\Modules\Cliente\CadastroClienteTest" classname="Tests.Feature.Modules.Cliente.CadastroClienteTest" assertions="2" time="0.153714"/>
        <testcase name="test_cpf_e_cnpj_devem_ser_unicos" file="/var/www/html/tests/Feature/Modules/Cliente/CadastroClienteTest.php" line="121" class="Tests\Feature\Modules\Cliente\CadastroClienteTest" classname="Tests.Feature.Modules.Cliente.CadastroClienteTest" assertions="3" time="0.165132"/>
      </testsuite>
      <testsuite name="Tests\Feature\Modules\Cliente\OrdemServicoAtualizacaoTest" file="/var/www/html/tests/Feature/Modules/OS/OrdemServicoAtualizacaoTest.php" tests="9" assertions="70" errors="0" failures="0" skipped="0" time="4.891537">
        <testcase name="test_ordem_de_servico_pode_ser_atualizada" file="/var/www/html/tests/Feature/Modules/OS/OrdemServicoAtualizacaoTest.php" line="38" class="Tests\Feature\Modules\Cliente\OrdemServicoAtualizacaoTest" classname="Tests.Feature.Modules.Cliente.OrdemServicoAtualizacaoTest" assertions="7" time="1.307774"/>
        <testcase name="test_veiculo_na_ordem_de_servico_pode_ser_corrigido" file="/var/www/html/tests/Feature/Modules/OS/OrdemServicoAtualizacaoTest.php" line="79" class="Tests\Feature\Modules\Cliente\OrdemServicoAtualizacaoTest" classname="Tests.Feature.Modules.Cliente.OrdemServicoAtualizacaoTest" assertions="7" time="0.445775"/>
        <testcase name="test_cliente_na_ordem_de_servico_pode_ser_corrigido" file="/var/www/html/tests/Feature/Modules/OS/OrdemServicoAtualizacaoTest.php" line="122" class="Tests\Feature\Modules\Cliente\OrdemServicoAtualizacaoTest" classname="Tests.Feature.Modules.Cliente.OrdemServicoAtualizacaoTest" assertions="7" time="0.449086"/>
        <testcase name="test_atendente_na_ordem_de_servico_pode_ser_corrigido" file="/var/www/html/tests/Feature/Modules/OS/OrdemServicoAtualizacaoTest.php" line="165" class="Tests\Feature\Modules\Cliente\OrdemServicoAtualizacaoTest" classname="Tests.Feature.Modules.Cliente.OrdemServicoAtualizacaoTest" assertions="7" time="0.472744"/>
        <testcase name="test_mecanico_na_ordem_de_servico_pode_ser_corrigido" file="/var/www/html/tests/Feature/Modules/OS/OrdemServicoAtualizacaoTest.php" line="209" class="Tests\Feature\Modules\Cliente\OrdemServicoAtualizacaoTest" classname="Tests.Feature.Modules.Cliente.OrdemServicoAtualizacaoTest" assertions="7" time="0.438785"/>
        <testcase name="test_usuario_nao_mecanico_nao_pode_ser_associado_como_mecanico_da_os" file="/var/www/html/tests/Feature/Modules/OS/OrdemServicoAtualizacaoTest.php" line="253" class="Tests\Feature\Modules\Cliente\OrdemServicoAtualizacaoTest" classname="Tests.Feature.Modules.Cliente.OrdemServicoAtualizacaoTest" assertions="7" time="0.456081"/>
        <testcase name="test_usuario_nao_atendente_nao_pode_ser_associado_como_atendente_da_os" file="/var/www/html/tests/Feature/Modules/OS/OrdemServicoAtualizacaoTest.php" line="294" class="Tests\Feature\Modules\Cliente\OrdemServicoAtualizacaoTest" classname="Tests.Feature.Modules.Cliente.OrdemServicoAtualizacaoTest" assertions="7" time="0.438067"/>
        <testcase name="test_atualizacao_os_nao_encontrada_lanca_model_not_found_exception" file="/var/www/html/tests/Feature/Modules/OS/OrdemServicoAtualizacaoTest.php" line="335" class="Tests\Feature\Modules\Cliente\OrdemServicoAtualizacaoTest" classname="Tests.Feature.Modules.Cliente.OrdemServicoAtualizacaoTest" assertions="11" time="0.479520"/>
        <testcase name="test_atualizacao_os_lanca_exception_generica" file="/var/www/html/tests/Feature/Modules/OS/OrdemServicoAtualizacaoTest.php" line="367" class="Tests\Feature\Modules\Cliente\OrdemServicoAtualizacaoTest" classname="Tests.Feature.Modules.Cliente.OrdemServicoAtualizacaoTest" assertions="10" time="0.403705"/>
      </testsuite>
      <testsuite name="Tests\Feature\Modules\Cliente\OrdemServicoCadastroTest" file="/var/www/html/tests/Feature/Modules/OS/OrdemServicoCadastroTest.php" tests="6" assertions="43" errors="0" failures="0" skipped="0" time="2.431913">
        <testcase name="test_ordem_de_servico_pode_ser_cadastrada" file="/var/www/html/tests/Feature/Modules/OS/OrdemServicoCadastroTest.php" line="46" class="Tests\Feature\Modules\Cliente\OrdemServicoCadastroTest" classname="Tests.Feature.Modules.Cliente.OrdemServicoCadastroTest" assertions="6" time="0.434535"/>
        <testcase name="test_ordem_de_servico_nao_pode_ser_cadastrada_quando_um_atendente_eh_informado_incorretamente" file="/var/www/html/tests/Feature/Modules/OS/OrdemServicoCadastroTest.php" line="79" class="Tests\Feature\Modules\Cliente\OrdemServicoCadastroTest" classname="Tests.Feature.Modules.Cliente.OrdemServicoCadastroTest" assertions="6" time="0.391148"/>
        <testcase name="test_ordem_de_servico_nao_pode_ser_cadastrada_quando_um_mecanico_eh_informado_incorretamente" file="/var/www/html/tests/Feature/Modules/OS/OrdemServicoCadastroTest.php" line="112" class="Tests\Feature\Modules\Cliente\OrdemServicoCadastroTest" classname="Tests.Feature.Modules.Cliente.OrdemServicoCadastroTest" assertions="6" time="0.396467"/>
        <testcase name="test_ordem_de_servico_nao_pode_ser_cadastrada_sem_um_ou_mais_dados_obrigatorios" file="/var/www/html/tests/Feature/Modules/OS/OrdemServicoCadastroTest.php" line="145" class="Tests\Feature\Modules\Cliente\OrdemServicoCadastroTest" classname="Tests.Feature.Modules.Cliente.OrdemServicoCadastroTest" assertions="6" time="0.433695"/>
        <testcase name="test_cadastro_de_os_retorna_erro_de_regra_de_negocio" file="/var/www/html/tests/Feature/Modules/OS/OrdemServicoCadastroTest.php" line="178" class="Tests\Feature\Modules\Cliente\OrdemServicoCadastroTest" classname="Tests.Feature.Modules.Cliente.OrdemServicoCadastroTest" assertions="9" time="0.381461"/>
        <testcase name="test_cadastro_de_os_retorna_erro_interno_em_excecao_generica" file="/var/www/html/tests/Feature/Modules/OS/OrdemServicoCadastroTest.php" line="201" class="Tests\Feature\Modules\Cliente\OrdemServicoCadastroTest" classname="Tests.Feature.Modules.Cliente.OrdemServicoCadastroTest" assertions="10" time="0.394606"/>
      </testsuite>
      <testsuite name="Tests\Feature\Modules\Cliente\OrdemServicoEncerramentoTest" file="/var/www/html/tests/Feature/Modules/OS/OrdemServicoEncerramentoTest.php" tests="3" assertions="24" errors="0" failures="0" skipped="0" time="1.237152">
        <testcase name="test_ordem_de_servico_pode_ser_encerrada" file="/var/www/html/tests/Feature/Modules/OS/OrdemServicoEncerramentoTest.php" line="39" class="Tests\Feature\Modules\Cliente\OrdemServicoEncerramentoTest" classname="Tests.Feature.Modules.Cliente.OrdemServicoEncerramentoTest" assertions="7" time="0.451048"/>
        <testcase name="test_metodo_encerrar_no_controller_de_os_retorna_exception_generica" file="/var/www/html/tests/Feature/Modules/OS/OrdemServicoEncerramentoTest.php" line="77" class="Tests\Feature\Modules\Cliente\OrdemServicoEncerramentoTest" classname="Tests.Feature.Modules.Cliente.OrdemServicoEncerramentoTest" assertions="8" time="0.389902"/>
        <testcase name="test_metodo_encerrar_no_controller_de_os_lanca_model_not_found_exception" file="/var/www/html/tests/Feature/Modules/OS/OrdemServicoEncerramentoTest.php" line="105" class="Tests\Feature\Modules\Cliente\OrdemServicoEncerramentoTest" classname="Tests.Feature.Modules.Cliente.OrdemServicoEncerramentoTest" assertions="9" time="0.396201"/>
      </testsuite>
      <testsuite name="Tests\Feature\Modules\Cliente\OrdemServicoListagemTest" file="/var/www/html/tests/Feature/Modules/OS/OrdemServicoListagemTest.php" tests="5" assertions="41" errors="0" failures="0" skipped="0" time="2.021166">
        <testcase name="test_listagem_deve_retornar_erro_500_quando_service_lanca_excecao" file="/var/www/html/tests/Feature/Modules/OS/OrdemServicoListagemTest.php" line="44" class="Tests\Feature\Modules\Cliente\OrdemServicoListagemTest" classname="Tests.Feature.Modules.Cliente.OrdemServicoListagemTest" assertions="9" time="0.384862"/>
        <testcase name="test_ordens_de_servico_cadastradas_podem_ser_listadas" file="/var/www/html/tests/Feature/Modules/OS/OrdemServicoListagemTest.php" line="67" class="Tests\Feature\Modules\Cliente\OrdemServicoListagemTest" classname="Tests.Feature.Modules.Cliente.OrdemServicoListagemTest" assertions="7" time="0.425735"/>
        <testcase name="test_ordem_de_servico_pode_ser_listada_informando_uuid_de_cadastro" file="/var/www/html/tests/Feature/Modules/OS/OrdemServicoListagemTest.php" line="83" class="Tests\Feature\Modules\Cliente\OrdemServicoListagemTest" classname="Tests.Feature.Modules.Cliente.OrdemServicoListagemTest" assertions="8" time="0.418707"/>
        <testcase name="test_metodo_obter_um_por_uuid_no_controller_de_os_recupera_not_found_exception" file="/var/www/html/tests/Feature/Modules/OS/OrdemServicoListagemTest.php" line="125" class="Tests\Feature\Modules\Cliente\OrdemServicoListagemTest" classname="Tests.Feature.Modules.Cliente.OrdemServicoListagemTest" assertions="9" time="0.376133"/>
        <testcase name="test_metodo_obter_um_por_uuid_no_controller_de_os_recupera_exception_generica" file="/var/www/html/tests/Feature/Modules/OS/OrdemServicoListagemTest.php" line="157" class="Tests\Feature\Modules\Cliente\OrdemServicoListagemTest" classname="Tests.Feature.Modules.Cliente.OrdemServicoListagemTest" assertions="8" time="0.415728"/>
      </testsuite>
      <testsuite name="Tests\Feature\Modules\Cliente\OrdemServicoRemocaoTest" file="/var/www/html/tests/Feature/Modules/OS/OrdemServicoRemocaoTest.php" tests="5" assertions="39" errors="0" failures="0" skipped="0" time="2.102158">
        <testcase name="test_ordem_de_servico_pode_ser_removida" file="/var/www/html/tests/Feature/Modules/OS/OrdemServicoRemocaoTest.php" line="38" class="Tests\Feature\Modules\Cliente\OrdemServicoRemocaoTest" classname="Tests.Feature.Modules.Cliente.OrdemServicoRemocaoTest" assertions="8" time="0.442894"/>
        <testcase name="test_ordem_de_servico_nao_pode_ser_removida_sem_um_uuid_valido" file="/var/www/html/tests/Feature/Modules/OS/OrdemServicoRemocaoTest.php" line="76" class="Tests\Feature\Modules\Cliente\OrdemServicoRemocaoTest" classname="Tests.Feature.Modules.Cliente.OrdemServicoRemocaoTest" assertions="7" time="0.438348"/>
        <testcase name="test_remocao_ordem_inexistente_lanca_model_not_found" file="/var/www/html/tests/Feature/Modules/OS/OrdemServicoRemocaoTest.php" line="114" class="Tests\Feature\Modules\Cliente\OrdemServicoRemocaoTest" classname="Tests.Feature.Modules.Cliente.OrdemServicoRemocaoTest" assertions="8" time="0.388393"/>
        <testcase name="test_remocao_ordem_lanca_excecao_generica" file="/var/www/html/tests/Feature/Modules/OS/OrdemServicoRemocaoTest.php" line="146" class="Tests\Feature\Modules\Cliente\OrdemServicoRemocaoTest" classname="Tests.Feature.Modules.Cliente.OrdemServicoRemocaoTest" assertions="8" time="0.411530"/>
        <testcase name="test_remocao_ordem_sucesso" file="/var/www/html/tests/Feature/Modules/OS/OrdemServicoRemocaoTest.php" line="173" class="Tests\Feature\Modules\Cliente\OrdemServicoRemocaoTest" classname="Tests.Feature.Modules.Cliente.OrdemServicoRemocaoTest" assertions="8" time="0.420993"/>
      </testsuite>
      <testsuite name="Tests\Feature\Modules\PecaInsumo\PecaInsumoAtualizacaoTest" file="/var/www/html/tests/Feature/Modules/PecaInsumo/PecaInsumoAtualizacaoTest.php" tests="7" assertions="27" errors="0" failures="0" skipped="0" time="1.320973">
        <testcase name="test_atualizar_peca_insumo_por_uuid" file="/var/www/html/tests/Feature/Modules/PecaInsumo/PecaInsumoAtualizacaoTest.php" line="34" class="Tests\Feature\Modules\PecaInsumo\PecaInsumoAtualizacaoTest" classname="Tests.Feature.Modules.PecaInsumo.PecaInsumoAtualizacaoTest" assertions="10" time="0.283118"/>
        <testcase name="test_atualizar_servico_por_uuid_que_nao_existe" file="/var/www/html/tests/Feature/Modules/PecaInsumo/PecaInsumoAtualizacaoTest.php" line="64" class="Tests\Feature\Modules\PecaInsumo\PecaInsumoAtualizacaoTest" classname="Tests.Feature.Modules.PecaInsumo.PecaInsumoAtualizacaoTest" assertions="2" time="0.164058"/>
        <testcase name="test_atualizar_peca_insumo_com_dados_invalidos" file="/var/www/html/tests/Feature/Modules/PecaInsumo/PecaInsumoAtualizacaoTest.php" line="75" class="Tests\Feature\Modules\PecaInsumo\PecaInsumoAtualizacaoTest" classname="Tests.Feature.Modules.PecaInsumo.PecaInsumoAtualizacaoTest" assertions="2" time="0.175210"/>
        <testcase name="test_atualizar_peca_insumo_com_uuid_mal_formado" file="/var/www/html/tests/Feature/Modules/PecaInsumo/PecaInsumoAtualizacaoTest.php" line="94" class="Tests\Feature\Modules\PecaInsumo\PecaInsumoAtualizacaoTest" classname="Tests.Feature.Modules.PecaInsumo.PecaInsumoAtualizacaoTest" assertions="2" time="0.187596"/>
        <testcase name="test_atualizar_peca_insumo_sem_payload" file="/var/www/html/tests/Feature/Modules/PecaInsumo/PecaInsumoAtualizacaoTest.php" line="103" class="Tests\Feature\Modules\PecaInsumo\PecaInsumoAtualizacaoTest" classname="Tests.Feature.Modules.PecaInsumo.PecaInsumoAtualizacaoTest" assertions="2" time="0.181472"/>
        <testcase name="test_atualizar_peca_insumo_com_erro_interno" file="/var/www/html/tests/Feature/Modules/PecaInsumo/PecaInsumoAtualizacaoTest.php" line="112" class="Tests\Feature\Modules\PecaInsumo\PecaInsumoAtualizacaoTest" classname="Tests.Feature.Modules.PecaInsumo.PecaInsumoAtualizacaoTest" assertions="3" time="0.167498"/>
        <testcase name="test_atualizar_peca_insumo_com_database_exception" file="/var/www/html/tests/Feature/Modules/PecaInsumo/PecaInsumoAtualizacaoTest.php" line="127" class="Tests\Feature\Modules\PecaInsumo\PecaInsumoAtualizacaoTest" classname="Tests.Feature.Modules.PecaInsumo.PecaInsumoAtualizacaoTest" assertions="6" time="0.162020"/>
      </testsuite>
      <testsuite name="Tests\Feature\Modules\PecaInsumo\PecaInsumoCadastroTest" file="/var/www/html/tests/Feature/Modules/PecaInsumo/PecaInsumoCadastroTest.php" tests="5" assertions="12" errors="0" failures="0" skipped="0" time="0.812365">
        <testcase name="test_cadastrar_peca_insumo" file="/var/www/html/tests/Feature/Modules/PecaInsumo/PecaInsumoCadastroTest.php" line="33" class="Tests\Feature\Modules\PecaInsumo\PecaInsumoCadastroTest" classname="Tests.Feature.Modules.PecaInsumo.PecaInsumoCadastroTest" assertions="3" time="0.171498"/>
        <testcase name="test_descricao_eh_obrigatoria_e_deve_ter_minimo_3_caracteres" file="/var/www/html/tests/Feature/Modules/PecaInsumo/PecaInsumoCadastroTest.php" line="41" class="Tests\Feature\Modules\PecaInsumo\PecaInsumoCadastroTest" classname="Tests.Feature.Modules.PecaInsumo.PecaInsumoCadastroTest" assertions="2" time="0.176037"/>
        <testcase name="test_valor_do_peca_insumo_deve_ser_maior_que_zero" file="/var/www/html/tests/Feature/Modules/PecaInsumo/PecaInsumoCadastroTest.php" line="49" class="Tests\Feature\Modules\PecaInsumo\PecaInsumoCadastroTest" classname="Tests.Feature.Modules.PecaInsumo.PecaInsumoCadastroTest" assertions="2" time="0.159459"/>
        <testcase name="test_status_do_peca_insumo_deve_ser_ativo_ou_inativo" file="/var/www/html/tests/Feature/Modules/PecaInsumo/PecaInsumoCadastroTest.php" line="58" class="Tests\Feature\Modules\PecaInsumo\PecaInsumoCadastroTest" classname="Tests.Feature.Modules.PecaInsumo.PecaInsumoCadastroTest" assertions="2" time="0.157856"/>
        <testcase name="test_cadastrar_peca_insumo_com_erro_interno" file="/var/www/html/tests/Feature/Modules/PecaInsumo/PecaInsumoCadastroTest.php" line="67" class="Tests\Feature\Modules\PecaInsumo\PecaInsumoCadastroTest" classname="Tests.Feature.Modules.PecaInsumo.PecaInsumoCadastroTest" assertions="3" time="0.147514"/>
      </testsuite>
      <testsuite name="Tests\Feature\Modules\PecaInsumo\PecaInsumoListagemTest" file="/var/www/html/tests/Feature/Modules/PecaInsumo/PecaInsumoListagemTest.php" tests="2" assertions="5" errors="0" failures="0" skipped="0" time="0.320828">
        <testcase name="test_listar_todos_peca_insumos" file="/var/www/html/tests/Feature/Modules/PecaInsumo/PecaInsumoListagemTest.php" line="20" class="Tests\Feature\Modules\PecaInsumo\PecaInsumoListagemTest" classname="Tests.Feature.Modules.PecaInsumo.PecaInsumoListagemTest" assertions="2" time="0.180564"/>
        <testcase name="test_listar_peca_insumos_com_erro_interno" file="/var/www/html/tests/Feature/Modules/PecaInsumo/PecaInsumoListagemTest.php" line="28" class="Tests\Feature\Modules\PecaInsumo\PecaInsumoListagemTest" classname="Tests.Feature.Modules.PecaInsumo.PecaInsumoListagemTest" assertions="3" time="0.140264"/>
      </testsuite>
      <testsuite name="Tests\Feature\Modules\PecaInsumo\PecaInsumoObterPorUuidTest" file="/var/www/html/tests/Feature/Modules/PecaInsumo/PecaInsumoObterPorUuidTest.php" tests="4" assertions="10" errors="0" failures="0" skipped="0" time="0.893741">
        <testcase name="test_obter_peca_insumo_por_uuid_que_nao_existe" file="/var/www/html/tests/Feature/Modules/PecaInsumo/PecaInsumoObterPorUuidTest.php" line="20" class="Tests\Feature\Modules\PecaInsumo\PecaInsumoObterPorUuidTest" classname="Tests.Feature.Modules.PecaInsumo.PecaInsumoObterPorUuidTest" assertions="2" time="0.164575"/>
        <testcase name="test_obter_peca_insumo_por_uuid" file="/var/www/html/tests/Feature/Modules/PecaInsumo/PecaInsumoObterPorUuidTest.php" line="29" class="Tests\Feature\Modules\PecaInsumo\PecaInsumoObterPorUuidTest" classname="Tests.Feature.Modules.PecaInsumo.PecaInsumoObterPorUuidTest" assertions="2" time="0.159892"/>
        <testcase name="test_obter_peca_insumo_com_encoding_error" file="/var/www/html/tests/Feature/Modules/PecaInsumo/PecaInsumoObterPorUuidTest.php" line="36" class="Tests\Feature\Modules\PecaInsumo\PecaInsumoObterPorUuidTest" classname="Tests.Feature.Modules.PecaInsumo.PecaInsumoObterPorUuidTest" assertions="3" time="0.409098"/>
        <testcase name="test_obter_peca_insumo_com_erro_generico" file="/var/www/html/tests/Feature/Modules/PecaInsumo/PecaInsumoObterPorUuidTest.php" line="54" class="Tests\Feature\Modules\PecaInsumo\PecaInsumoObterPorUuidTest" classname="Tests.Feature.Modules.PecaInsumo.PecaInsumoObterPorUuidTest" assertions="3" time="0.160176"/>
      </testsuite>
      <testsuite name="Tests\Feature\Modules\PecaInsumo\PecaInsumoRemocaoTest" file="/var/www/html/tests/Feature/Modules/PecaInsumo/PecaInsumoRemocaoTest.php" tests="3" assertions="8" errors="0" failures="0" skipped="0" time="0.522030">
        <testcase name="test_remocao_logica_do_peca_insumo_por_uuid" file="/var/www/html/tests/Feature/Modules/PecaInsumo/PecaInsumoRemocaoTest.php" line="20" class="Tests\Feature\Modules\PecaInsumo\PecaInsumoRemocaoTest" classname="Tests.Feature.Modules.PecaInsumo.PecaInsumoRemocaoTest" assertions="3" time="0.179990"/>
        <testcase name="test_remocao_logica_do_peca_insumo_por_uuid_que_nao_existe" file="/var/www/html/tests/Feature/Modules/PecaInsumo/PecaInsumoRemocaoTest.php" line="30" class="Tests\Feature\Modules\PecaInsumo\PecaInsumoRemocaoTest" classname="Tests.Feature.Modules.PecaInsumo.PecaInsumoRemocaoTest" assertions="2" time="0.173987"/>
        <testcase name="test_remocao_peca_insumo_com_erro_interno" file="/var/www/html/tests/Feature/Modules/PecaInsumo/PecaInsumoRemocaoTest.php" line="37" class="Tests\Feature\Modules\PecaInsumo\PecaInsumoRemocaoTest" classname="Tests.Feature.Modules.PecaInsumo.PecaInsumoRemocaoTest" assertions="3" time="0.168053"/>
      </testsuite>
      <testsuite name="Tests\Feature\PecaInsumoTest" file="/var/www/html/tests/Feature/Modules/PecaInsumo/PecaInsumoTest.php" tests="41" assertions="67" errors="0" failures="0" skipped="0" time="6.103892">
        <testcase name="test_listagem_dto_retorna_array_vazio_inicialmente" file="/var/www/html/tests/Feature/Modules/PecaInsumo/PecaInsumoTest.php" line="23" class="Tests\Feature\PecaInsumoTest" classname="Tests.Feature.PecaInsumoTest" assertions="2" time="0.160086"/>
        <testcase name="test_cadastro_dto_aceita_dados_peca_Insumo" file="/var/www/html/tests/Feature/Modules/PecaInsumo/PecaInsumoTest.php" line="36" class="Tests\Feature\PecaInsumoTest" classname="Tests.Feature.PecaInsumoTest" assertions="5" time="0.148643"/>
        <testcase name="test_peca_Insumo_model_pode_ser_instanciado" file="/var/www/html/tests/Feature/Modules/PecaInsumo/PecaInsumoTest.php" line="62" class="Tests\Feature\PecaInsumoTest" classname="Tests.Feature.PecaInsumoTest" assertions="1" time="0.167747"/>
        <testcase name="test_peca_Insumo_model_tem_tabela_correta" file="/var/www/html/tests/Feature/Modules/PecaInsumo/PecaInsumoTest.php" line="71" class="Tests\Feature\PecaInsumoTest" classname="Tests.Feature.PecaInsumoTest" assertions="1" time="0.154232"/>
        <testcase name="test_peca_Insumo_model_tem_fillable_corretos" file="/var/www/html/tests/Feature/Modules/PecaInsumo/PecaInsumoTest.php" line="81" class="Tests\Feature\PecaInsumoTest" classname="Tests.Feature.PecaInsumoTest" assertions="1" time="0.166426"/>
        <testcase name="test_peca_Insumo_model_pode_receber_dados_construtor" file="/var/www/html/tests/Feature/Modules/PecaInsumo/PecaInsumoTest.php" line="105" class="Tests\Feature\PecaInsumoTest" classname="Tests.Feature.PecaInsumoTest" assertions="5" time="0.165356"/>
        <testcase name="test_peca_Insumo_model_timestamps_desabilitados" file="/var/www/html/tests/Feature/Modules/PecaInsumo/PecaInsumoTest.php" line="130" class="Tests\Feature\PecaInsumoTest" classname="Tests.Feature.PecaInsumoTest" assertions="1" time="0.170063"/>
        <testcase name="test_peca_Insumo_repository_pode_ser_instanciado" file="/var/www/html/tests/Feature/Modules/PecaInsumo/PecaInsumoTest.php" line="142" class="Tests\Feature\PecaInsumoTest" classname="Tests.Feature.PecaInsumoTest" assertions="1" time="0.165349"/>
        <testcase name="test_peca_Insumo_repository_herda_abstract_repository" file="/var/www/html/tests/Feature/Modules/PecaInsumo/PecaInsumoTest.php" line="152" class="Tests\Feature\PecaInsumoTest" classname="Tests.Feature.PecaInsumoTest" assertions="1" time="0.154253"/>
        <testcase name="test_peca_Insumo_repository_implementa_interface" file="/var/www/html/tests/Feature/Modules/PecaInsumo/PecaInsumoTest.php" line="162" class="Tests\Feature\PecaInsumoTest" classname="Tests.Feature.PecaInsumoTest" assertions="1" time="0.150957"/>
        <testcase name="test_peca_Insumo_repository_tem_model_correto" file="/var/www/html/tests/Feature/Modules/PecaInsumo/PecaInsumoTest.php" line="172" class="Tests\Feature\PecaInsumoTest" classname="Tests.Feature.PecaInsumoTest" assertions="1" time="0.179554"/>
        <testcase name="test_peca_Insumo_repository_tem_metodos_obrigatorios" file="/var/www/html/tests/Feature/Modules/PecaInsumo/PecaInsumoTest.php" line="182" class="Tests\Feature\PecaInsumoTest" classname="Tests.Feature.PecaInsumoTest" assertions="6" time="0.177548"/>
        <testcase name="test_peca_Insumo_service_pode_ser_instanciado" file="/var/www/html/tests/Feature/Modules/PecaInsumo/PecaInsumoTest.php" line="197" class="Tests\Feature\PecaInsumoTest" classname="Tests.Feature.PecaInsumoTest" assertions="1" time="0.165076"/>
        <testcase name="test_atualizacao_retorna_array_vazio_quando_dados_vazios" file="/var/www/html/tests/Feature/Modules/PecaInsumo/PecaInsumoTest.php" line="205" class="Tests\Feature\PecaInsumoTest" classname="Tests.Feature.PecaInsumoTest" assertions="4" time="0.169843"/>
        <testcase name="test_peca_Insumo_service_tem_metodo_listagem" file="/var/www/html/tests/Feature/Modules/PecaInsumo/PecaInsumoTest.php" line="230" class="Tests\Feature\PecaInsumoTest" classname="Tests.Feature.PecaInsumoTest" assertions="1" time="0.141878"/>
        <testcase name="test_peca_Insumo_service_tem_metodo_cadastro" file="/var/www/html/tests/Feature/Modules/PecaInsumo/PecaInsumoTest.php" line="238" class="Tests\Feature\PecaInsumoTest" classname="Tests.Feature.PecaInsumoTest" assertions="1" time="0.149896"/>
        <testcase name="test_peca_Insumo_service_tem_metodo_obter_um_por_uuid" file="/var/www/html/tests/Feature/Modules/PecaInsumo/PecaInsumoTest.php" line="246" class="Tests\Feature\PecaInsumoTest" classname="Tests.Feature.PecaInsumoTest" assertions="1" time="0.149319"/>
        <testcase name="test_peca_Insumo_service_tem_metodo_remocao" file="/var/www/html/tests/Feature/Modules/PecaInsumo/PecaInsumoTest.php" line="254" class="Tests\Feature\PecaInsumoTest" classname="Tests.Feature.PecaInsumoTest" assertions="1" time="0.156596"/>
        <testcase name="test_peca_Insumo_service_tem_metodo_atualizacao" file="/var/www/html/tests/Feature/Modules/PecaInsumo/PecaInsumoTest.php" line="262" class="Tests\Feature\PecaInsumoTest" classname="Tests.Feature.PecaInsumoTest" assertions="1" time="0.139773"/>
        <testcase name="test_peca_Insumo_service_recebe_repository_construtor" file="/var/www/html/tests/Feature/Modules/PecaInsumo/PecaInsumoTest.php" line="270" class="Tests\Feature\PecaInsumoTest" classname="Tests.Feature.PecaInsumoTest" assertions="1" time="0.144084"/>
        <testcase name="test_peca_Insumo_controller_pode_ser_instanciado" file="/var/www/html/tests/Feature/Modules/PecaInsumo/PecaInsumoTest.php" line="284" class="Tests\Feature\PecaInsumoTest" classname="Tests.Feature.PecaInsumoTest" assertions="1" time="0.128969"/>
        <testcase name="test_peca_Insumo_controller_herda_controller_base" file="/var/www/html/tests/Feature/Modules/PecaInsumo/PecaInsumoTest.php" line="296" class="Tests\Feature\PecaInsumoTest" classname="Tests.Feature.PecaInsumoTest" assertions="1" time="0.129347"/>
        <testcase name="test_peca_Insumo_controller_tem_metodo_listagem" file="/var/www/html/tests/Feature/Modules/PecaInsumo/PecaInsumoTest.php" line="308" class="Tests\Feature\PecaInsumoTest" classname="Tests.Feature.PecaInsumoTest" assertions="1" time="0.144043"/>
        <testcase name="test_peca_Insumo_controller_tem_metodo_cadastro" file="/var/www/html/tests/Feature/Modules/PecaInsumo/PecaInsumoTest.php" line="316" class="Tests\Feature\PecaInsumoTest" classname="Tests.Feature.PecaInsumoTest" assertions="1" time="0.141287"/>
        <testcase name="test_peca_Insumo_controller_tem_metodo_obter_um_por_uuid" file="/var/www/html/tests/Feature/Modules/PecaInsumo/PecaInsumoTest.php" line="324" class="Tests\Feature\PecaInsumoTest" classname="Tests.Feature.PecaInsumoTest" assertions="1" time="0.151629"/>
        <testcase name="test_peca_Insumo_controller_tem_metodo_remocao" file="/var/www/html/tests/Feature/Modules/PecaInsumo/PecaInsumoTest.php" line="332" class="Tests\Feature\PecaInsumoTest" classname="Tests.Feature.PecaInsumoTest" assertions="1" time="0.151728"/>
        <testcase name="test_peca_Insumo_controller_tem_metodo_atualizacao" file="/var/www/html/tests/Feature/Modules/PecaInsumo/PecaInsumoTest.php" line="340" class="Tests\Feature\PecaInsumoTest" classname="Tests.Feature.PecaInsumoTest" assertions="1" time="0.127400"/>
        <testcase name="test_peca_Insumo_controller_recebe_service_construtor" file="/var/www/html/tests/Feature/Modules/PecaInsumo/PecaInsumoTest.php" line="348" class="Tests\Feature\PecaInsumoTest" classname="Tests.Feature.PecaInsumoTest" assertions="1" time="0.131723"/>
        <testcase name="test_peca_Insumo_cadastro_request_pode_ser_instanciado" file="/var/www/html/tests/Feature/Modules/PecaInsumo/PecaInsumoTest.php" line="363" class="Tests\Feature\PecaInsumoTest" classname="Tests.Feature.PecaInsumoTest" assertions="1" time="0.132449"/>
        <testcase name="test_peca_Insumo_cadastro_request_herda_form_request" file="/var/www/html/tests/Feature/Modules/PecaInsumo/PecaInsumoTest.php" line="373" class="Tests\Feature\PecaInsumoTest" classname="Tests.Feature.PecaInsumoTest" assertions="1" time="0.136967"/>
        <testcase name="test_peca_Insumo_cadastro_request_tem_metodo_rules" file="/var/www/html/tests/Feature/Modules/PecaInsumo/PecaInsumoTest.php" line="383" class="Tests\Feature\PecaInsumoTest" classname="Tests.Feature.PecaInsumoTest" assertions="1" time="0.138698"/>
        <testcase name="test_peca_Insumo_cadastro_request_tem_metodo_to_dto" file="/var/www/html/tests/Feature/Modules/PecaInsumo/PecaInsumoTest.php" line="391" class="Tests\Feature\PecaInsumoTest" classname="Tests.Feature.PecaInsumoTest" assertions="1" time="0.154824"/>
        <testcase name="test_peca_Insumo_listagem_request_pode_ser_instanciado" file="/var/www/html/tests/Feature/Modules/PecaInsumo/PecaInsumoTest.php" line="399" class="Tests\Feature\PecaInsumoTest" classname="Tests.Feature.PecaInsumoTest" assertions="1" time="0.137657"/>
        <testcase name="test_peca_Insumo_obter_um_por_uuid_request_pode_ser_instanciado" file="/var/www/html/tests/Feature/Modules/PecaInsumo/PecaInsumoTest.php" line="409" class="Tests\Feature\PecaInsumoTest" classname="Tests.Feature.PecaInsumoTest" assertions="1" time="0.129698"/>
        <testcase name="test_peca_Insumo_atualizacao_request_pode_ser_instanciado" file="/var/www/html/tests/Feature/Modules/PecaInsumo/PecaInsumoTest.php" line="419" class="Tests\Feature\PecaInsumoTest" classname="Tests.Feature.PecaInsumoTest" assertions="1" time="0.133141"/>
        <testcase name="test_peca_Insumo_pode_definir_rotas" file="/var/www/html/tests/Feature/Modules/PecaInsumo/PecaInsumoTest.php" line="431" class="Tests\Feature\PecaInsumoTest" classname="Tests.Feature.PecaInsumoTest" assertions="2" time="0.130741"/>
        <testcase name="test_peca_Insumo_controller_namespace_correto" file="/var/www/html/tests/Feature/Modules/PecaInsumo/PecaInsumoTest.php" line="441" class="Tests\Feature\PecaInsumoTest" classname="Tests.Feature.PecaInsumoTest" assertions="1" time="0.152655"/>
        <testcase name="test_peca_Insumo_controller_tem_metodos_para_rotas" file="/var/www/html/tests/Feature/Modules/PecaInsumo/PecaInsumoTest.php" line="452" class="Tests\Feature\PecaInsumoTest" classname="Tests.Feature.PecaInsumoTest" assertions="5" time="0.128620"/>
        <testcase name="test_peca_Insumo_constantes_http_disponiveis" file="/var/www/html/tests/Feature/Modules/PecaInsumo/PecaInsumoTest.php" line="466" class="Tests\Feature\PecaInsumoTest" classname="Tests.Feature.PecaInsumoTest" assertions="3" time="0.154237"/>
        <testcase name="test_peca_Insumo_controller_tem_anotacoes_openapi" file="/var/www/html/tests/Feature/Modules/PecaInsumo/PecaInsumoTest.php" line="478" class="Tests\Feature\PecaInsumoTest" classname="Tests.Feature.PecaInsumoTest" assertions="1" time="0.153274"/>
        <testcase name="test_peca_Insumo_controller_listagem_tem_swagger" file="/var/www/html/tests/Feature/Modules/PecaInsumo/PecaInsumoTest.php" line="498" class="Tests\Feature\PecaInsumoTest" classname="Tests.Feature.PecaInsumoTest" assertions="3" time="0.138128"/>
      </testsuite>
      <testsuite name="Tests\Feature\Modules\Servico\ServicoAtualizacaoTest" file="/var/www/html/tests/Feature/Modules/Servico/ServicoAtualizacaoTest.php" tests="3" assertions="16" errors="0" failures="0" skipped="0" time="0.531983">
        <testcase name="test_atualizar_servico_por_uuid" file="/var/www/html/tests/Feature/Modules/Servico/ServicoAtualizacaoTest.php" line="30" class="Tests\Feature\Modules\Servico\ServicoAtualizacaoTest" classname="Tests.Feature.Modules.Servico.ServicoAtualizacaoTest" assertions="12" time="0.222404"/>
        <testcase name="test_atualizar_servico_por_uuid_que_nao_existe" file="/var/www/html/tests/Feature/Modules/Servico/ServicoAtualizacaoTest.php" line="57" class="Tests\Feature\Modules\Servico\ServicoAtualizacaoTest" classname="Tests.Feature.Modules.Servico.ServicoAtualizacaoTest" assertions="2" time="0.156156"/>
        <testcase name="test_atualizar_servico_por_uuid_com_formato_invalido" file="/var/www/html/tests/Feature/Modules/Servico/ServicoAtualizacaoTest.php" line="68" class="Tests\Feature\Modules\Servico\ServicoAtualizacaoTest" classname="Tests.Feature.Modules.Servico.ServicoAtualizacaoTest" assertions="2" time="0.153423"/>
      </testsuite>
      <testsuite name="Tests\Feature\Modules\Servico\ServicoCadastroTest" file="/var/www/html/tests/Feature/Modules/Servico/ServicoCadastroTest.php" tests="5" assertions="16" errors="0" failures="0" skipped="0" time="0.844589">
        <testcase name="test_cadastrar_servico" file="/var/www/html/tests/Feature/Modules/Servico/ServicoCadastroTest.php" line="29" class="Tests\Feature\Modules\Servico\ServicoCadastroTest" classname="Tests.Feature.Modules.Servico.ServicoCadastroTest" assertions="3" time="0.184520"/>
        <testcase name="test_descricao_eh_obrigatoria_e_deve_ter_minimo_3_caracteres" file="/var/www/html/tests/Feature/Modules/Servico/ServicoCadastroTest.php" line="37" class="Tests\Feature\Modules\Servico\ServicoCadastroTest" classname="Tests.Feature.Modules.Servico.ServicoCadastroTest" assertions="3" time="0.181817"/>
        <testcase name="test_descricao_do_servico_deve_ser_unica" file="/var/www/html/tests/Feature/Modules/Servico/ServicoCadastroTest.php" line="45" class="Tests\Feature\Modules\Servico\ServicoCadastroTest" classname="Tests.Feature.Modules.Servico.ServicoCadastroTest" assertions="4" time="0.170173"/>
        <testcase name="test_valor_do_servico_deve_ser_maior_que_zero" file="/var/www/html/tests/Feature/Modules/Servico/ServicoCadastroTest.php" line="62" class="Tests\Feature\Modules\Servico\ServicoCadastroTest" classname="Tests.Feature.Modules.Servico.ServicoCadastroTest" assertions="3" time="0.153154"/>
        <testcase name="test_status_do_servico_deve_ser_ativo_ou_inativo" file="/var/www/html/tests/Feature/Modules/Servico/ServicoCadastroTest.php" line="71" class="Tests\Feature\Modules\Servico\ServicoCadastroTest" classname="Tests.Feature.Modules.Servico.ServicoCadastroTest" assertions="3" time="0.154925"/>
      </testsuite>
      <testsuite name="Tests\Feature\Modules\Servico\ServicoListagemTest" file="/var/www/html/tests/Feature/Modules/Servico/ServicoListagemTest.php" tests="4" assertions="30" errors="0" failures="0" skipped="0" time="0.690629">
        <testcase name="test_listar_todos_servicos" file="/var/www/html/tests/Feature/Modules/Servico/ServicoListagemTest.php" line="20" class="Tests\Feature\Modules\Servico\ServicoListagemTest" classname="Tests.Feature.Modules.Servico.ServicoListagemTest" assertions="14" time="0.190523"/>
        <testcase name="test_listar_servico_por_uuid" file="/var/www/html/tests/Feature/Modules/Servico/ServicoListagemTest.php" line="44" class="Tests\Feature\Modules\Servico\ServicoListagemTest" classname="Tests.Feature.Modules.Servico.ServicoListagemTest" assertions="12" time="0.171058"/>
        <testcase name="test_listar_servico_por_uuid_que_nao_existe" file="/var/www/html/tests/Feature/Modules/Servico/ServicoListagemTest.php" line="66" class="Tests\Feature\Modules\Servico\ServicoListagemTest" classname="Tests.Feature.Modules.Servico.ServicoListagemTest" assertions="2" time="0.162283"/>
        <testcase name="test_listar_servico_por_uuid_com_formato_invalido" file="/var/www/html/tests/Feature/Modules/Servico/ServicoListagemTest.php" line="73" class="Tests\Feature\Modules\Servico\ServicoListagemTest" classname="Tests.Feature.Modules.Servico.ServicoListagemTest" assertions="2" time="0.166766"/>
      </testsuite>
      <testsuite name="Tests\Feature\Modules\Servico\ServicoRemocaoTest" file="/var/www/html/tests/Feature/Modules/Servico/ServicoRemocaoTest.php" tests="3" assertions="8" errors="0" failures="0" skipped="0" time="0.484797">
        <testcase name="test_exclusao_logica_do_servico_por_uuid" file="/var/www/html/tests/Feature/Modules/Servico/ServicoRemocaoTest.php" line="20" class="Tests\Feature\Modules\Servico\ServicoRemocaoTest" classname="Tests.Feature.Modules.Servico.ServicoRemocaoTest" assertions="4" time="0.164139"/>
        <testcase name="test_exclusao_logica_do_servico_por_uuid_que_nao_existe" file="/var/www/html/tests/Feature/Modules/Servico/ServicoRemocaoTest.php" line="30" class="Tests\Feature\Modules\Servico\ServicoRemocaoTest" classname="Tests.Feature.Modules.Servico.ServicoRemocaoTest" assertions="2" time="0.161122"/>
        <testcase name="test_exclusao_logica_do_servico_por_uuid_com_formato_invalido" file="/var/www/html/tests/Feature/Modules/Servico/ServicoRemocaoTest.php" line="37" class="Tests\Feature\Modules\Servico\ServicoRemocaoTest" classname="Tests.Feature.Modules.Servico.ServicoRemocaoTest" assertions="2" time="0.159536"/>
      </testsuite>
      <testsuite name="Tests\Feature\ServicoTest" file="/var/www/html/tests/Feature/Modules/Servico/ServicoTest.php" tests="41" assertions="64" errors="0" failures="0" skipped="0" time="5.686950">
        <testcase name="test_servico_dto_retorna_array_vazio_inicialmente" file="/var/www/html/tests/Feature/Modules/Servico/ServicoTest.php" line="15" class="Tests\Feature\ServicoTest" classname="Tests.Feature.ServicoTest" assertions="2" time="0.162174"/>
        <testcase name="test_cadastro_dto_aceita_dados_servico" file="/var/www/html/tests/Feature/Modules/Servico/ServicoTest.php" line="25" class="Tests\Feature\ServicoTest" classname="Tests.Feature.ServicoTest" assertions="4" time="0.156424"/>
        <testcase name="test_servico_model_pode_ser_instanciado" file="/var/www/html/tests/Feature/Modules/Servico/ServicoTest.php" line="41" class="Tests\Feature\ServicoTest" classname="Tests.Feature.ServicoTest" assertions="1" time="0.137221"/>
        <testcase name="test_servico_model_tem_tabela_correta" file="/var/www/html/tests/Feature/Modules/Servico/ServicoTest.php" line="47" class="Tests\Feature\ServicoTest" classname="Tests.Feature.ServicoTest" assertions="1" time="0.130800"/>
        <testcase name="test_servico_model_tem_fillable_corretos" file="/var/www/html/tests/Feature/Modules/Servico/ServicoTest.php" line="54" class="Tests\Feature\ServicoTest" classname="Tests.Feature.ServicoTest" assertions="1" time="0.132602"/>
        <testcase name="test_servico_model_pode_receber_dados_construtor" file="/var/www/html/tests/Feature/Modules/Servico/ServicoTest.php" line="72" class="Tests\Feature\ServicoTest" classname="Tests.Feature.ServicoTest" assertions="3" time="0.130230"/>
        <testcase name="test_servico_model_timestamps_desabilitados" file="/var/www/html/tests/Feature/Modules/Servico/ServicoTest.php" line="87" class="Tests\Feature\ServicoTest" classname="Tests.Feature.ServicoTest" assertions="1" time="0.143159"/>
        <testcase name="test_servico_repository_pode_ser_instanciado" file="/var/www/html/tests/Feature/Modules/Servico/ServicoTest.php" line="96" class="Tests\Feature\ServicoTest" classname="Tests.Feature.ServicoTest" assertions="1" time="0.156288"/>
        <testcase name="test_servico_repository_herda_abstract_repository" file="/var/www/html/tests/Feature/Modules/Servico/ServicoTest.php" line="103" class="Tests\Feature\ServicoTest" classname="Tests.Feature.ServicoTest" assertions="1" time="0.159412"/>
        <testcase name="test_servico_repository_implementa_interface" file="/var/www/html/tests/Feature/Modules/Servico/ServicoTest.php" line="110" class="Tests\Feature\ServicoTest" classname="Tests.Feature.ServicoTest" assertions="1" time="0.134799"/>
        <testcase name="test_servico_repository_tem_model_correto" file="/var/www/html/tests/Feature/Modules/Servico/ServicoTest.php" line="117" class="Tests\Feature\ServicoTest" classname="Tests.Feature.ServicoTest" assertions="1" time="0.130944"/>
        <testcase name="test_servico_repository_tem_metodos_obrigatorios" file="/var/www/html/tests/Feature/Modules/Servico/ServicoTest.php" line="124" class="Tests\Feature\ServicoTest" classname="Tests.Feature.ServicoTest" assertions="6" time="0.129884"/>
        <testcase name="test_servico_service_pode_ser_instanciado" file="/var/www/html/tests/Feature/Modules/Servico/ServicoTest.php" line="136" class="Tests\Feature\ServicoTest" classname="Tests.Feature.ServicoTest" assertions="1" time="0.131458"/>
        <testcase name="test_atualizacao_retorna_array_vazio_quando_dados_vazios" file="/var/www/html/tests/Feature/Modules/Servico/ServicoTest.php" line="144" class="Tests\Feature\ServicoTest" classname="Tests.Feature.ServicoTest" assertions="4" time="0.136591"/>
        <testcase name="test_servico_service_tem_metodo_listagem" file="/var/www/html/tests/Feature/Modules/Servico/ServicoTest.php" line="166" class="Tests\Feature\ServicoTest" classname="Tests.Feature.ServicoTest" assertions="1" time="0.157121"/>
        <testcase name="test_servico_service_tem_metodo_cadastro" file="/var/www/html/tests/Feature/Modules/Servico/ServicoTest.php" line="171" class="Tests\Feature\ServicoTest" classname="Tests.Feature.ServicoTest" assertions="1" time="0.142415"/>
        <testcase name="test_servico_service_tem_metodo_obter_um_por_uuid" file="/var/www/html/tests/Feature/Modules/Servico/ServicoTest.php" line="176" class="Tests\Feature\ServicoTest" classname="Tests.Feature.ServicoTest" assertions="1" time="0.127722"/>
        <testcase name="test_servico_service_tem_metodo_remocao" file="/var/www/html/tests/Feature/Modules/Servico/ServicoTest.php" line="181" class="Tests\Feature\ServicoTest" classname="Tests.Feature.ServicoTest" assertions="1" time="0.127468"/>
        <testcase name="test_servico_service_tem_metodo_atualizacao" file="/var/www/html/tests/Feature/Modules/Servico/ServicoTest.php" line="186" class="Tests\Feature\ServicoTest" classname="Tests.Feature.ServicoTest" assertions="1" time="0.130759"/>
        <testcase name="test_servico_service_recebe_repository_construtor" file="/var/www/html/tests/Feature/Modules/Servico/ServicoTest.php" line="191" class="Tests\Feature\ServicoTest" classname="Tests.Feature.ServicoTest" assertions="1" time="0.140829"/>
        <testcase name="test_servico_controller_pode_ser_instanciado" file="/var/www/html/tests/Feature/Modules/Servico/ServicoTest.php" line="202" class="Tests\Feature\ServicoTest" classname="Tests.Feature.ServicoTest" assertions="1" time="0.127343"/>
        <testcase name="test_servico_controller_herda_controller_base" file="/var/www/html/tests/Feature/Modules/Servico/ServicoTest.php" line="211" class="Tests\Feature\ServicoTest" classname="Tests.Feature.ServicoTest" assertions="1" time="0.153022"/>
        <testcase name="test_servico_controller_tem_metodo_listagem" file="/var/www/html/tests/Feature/Modules/Servico/ServicoTest.php" line="220" class="Tests\Feature\ServicoTest" classname="Tests.Feature.ServicoTest" assertions="1" time="0.140329"/>
        <testcase name="test_servico_controller_tem_metodo_cadastro" file="/var/www/html/tests/Feature/Modules/Servico/ServicoTest.php" line="225" class="Tests\Feature\ServicoTest" classname="Tests.Feature.ServicoTest" assertions="1" time="0.137932"/>
        <testcase name="test_servico_controller_tem_metodo_obter_um_por_uuid" file="/var/www/html/tests/Feature/Modules/Servico/ServicoTest.php" line="230" class="Tests\Feature\ServicoTest" classname="Tests.Feature.ServicoTest" assertions="1" time="0.136959"/>
        <testcase name="test_servico_controller_tem_metodo_remocao" file="/var/www/html/tests/Feature/Modules/Servico/ServicoTest.php" line="235" class="Tests\Feature\ServicoTest" classname="Tests.Feature.ServicoTest" assertions="1" time="0.126789"/>
        <testcase name="test_servico_controller_tem_metodo_atualizacao" file="/var/www/html/tests/Feature/Modules/Servico/ServicoTest.php" line="240" class="Tests\Feature\ServicoTest" classname="Tests.Feature.ServicoTest" assertions="1" time="0.129109"/>
        <testcase name="test_servico_controller_recebe_service_construtor" file="/var/www/html/tests/Feature/Modules/Servico/ServicoTest.php" line="245" class="Tests\Feature\ServicoTest" classname="Tests.Feature.ServicoTest" assertions="1" time="0.127824"/>
        <testcase name="test_servico_cadastro_request_pode_ser_instanciado" file="/var/www/html/tests/Feature/Modules/Servico/ServicoTest.php" line="256" class="Tests\Feature\ServicoTest" classname="Tests.Feature.ServicoTest" assertions="1" time="0.131268"/>
        <testcase name="test_servico_cadastro_request_herda_form_request" file="/var/www/html/tests/Feature/Modules/Servico/ServicoTest.php" line="263" class="Tests\Feature\ServicoTest" classname="Tests.Feature.ServicoTest" assertions="1" time="0.144350"/>
        <testcase name="test_servico_cadastro_request_tem_metodo_rules" file="/var/www/html/tests/Feature/Modules/Servico/ServicoTest.php" line="270" class="Tests\Feature\ServicoTest" classname="Tests.Feature.ServicoTest" assertions="1" time="0.152207"/>
        <testcase name="test_servico_cadastro_request_tem_metodo_to_dto" file="/var/www/html/tests/Feature/Modules/Servico/ServicoTest.php" line="275" class="Tests\Feature\ServicoTest" classname="Tests.Feature.ServicoTest" assertions="1" time="0.132393"/>
        <testcase name="test_servico_listagem_request_pode_ser_instanciado" file="/var/www/html/tests/Feature/Modules/Servico/ServicoTest.php" line="280" class="Tests\Feature\ServicoTest" classname="Tests.Feature.ServicoTest" assertions="1" time="0.131318"/>
        <testcase name="test_servico_obter_um_por_uuid_request_pode_ser_instanciado" file="/var/www/html/tests/Feature/Modules/Servico/ServicoTest.php" line="287" class="Tests\Feature\ServicoTest" classname="Tests.Feature.ServicoTest" assertions="1" time="0.136048"/>
        <testcase name="test_servico_atualizacao_request_pode_ser_instanciado" file="/var/www/html/tests/Feature/Modules/Servico/ServicoTest.php" line="294" class="Tests\Feature\ServicoTest" classname="Tests.Feature.ServicoTest" assertions="1" time="0.131783"/>
        <testcase name="test_servico_pode_definir_rotas" file="/var/www/html/tests/Feature/Modules/Servico/ServicoTest.php" line="303" class="Tests\Feature\ServicoTest" classname="Tests.Feature.ServicoTest" assertions="2" time="0.147817"/>
        <testcase name="test_servico_controller_namespace_correto" file="/var/www/html/tests/Feature/Modules/Servico/ServicoTest.php" line="310" class="Tests\Feature\ServicoTest" classname="Tests.Feature.ServicoTest" assertions="1" time="0.156186"/>
        <testcase name="test_servico_controller_tem_metodos_para_rotas" file="/var/www/html/tests/Feature/Modules/Servico/ServicoTest.php" line="318" class="Tests\Feature\ServicoTest" classname="Tests.Feature.ServicoTest" assertions="5" time="0.143842"/>
        <testcase name="test_servico_constantes_http_disponiveis" file="/var/www/html/tests/Feature/Modules/Servico/ServicoTest.php" line="329" class="Tests\Feature\ServicoTest" classname="Tests.Feature.ServicoTest" assertions="3" time="0.129437"/>
        <testcase name="test_servico_controller_tem_anotacoes_openapi" file="/var/www/html/tests/Feature/Modules/Servico/ServicoTest.php" line="338" class="Tests\Feature\ServicoTest" classname="Tests.Feature.ServicoTest" assertions="1" time="0.138125"/>
        <testcase name="test_servico_controller_listagem_tem_swagger" file="/var/www/html/tests/Feature/Modules/Servico/ServicoTest.php" line="355" class="Tests\Feature\ServicoTest" classname="Tests.Feature.ServicoTest" assertions="3" time="0.134567"/>
      </testsuite>
      <testsuite name="Tests\Feature\Modules\Cliente\UsuarioAtualizacaoTest" file="/var/www/html/tests/Feature/Modules/Usuario/UsuarioAtualizacaoTest.php" tests="3" assertions="10" errors="0" failures="0" skipped="0" time="0.703314">
        <testcase name="test_usuario_pode_ter_o_nome_atualizado" file="/var/www/html/tests/Feature/Modules/Usuario/UsuarioAtualizacaoTest.php" line="27" class="Tests\Feature\Modules\Cliente\UsuarioAtualizacaoTest" classname="Tests.Feature.Modules.Cliente.UsuarioAtualizacaoTest" assertions="4" time="0.293870"/>
        <testcase name="test_usuario_pode_ter_papel_atualizado" file="/var/www/html/tests/Feature/Modules/Usuario/UsuarioAtualizacaoTest.php" line="53" class="Tests\Feature\Modules\Cliente\UsuarioAtualizacaoTest" classname="Tests.Feature.Modules.Cliente.UsuarioAtualizacaoTest" assertions="3" time="0.215129"/>
        <testcase name="test_usuario_pode_ter_status_atualizado" file="/var/www/html/tests/Feature/Modules/Usuario/UsuarioAtualizacaoTest.php" line="78" class="Tests\Feature\Modules\Cliente\UsuarioAtualizacaoTest" classname="Tests.Feature.Modules.Cliente.UsuarioAtualizacaoTest" assertions="3" time="0.194315"/>
      </testsuite>
      <testsuite name="Tests\Feature\Modules\Cliente\UsuarioCadastroTest" file="/var/www/html/tests/Feature/Modules/Usuario/UsuarioCadastroTest.php" tests="9" assertions="27" errors="0" failures="0" skipped="0" time="1.699521">
        <testcase name="test_usuario_pode_ser_cadastrado_como_comercial" file="/var/www/html/tests/Feature/Modules/Usuario/UsuarioCadastroTest.php" line="25" class="Tests\Feature\Modules\Cliente\UsuarioCadastroTest" classname="Tests.Feature.Modules.Cliente.UsuarioCadastroTest" assertions="3" time="0.186919"/>
        <testcase name="test_usuario_pode_ser_cadastrado_como_mecanico" file="/var/www/html/tests/Feature/Modules/Usuario/UsuarioCadastroTest.php" line="38" class="Tests\Feature\Modules\Cliente\UsuarioCadastroTest" classname="Tests.Feature.Modules.Cliente.UsuarioCadastroTest" assertions="3" time="0.177748"/>
        <testcase name="test_usuario_pode_ser_cadastrado_como_atendente" file="/var/www/html/tests/Feature/Modules/Usuario/UsuarioCadastroTest.php" line="51" class="Tests\Feature\Modules\Cliente\UsuarioCadastroTest" classname="Tests.Feature.Modules.Cliente.UsuarioCadastroTest" assertions="3" time="0.179298"/>
        <testcase name="test_usuario_pode_ser_cadastrado_como_gestor_de_estoque" file="/var/www/html/tests/Feature/Modules/Usuario/UsuarioCadastroTest.php" line="64" class="Tests\Feature\Modules\Cliente\UsuarioCadastroTest" classname="Tests.Feature.Modules.Cliente.UsuarioCadastroTest" assertions="3" time="0.192431"/>
        <testcase name="test_usuario_atendente_nao_pode_ser_cadastrado_sem_um_nome" file="/var/www/html/tests/Feature/Modules/Usuario/UsuarioCadastroTest.php" line="77" class="Tests\Feature\Modules\Cliente\UsuarioCadastroTest" classname="Tests.Feature.Modules.Cliente.UsuarioCadastroTest" assertions="3" time="0.227460"/>
        <testcase name="test_usuario_mecanico_nao_pode_ser_cadastrado_sem_um_nome" file="/var/www/html/tests/Feature/Modules/Usuario/UsuarioCadastroTest.php" line="89" class="Tests\Feature\Modules\Cliente\UsuarioCadastroTest" classname="Tests.Feature.Modules.Cliente.UsuarioCadastroTest" assertions="3" time="0.189823"/>
        <testcase name="test_usuario_comercial_nao_pode_ser_cadastrado_sem_um_nome" file="/var/www/html/tests/Feature/Modules/Usuario/UsuarioCadastroTest.php" line="101" class="Tests\Feature\Modules\Cliente\UsuarioCadastroTest" classname="Tests.Feature.Modules.Cliente.UsuarioCadastroTest" assertions="3" time="0.179125"/>
        <testcase name="test_usuario_gestor_estoque_nao_pode_ser_cadastrado_sem_um_nome" file="/var/www/html/tests/Feature/Modules/Usuario/UsuarioCadastroTest.php" line="113" class="Tests\Feature\Modules\Cliente\UsuarioCadastroTest" classname="Tests.Feature.Modules.Cliente.UsuarioCadastroTest" assertions="3" time="0.178731"/>
        <testcase name="test_usuario_nao_pode_ser_cadastrado_sem_dados_obrigatorios" file="/var/www/html/tests/Feature/Modules/Usuario/UsuarioCadastroTest.php" line="125" class="Tests\Feature\Modules\Cliente\UsuarioCadastroTest" classname="Tests.Feature.Modules.Cliente.UsuarioCadastroTest" assertions="3" time="0.187986"/>
      </testsuite>
      <testsuite name="Tests\Feature\Modules\Cliente\UsuarioListagemTest" file="/var/www/html/tests/Feature/Modules/Usuario/UsuarioListagemTest.php" tests="2" assertions="6" errors="0" failures="0" skipped="0" time="0.404627">
        <testcase name="test_usuarios_cadastrados_podem_ser_listados" file="/var/www/html/tests/Feature/Modules/Usuario/UsuarioListagemTest.php" line="26" class="Tests\Feature\Modules\Cliente\UsuarioListagemTest" classname="Tests.Feature.Modules.Cliente.UsuarioListagemTest" assertions="3" time="0.217185"/>
        <testcase name="test_usuario_pode_ser_listado_informando_uuid" file="/var/www/html/tests/Feature/Modules/Usuario/UsuarioListagemTest.php" line="41" class="Tests\Feature\Modules\Cliente\UsuarioListagemTest" classname="Tests.Feature.Modules.Cliente.UsuarioListagemTest" assertions="3" time="0.187442"/>
      </testsuite>
      <testsuite name="Tests\Feature\Modules\Cliente\UsuarioRemocaoTest" file="/var/www/html/tests/Feature/Modules/Usuario/UsuarioRemocaoTest.php" tests="1" assertions="4" errors="0" failures="0" skipped="0" time="0.178417">
        <testcase name="test_usuario_pode_ser_removido" file="/var/www/html/tests/Feature/Modules/Usuario/UsuarioRemocaoTest.php" line="27" class="Tests\Feature\Modules\Cliente\UsuarioRemocaoTest" classname="Tests.Feature.Modules.Cliente.UsuarioRemocaoTest" assertions="4" time="0.178417"/>
      </testsuite>
      <testsuite name="Tests\Feature\Modules\Veiculo\VeiculoAtualizacaoTest" file="/var/www/html/tests/Feature/Modules/Veiculo/VeiculoAtualizacaoTest.php" tests="9" assertions="23" errors="0" failures="0" skipped="0" time="1.602792">
        <testcase name="test_atualizar_veiculo_por_uuid" file="/var/www/html/tests/Feature/Modules/Veiculo/VeiculoAtualizacaoTest.php" line="29" class="Tests\Feature\Modules\Veiculo\VeiculoAtualizacaoTest" classname="Tests.Feature.Modules.Veiculo.VeiculoAtualizacaoTest" assertions="2" time="0.283760"/>
        <testcase name="test_atualizar_veiculo_por_uuid_que_nao_existe" file="/var/www/html/tests/Feature/Modules/Veiculo/VeiculoAtualizacaoTest.php" line="43" class="Tests\Feature\Modules\Veiculo\VeiculoAtualizacaoTest" classname="Tests.Feature.Modules.Veiculo.VeiculoAtualizacaoTest" assertions="2" time="0.175532"/>
        <testcase name="test_atualizar_veiculo_com_dados_invalidos" file="/var/www/html/tests/Feature/Modules/Veiculo/VeiculoAtualizacaoTest.php" line="53" class="Tests\Feature\Modules\Veiculo\VeiculoAtualizacaoTest" classname="Tests.Feature.Modules.Veiculo.VeiculoAtualizacaoTest" assertions="2" time="0.193007"/>
        <testcase name="test_atualizar_veiculo_com_uuid_mal_formado" file="/var/www/html/tests/Feature/Modules/Veiculo/VeiculoAtualizacaoTest.php" line="68" class="Tests\Feature\Modules\Veiculo\VeiculoAtualizacaoTest" classname="Tests.Feature.Modules.Veiculo.VeiculoAtualizacaoTest" assertions="2" time="0.154029"/>
        <testcase name="test_atualizar_veiculo_sem_payload" file="/var/www/html/tests/Feature/Modules/Veiculo/VeiculoAtualizacaoTest.php" line="77" class="Tests\Feature\Modules\Veiculo\VeiculoAtualizacaoTest" classname="Tests.Feature.Modules.Veiculo.VeiculoAtualizacaoTest" assertions="2" time="0.157026"/>
        <testcase name="test_atualizar_veiculo_com_erro_interno" file="/var/www/html/tests/Feature/Modules/Veiculo/VeiculoAtualizacaoTest.php" line="86" class="Tests\Feature\Modules\Veiculo\VeiculoAtualizacaoTest" classname="Tests.Feature.Modules.Veiculo.VeiculoAtualizacaoTest" assertions="3" time="0.149388"/>
        <testcase name="test_atualizar_veiculo_com_database_exception" file="/var/www/html/tests/Feature/Modules/Veiculo/VeiculoAtualizacaoTest.php" line="101" class="Tests\Feature\Modules\Veiculo\VeiculoAtualizacaoTest" classname="Tests.Feature.Modules.Veiculo.VeiculoAtualizacaoTest" assertions="6" time="0.155694"/>
        <testcase name="test_atualizar_veiculo_com_cliente_uuid" file="/var/www/html/tests/Feature/Modules/Veiculo/VeiculoAtualizacaoTest.php" line="129" class="Tests\Feature\Modules\Veiculo\VeiculoAtualizacaoTest" classname="Tests.Feature.Modules.Veiculo.VeiculoAtualizacaoTest" assertions="2" time="0.171658"/>
        <testcase name="test_atualizar_veiculo_com_placa_duplicada" file="/var/www/html/tests/Feature/Modules/Veiculo/VeiculoAtualizacaoTest.php" line="145" class="Tests\Feature\Modules\Veiculo\VeiculoAtualizacaoTest" classname="Tests.Feature.Modules.Veiculo.VeiculoAtualizacaoTest" assertions="2" time="0.162700"/>
      </testsuite>
      <testsuite name="Tests\Feature\Modules\Veiculo\VeiculoCadastroTest" file="/var/www/html/tests/Feature/Modules/Veiculo/VeiculoCadastroTest.php" tests="15" assertions="38" errors="0" failures="0" skipped="0" time="2.474495">
        <testcase name="test_cadastrar_veiculo" file="/var/www/html/tests/Feature/Modules/Veiculo/VeiculoCadastroTest.php" line="32" class="Tests\Feature\Modules\Veiculo\VeiculoCadastroTest" classname="Tests.Feature.Modules.Veiculo.VeiculoCadastroTest" assertions="3" time="0.189645"/>
        <testcase name="test_marca_eh_obrigatoria_e_deve_ter_minimo_2_caracteres" file="/var/www/html/tests/Feature/Modules/Veiculo/VeiculoCadastroTest.php" line="40" class="Tests\Feature\Modules\Veiculo\VeiculoCadastroTest" classname="Tests.Feature.Modules.Veiculo.VeiculoCadastroTest" assertions="5" time="0.150747"/>
        <testcase name="test_ano_do_veiculo_deve_ser_valido" file="/var/www/html/tests/Feature/Modules/Veiculo/VeiculoCadastroTest.php" line="49" class="Tests\Feature\Modules\Veiculo\VeiculoCadastroTest" classname="Tests.Feature.Modules.Veiculo.VeiculoCadastroTest" assertions="2" time="0.151096"/>
        <testcase name="test_placa_do_veiculo_deve_ter_formato_valido" file="/var/www/html/tests/Feature/Modules/Veiculo/VeiculoCadastroTest.php" line="58" class="Tests\Feature\Modules\Veiculo\VeiculoCadastroTest" classname="Tests.Feature.Modules.Veiculo.VeiculoCadastroTest" assertions="2" time="0.156691"/>
        <testcase name="test_cadastrar_veiculo_com_erro_interno" file="/var/www/html/tests/Feature/Modules/Veiculo/VeiculoCadastroTest.php" line="67" class="Tests\Feature\Modules\Veiculo\VeiculoCadastroTest" classname="Tests.Feature.Modules.Veiculo.VeiculoCadastroTest" assertions="3" time="0.159528"/>
        <testcase name="test_modelo_eh_obrigatorio_e_deve_ter_minimo_2_caracteres" file="/var/www/html/tests/Feature/Modules/Veiculo/VeiculoCadastroTest.php" line="80" class="Tests\Feature\Modules\Veiculo\VeiculoCadastroTest" classname="Tests.Feature.Modules.Veiculo.VeiculoCadastroTest" assertions="2" time="0.182294"/>
        <testcase name="test_chassi_eh_obrigatorio_e_deve_ter_17_caracteres" file="/var/www/html/tests/Feature/Modules/Veiculo/VeiculoCadastroTest.php" line="88" class="Tests\Feature\Modules\Veiculo\VeiculoCadastroTest" classname="Tests.Feature.Modules.Veiculo.VeiculoCadastroTest" assertions="2" time="0.178117"/>
        <testcase name="test_cor_eh_obrigatoria" file="/var/www/html/tests/Feature/Modules/Veiculo/VeiculoCadastroTest.php" line="96" class="Tests\Feature\Modules\Veiculo\VeiculoCadastroTest" classname="Tests.Feature.Modules.Veiculo.VeiculoCadastroTest" assertions="2" time="0.161710"/>
        <testcase name="test_cadastrar_veiculo_com_placa_duplicada" file="/var/www/html/tests/Feature/Modules/Veiculo/VeiculoCadastroTest.php" line="104" class="Tests\Feature\Modules\Veiculo\VeiculoCadastroTest" classname="Tests.Feature.Modules.Veiculo.VeiculoCadastroTest" assertions="3" time="0.164487"/>
        <testcase name="test_cadastrar_veiculo_com_chassi_duplicado" file="/var/www/html/tests/Feature/Modules/Veiculo/VeiculoCadastroTest.php" line="116" class="Tests\Feature\Modules\Veiculo\VeiculoCadastroTest" classname="Tests.Feature.Modules.Veiculo.VeiculoCadastroTest" assertions="3" time="0.172326"/>
        <testcase name="test_cadastrar_veiculo_com_cliente_uuid" file="/var/www/html/tests/Feature/Modules/Veiculo/VeiculoCadastroTest.php" line="128" class="Tests\Feature\Modules\Veiculo\VeiculoCadastroTest" classname="Tests.Feature.Modules.Veiculo.VeiculoCadastroTest" assertions="2" time="0.167185"/>
        <testcase name="test_cadastrar_veiculo_com_cliente_uuid_inexistente" file="/var/www/html/tests/Feature/Modules/Veiculo/VeiculoCadastroTest.php" line="137" class="Tests\Feature\Modules\Veiculo\VeiculoCadastroTest" classname="Tests.Feature.Modules.Veiculo.VeiculoCadastroTest" assertions="3" time="0.179986"/>
        <testcase name="test_cadastrar_veiculo_com_placa_formato_mercosul" file="/var/www/html/tests/Feature/Modules/Veiculo/VeiculoCadastroTest.php" line="146" class="Tests\Feature\Modules\Veiculo\VeiculoCadastroTest" classname="Tests.Feature.Modules.Veiculo.VeiculoCadastroTest" assertions="2" time="0.153774"/>
        <testcase name="test_ano_futuro_permitido" file="/var/www/html/tests/Feature/Modules/Veiculo/VeiculoCadastroTest.php" line="154" class="Tests\Feature\Modules\Veiculo\VeiculoCadastroTest" classname="Tests.Feature.Modules.Veiculo.VeiculoCadastroTest" assertions="2" time="0.156045"/>
        <testcase name="test_ano_muito_futuro_nao_permitido" file="/var/www/html/tests/Feature/Modules/Veiculo/VeiculoCadastroTest.php" line="163" class="Tests\Feature\Modules\Veiculo\VeiculoCadastroTest" classname="Tests.Feature.Modules.Veiculo.VeiculoCadastroTest" assertions="2" time="0.150865"/>
      </testsuite>
      <testsuite name="Tests\Feature\Modules\Veiculo\VeiculoListagemTest" file="/var/www/html/tests/Feature/Modules/Veiculo/VeiculoListagemTest.php" tests="13" assertions="29" errors="0" failures="0" skipped="0" time="2.059553">
        <testcase name="test_listar_todos_veiculos" file="/var/www/html/tests/Feature/Modules/Veiculo/VeiculoListagemTest.php" line="20" class="Tests\Feature\Modules\Veiculo\VeiculoListagemTest" classname="Tests.Feature.Modules.Veiculo.VeiculoListagemTest" assertions="2" time="0.164569"/>
        <testcase name="test_listar_veiculo_por_uuid_que_nao_existe" file="/var/www/html/tests/Feature/Modules/Veiculo/VeiculoListagemTest.php" line="28" class="Tests\Feature\Modules\Veiculo\VeiculoListagemTest" classname="Tests.Feature.Modules.Veiculo.VeiculoListagemTest" assertions="2" time="0.153148"/>
        <testcase name="test_listar_veiculos_com_erro_interno" file="/var/www/html/tests/Feature/Modules/Veiculo/VeiculoListagemTest.php" line="35" class="Tests\Feature\Modules\Veiculo\VeiculoListagemTest" classname="Tests.Feature.Modules.Veiculo.VeiculoListagemTest" assertions="3" time="0.161588"/>
        <testcase name="test_obter_veiculo_por_uuid_existente" file="/var/www/html/tests/Feature/Modules/Veiculo/VeiculoListagemTest.php" line="48" class="Tests\Feature\Modules\Veiculo\VeiculoListagemTest" classname="Tests.Feature.Modules.Veiculo.VeiculoListagemTest" assertions="2" time="0.147378"/>
        <testcase name="test_listar_veiculos_vazios" file="/var/www/html/tests/Feature/Modules/Veiculo/VeiculoListagemTest.php" line="57" class="Tests\Feature\Modules\Veiculo\VeiculoListagemTest" classname="Tests.Feature.Modules.Veiculo.VeiculoListagemTest" assertions="3" time="0.148161"/>
        <testcase name="test_listar_veiculos_com_paginacao" file="/var/www/html/tests/Feature/Modules/Veiculo/VeiculoListagemTest.php" line="65" class="Tests\Feature\Modules\Veiculo\VeiculoListagemTest" classname="Tests.Feature.Modules.Veiculo.VeiculoListagemTest" assertions="2" time="0.184994"/>
        <testcase name="test_listar_veiculos_filtrados_por_cliente" file="/var/www/html/tests/Feature/Modules/Veiculo/VeiculoListagemTest.php" line="74" class="Tests\Feature\Modules\Veiculo\VeiculoListagemTest" classname="Tests.Feature.Modules.Veiculo.VeiculoListagemTest" assertions="2" time="0.164917"/>
        <testcase name="test_listar_veiculos_com_cliente_uuid_inexistente" file="/var/www/html/tests/Feature/Modules/Veiculo/VeiculoListagemTest.php" line="91" class="Tests\Feature\Modules\Veiculo\VeiculoListagemTest" classname="Tests.Feature.Modules.Veiculo.VeiculoListagemTest" assertions="2" time="0.159020"/>
        <testcase name="test_listar_veiculos_com_parametros_paginacao_invalidos" file="/var/www/html/tests/Feature/Modules/Veiculo/VeiculoListagemTest.php" line="100" class="Tests\Feature\Modules\Veiculo\VeiculoListagemTest" classname="Tests.Feature.Modules.Veiculo.VeiculoListagemTest" assertions="2" time="0.174701"/>
        <testcase name="test_obter_veiculo_com_uuid_malformado" file="/var/www/html/tests/Feature/Modules/Veiculo/VeiculoListagemTest.php" line="107" class="Tests\Feature\Modules\Veiculo\VeiculoListagemTest" classname="Tests.Feature.Modules.Veiculo.VeiculoListagemTest" assertions="2" time="0.154460"/>
        <testcase name="test_listar_veiculos_com_estrutura_json_correta" file="/var/www/html/tests/Feature/Modules/Veiculo/VeiculoListagemTest.php" line="116" class="Tests\Feature\Modules\Veiculo\VeiculoListagemTest" classname="Tests.Feature.Modules.Veiculo.VeiculoListagemTest" assertions="2" time="0.150297"/>
        <testcase name="test_obter_veiculo_com_erro_interno" file="/var/www/html/tests/Feature/Modules/Veiculo/VeiculoListagemTest.php" line="125" class="Tests\Feature\Modules\Veiculo\VeiculoListagemTest" classname="Tests.Feature.Modules.Veiculo.VeiculoListagemTest" assertions="3" time="0.152036"/>
        <testcase name="test_listar_veiculos_com_filtro_cliente_uuid_valido" file="/var/www/html/tests/Feature/Modules/Veiculo/VeiculoListagemTest.php" line="140" class="Tests\Feature\Modules\Veiculo\VeiculoListagemTest" classname="Tests.Feature.Modules.Veiculo.VeiculoListagemTest" assertions="2" time="0.144283"/>
      </testsuite>
      <testsuite name="Tests\Feature\Modules\Veiculo\VeiculoObterPorUuidTest" file="/var/www/html/tests/Feature/Modules/Veiculo/VeiculoObterPorUuidTest.php" tests="9" assertions="31" errors="0" failures="0" skipped="0" time="1.419719">
        <testcase name="test_obter_veiculo_por_uuid" file="/var/www/html/tests/Feature/Modules/Veiculo/VeiculoObterPorUuidTest.php" line="20" class="Tests\Feature\Modules\Veiculo\VeiculoObterPorUuidTest" classname="Tests.Feature.Modules.Veiculo.VeiculoObterPorUuidTest" assertions="2" time="0.158110"/>
        <testcase name="test_obter_veiculo_com_encoding_error" file="/var/www/html/tests/Feature/Modules/Veiculo/VeiculoObterPorUuidTest.php" line="28" class="Tests\Feature\Modules\Veiculo\VeiculoObterPorUuidTest" classname="Tests.Feature.Modules.Veiculo.VeiculoObterPorUuidTest" assertions="3" time="0.168184"/>
        <testcase name="test_obter_veiculo_por_uuid_inexistente" file="/var/www/html/tests/Feature/Modules/Veiculo/VeiculoObterPorUuidTest.php" line="46" class="Tests\Feature\Modules\Veiculo\VeiculoObterPorUuidTest" classname="Tests.Feature.Modules.Veiculo.VeiculoObterPorUuidTest" assertions="2" time="0.174843"/>
        <testcase name="test_obter_veiculo_com_uuid_malformado" file="/var/www/html/tests/Feature/Modules/Veiculo/VeiculoObterPorUuidTest.php" line="55" class="Tests\Feature\Modules\Veiculo\VeiculoObterPorUuidTest" classname="Tests.Feature.Modules.Veiculo.VeiculoObterPorUuidTest" assertions="2" time="0.155235"/>
        <testcase name="test_obter_veiculo_com_uuid_vazio" file="/var/www/html/tests/Feature/Modules/Veiculo/VeiculoObterPorUuidTest.php" line="64" class="Tests\Feature\Modules\Veiculo\VeiculoObterPorUuidTest" classname="Tests.Feature.Modules.Veiculo.VeiculoObterPorUuidTest" assertions="2" time="0.146984"/>
        <testcase name="test_obter_veiculo_com_erro_interno" file="/var/www/html/tests/Feature/Modules/Veiculo/VeiculoObterPorUuidTest.php" line="76" class="Tests\Feature\Modules\Veiculo\VeiculoObterPorUuidTest" classname="Tests.Feature.Modules.Veiculo.VeiculoObterPorUuidTest" assertions="3" time="0.148919"/>
        <testcase name="test_obter_veiculo_com_database_exception" file="/var/www/html/tests/Feature/Modules/Veiculo/VeiculoObterPorUuidTest.php" line="91" class="Tests\Feature\Modules\Veiculo\VeiculoObterPorUuidTest" classname="Tests.Feature.Modules.Veiculo.VeiculoObterPorUuidTest" assertions="3" time="0.140362"/>
        <testcase name="test_obter_veiculo_estrutura_response_completa" file="/var/www/html/tests/Feature/Modules/Veiculo/VeiculoObterPorUuidTest.php" line="111" class="Tests\Feature\Modules\Veiculo\VeiculoObterPorUuidTest" classname="Tests.Feature.Modules.Veiculo.VeiculoObterPorUuidTest" assertions="12" time="0.154678"/>
        <testcase name="test_obter_veiculo_com_relacionamentos" file="/var/www/html/tests/Feature/Modules/Veiculo/VeiculoObterPorUuidTest.php" line="132" class="Tests\Feature\Modules\Veiculo\VeiculoObterPorUuidTest" classname="Tests.Feature.Modules.Veiculo.VeiculoObterPorUuidTest" assertions="2" time="0.172404"/>
      </testsuite>
      <testsuite name="Tests\Feature\Modules\Veiculo\VeiculoRemocaoTest" file="/var/www/html/tests/Feature/Modules/Veiculo/VeiculoRemocaoTest.php" tests="10" assertions="29" errors="0" failures="0" skipped="0" time="1.681768">
        <testcase name="test_remocao_do_veiculo_por_uuid" file="/var/www/html/tests/Feature/Modules/Veiculo/VeiculoRemocaoTest.php" line="20" class="Tests\Feature\Modules\Veiculo\VeiculoRemocaoTest" classname="Tests.Feature.Modules.Veiculo.VeiculoRemocaoTest" assertions="3" time="0.174560"/>
        <testcase name="test_remocao_do_veiculo_por_uuid_que_nao_existe" file="/var/www/html/tests/Feature/Modules/Veiculo/VeiculoRemocaoTest.php" line="32" class="Tests\Feature\Modules\Veiculo\VeiculoRemocaoTest" classname="Tests.Feature.Modules.Veiculo.VeiculoRemocaoTest" assertions="2" time="0.160422"/>
        <testcase name="test_remocao_veiculo_com_erro_interno" file="/var/www/html/tests/Feature/Modules/Veiculo/VeiculoRemocaoTest.php" line="39" class="Tests\Feature\Modules\Veiculo\VeiculoRemocaoTest" classname="Tests.Feature.Modules.Veiculo.VeiculoRemocaoTest" assertions="3" time="0.168858"/>
        <testcase name="test_remocao_veiculo_com_uuid_malformado" file="/var/www/html/tests/Feature/Modules/Veiculo/VeiculoRemocaoTest.php" line="54" class="Tests\Feature\Modules\Veiculo\VeiculoRemocaoTest" classname="Tests.Feature.Modules.Veiculo.VeiculoRemocaoTest" assertions="4" time="0.152194"/>
        <testcase name="test_remocao_veiculo_com_relacionamentos" file="/var/www/html/tests/Feature/Modules/Veiculo/VeiculoRemocaoTest.php" line="64" class="Tests\Feature\Modules\Veiculo\VeiculoRemocaoTest" classname="Tests.Feature.Modules.Veiculo.VeiculoRemocaoTest" assertions="2" time="0.155503"/>
        <testcase name="test_remocao_veiculo_multiplos" file="/var/www/html/tests/Feature/Modules/Veiculo/VeiculoRemocaoTest.php" line="80" class="Tests\Feature\Modules\Veiculo\VeiculoRemocaoTest" classname="Tests.Feature.Modules.Veiculo.VeiculoRemocaoTest" assertions="3" time="0.183831"/>
        <testcase name="test_remocao_veiculo_ja_removido" file="/var/www/html/tests/Feature/Modules/Veiculo/VeiculoRemocaoTest.php" line="94" class="Tests\Feature\Modules\Veiculo\VeiculoRemocaoTest" classname="Tests.Feature.Modules.Veiculo.VeiculoRemocaoTest" assertions="3" time="0.199531"/>
        <testcase name="test_remocao_veiculo_com_database_exception" file="/var/www/html/tests/Feature/Modules/Veiculo/VeiculoRemocaoTest.php" line="107" class="Tests\Feature\Modules\Veiculo\VeiculoRemocaoTest" classname="Tests.Feature.Modules.Veiculo.VeiculoRemocaoTest" assertions="3" time="0.174998"/>
        <testcase name="test_remocao_veiculo_verifica_contagem_database" file="/var/www/html/tests/Feature/Modules/Veiculo/VeiculoRemocaoTest.php" line="127" class="Tests\Feature\Modules\Veiculo\VeiculoRemocaoTest" classname="Tests.Feature.Modules.Veiculo.VeiculoRemocaoTest" assertions="3" time="0.157039"/>
        <testcase name="test_remocao_veiculo_com_constraint_violation" file="/var/www/html/tests/Feature/Modules/Veiculo/VeiculoRemocaoTest.php" line="140" class="Tests\Feature\Modules\Veiculo\VeiculoRemocaoTest" classname="Tests.Feature.Modules.Veiculo.VeiculoRemocaoTest" assertions="3" time="0.154834"/>
      </testsuite>
      <testsuite name="Tests\Feature\Modules\Veiculo\VeiculoTest" file="/var/www/html/tests/Feature/Modules/Veiculo/VeiculoTest.php" tests="43" assertions="78" errors="0" failures="0" skipped="0" time="6.057383">
        <testcase name="test_listagem_dto_retorna_array_vazio_inicialmente" file="/var/www/html/tests/Feature/Modules/Veiculo/VeiculoTest.php" line="23" class="Tests\Feature\Modules\Veiculo\VeiculoTest" classname="Tests.Feature.Modules.Veiculo.VeiculoTest" assertions="3" time="0.151315"/>
        <testcase name="test_listagem_dto_aceita_parametros_veiculo" file="/var/www/html/tests/Feature/Modules/Veiculo/VeiculoTest.php" line="34" class="Tests\Feature\Modules\Veiculo\VeiculoTest" classname="Tests.Feature.Modules.Veiculo.VeiculoTest" assertions="3" time="0.156140"/>
        <testcase name="test_cadastro_dto_aceita_dados_veiculo" file="/var/www/html/tests/Feature/Modules/Veiculo/VeiculoTest.php" line="51" class="Tests\Feature\Modules\Veiculo\VeiculoTest" classname="Tests.Feature.Modules.Veiculo.VeiculoTest" assertions="7" time="0.157491"/>
        <testcase name="test_veiculo_model_pode_ser_instanciado" file="/var/www/html/tests/Feature/Modules/Veiculo/VeiculoTest.php" line="79" class="Tests\Feature\Modules\Veiculo\VeiculoTest" classname="Tests.Feature.Modules.Veiculo.VeiculoTest" assertions="1" time="0.151684"/>
        <testcase name="test_veiculo_model_tem_tabela_correta" file="/var/www/html/tests/Feature/Modules/Veiculo/VeiculoTest.php" line="88" class="Tests\Feature\Modules\Veiculo\VeiculoTest" classname="Tests.Feature.Modules.Veiculo.VeiculoTest" assertions="1" time="0.160061"/>
        <testcase name="test_veiculo_model_tem_fillable_corretos" file="/var/www/html/tests/Feature/Modules/Veiculo/VeiculoTest.php" line="98" class="Tests\Feature\Modules\Veiculo\VeiculoTest" classname="Tests.Feature.Modules.Veiculo.VeiculoTest" assertions="1" time="0.159730"/>
        <testcase name="test_veiculo_model_pode_receber_dados_construtor" file="/var/www/html/tests/Feature/Modules/Veiculo/VeiculoTest.php" line="122" class="Tests\Feature\Modules\Veiculo\VeiculoTest" classname="Tests.Feature.Modules.Veiculo.VeiculoTest" assertions="6" time="0.153180"/>
        <testcase name="test_veiculo_model_timestamps_desabilitados" file="/var/www/html/tests/Feature/Modules/Veiculo/VeiculoTest.php" line="147" class="Tests\Feature\Modules\Veiculo\VeiculoTest" classname="Tests.Feature.Modules.Veiculo.VeiculoTest" assertions="1" time="0.154708"/>
        <testcase name="test_veiculo_model_tem_relacionamento_cliente_veiculos" file="/var/www/html/tests/Feature/Modules/Veiculo/VeiculoTest.php" line="157" class="Tests\Feature\Modules\Veiculo\VeiculoTest" classname="Tests.Feature.Modules.Veiculo.VeiculoTest" assertions="3" time="0.176428"/>
        <testcase name="test_veiculo_model_tem_relacionamento_clientes" file="/var/www/html/tests/Feature/Modules/Veiculo/VeiculoTest.php" line="170" class="Tests\Feature\Modules\Veiculo\VeiculoTest" classname="Tests.Feature.Modules.Veiculo.VeiculoTest" assertions="5" time="0.147579"/>
        <testcase name="test_veiculo_repository_pode_ser_instanciado" file="/var/www/html/tests/Feature/Modules/Veiculo/VeiculoTest.php" line="188" class="Tests\Feature\Modules\Veiculo\VeiculoTest" classname="Tests.Feature.Modules.Veiculo.VeiculoTest" assertions="1" time="0.133317"/>
        <testcase name="test_veiculo_repository_herda_abstract_repository" file="/var/www/html/tests/Feature/Modules/Veiculo/VeiculoTest.php" line="198" class="Tests\Feature\Modules\Veiculo\VeiculoTest" classname="Tests.Feature.Modules.Veiculo.VeiculoTest" assertions="1" time="0.128878"/>
        <testcase name="test_veiculo_repository_implementa_interface" file="/var/www/html/tests/Feature/Modules/Veiculo/VeiculoTest.php" line="208" class="Tests\Feature\Modules\Veiculo\VeiculoTest" classname="Tests.Feature.Modules.Veiculo.VeiculoTest" assertions="1" time="0.137742"/>
        <testcase name="test_veiculo_repository_tem_model_correto" file="/var/www/html/tests/Feature/Modules/Veiculo/VeiculoTest.php" line="218" class="Tests\Feature\Modules\Veiculo\VeiculoTest" classname="Tests.Feature.Modules.Veiculo.VeiculoTest" assertions="1" time="0.127698"/>
        <testcase name="test_veiculo_repository_tem_metodos_obrigatorios" file="/var/www/html/tests/Feature/Modules/Veiculo/VeiculoTest.php" line="228" class="Tests\Feature\Modules\Veiculo\VeiculoTest" classname="Tests.Feature.Modules.Veiculo.VeiculoTest" assertions="6" time="0.154617"/>
        <testcase name="test_veiculo_service_pode_ser_instanciado" file="/var/www/html/tests/Feature/Modules/Veiculo/VeiculoTest.php" line="243" class="Tests\Feature\Modules\Veiculo\VeiculoTest" classname="Tests.Feature.Modules.Veiculo.VeiculoTest" assertions="1" time="0.138096"/>
        <testcase name="test_veiculo_service_tem_metodo_listagem" file="/var/www/html/tests/Feature/Modules/Veiculo/VeiculoTest.php" line="261" class="Tests\Feature\Modules\Veiculo\VeiculoTest" classname="Tests.Feature.Modules.Veiculo.VeiculoTest" assertions="1" time="0.133381"/>
        <testcase name="test_veiculo_service_tem_metodo_cadastro" file="/var/www/html/tests/Feature/Modules/Veiculo/VeiculoTest.php" line="269" class="Tests\Feature\Modules\Veiculo\VeiculoTest" classname="Tests.Feature.Modules.Veiculo.VeiculoTest" assertions="1" time="0.129554"/>
        <testcase name="test_veiculo_service_tem_metodo_obter_um_por_uuid" file="/var/www/html/tests/Feature/Modules/Veiculo/VeiculoTest.php" line="277" class="Tests\Feature\Modules\Veiculo\VeiculoTest" classname="Tests.Feature.Modules.Veiculo.VeiculoTest" assertions="1" time="0.134379"/>
        <testcase name="test_veiculo_service_tem_metodo_remocao" file="/var/www/html/tests/Feature/Modules/Veiculo/VeiculoTest.php" line="285" class="Tests\Feature\Modules\Veiculo\VeiculoTest" classname="Tests.Feature.Modules.Veiculo.VeiculoTest" assertions="1" time="0.148218"/>
        <testcase name="test_veiculo_service_tem_metodo_atualizacao" file="/var/www/html/tests/Feature/Modules/Veiculo/VeiculoTest.php" line="293" class="Tests\Feature\Modules\Veiculo\VeiculoTest" classname="Tests.Feature.Modules.Veiculo.VeiculoTest" assertions="1" time="0.127057"/>
        <testcase name="test_veiculo_service_recebe_dependencias_construtor" file="/var/www/html/tests/Feature/Modules/Veiculo/VeiculoTest.php" line="301" class="Tests\Feature\Modules\Veiculo\VeiculoTest" classname="Tests.Feature.Modules.Veiculo.VeiculoTest" assertions="1" time="0.131716"/>
        <testcase name="test_veiculo_controller_pode_ser_instanciado" file="/var/www/html/tests/Feature/Modules/Veiculo/VeiculoTest.php" line="322" class="Tests\Feature\Modules\Veiculo\VeiculoTest" classname="Tests.Feature.Modules.Veiculo.VeiculoTest" assertions="1" time="0.131511"/>
        <testcase name="test_veiculo_controller_herda_controller_base" file="/var/www/html/tests/Feature/Modules/Veiculo/VeiculoTest.php" line="333" class="Tests\Feature\Modules\Veiculo\VeiculoTest" classname="Tests.Feature.Modules.Veiculo.VeiculoTest" assertions="1" time="0.129087"/>
        <testcase name="test_veiculo_controller_tem_metodo_listagem" file="/var/www/html/tests/Feature/Modules/Veiculo/VeiculoTest.php" line="344" class="Tests\Feature\Modules\Veiculo\VeiculoTest" classname="Tests.Feature.Modules.Veiculo.VeiculoTest" assertions="1" time="0.130310"/>
        <testcase name="test_veiculo_controller_tem_metodo_cadastro" file="/var/www/html/tests/Feature/Modules/Veiculo/VeiculoTest.php" line="352" class="Tests\Feature\Modules\Veiculo\VeiculoTest" classname="Tests.Feature.Modules.Veiculo.VeiculoTest" assertions="1" time="0.130145"/>
        <testcase name="test_veiculo_controller_tem_metodo_obter_um_por_uuid" file="/var/www/html/tests/Feature/Modules/Veiculo/VeiculoTest.php" line="360" class="Tests\Feature\Modules\Veiculo\VeiculoTest" classname="Tests.Feature.Modules.Veiculo.VeiculoTest" assertions="1" time="0.133868"/>
        <testcase name="test_veiculo_controller_tem_metodo_remocao" file="/var/www/html/tests/Feature/Modules/Veiculo/VeiculoTest.php" line="368" class="Tests\Feature\Modules\Veiculo\VeiculoTest" classname="Tests.Feature.Modules.Veiculo.VeiculoTest" assertions="1" time="0.125055"/>
        <testcase name="test_veiculo_controller_tem_metodo_atualizacao" file="/var/www/html/tests/Feature/Modules/Veiculo/VeiculoTest.php" line="376" class="Tests\Feature\Modules\Veiculo\VeiculoTest" classname="Tests.Feature.Modules.Veiculo.VeiculoTest" assertions="1" time="0.135547"/>
        <testcase name="test_veiculo_controller_recebe_service_construtor" file="/var/www/html/tests/Feature/Modules/Veiculo/VeiculoTest.php" line="384" class="Tests\Feature\Modules\Veiculo\VeiculoTest" classname="Tests.Feature.Modules.Veiculo.VeiculoTest" assertions="1" time="0.154608"/>
        <testcase name="test_veiculo_cadastro_request_pode_ser_instanciado" file="/var/www/html/tests/Feature/Modules/Veiculo/VeiculoTest.php" line="397" class="Tests\Feature\Modules\Veiculo\VeiculoTest" classname="Tests.Feature.Modules.Veiculo.VeiculoTest" assertions="1" time="0.155432"/>
        <testcase name="test_veiculo_cadastro_request_herda_form_request" file="/var/www/html/tests/Feature/Modules/Veiculo/VeiculoTest.php" line="407" class="Tests\Feature\Modules\Veiculo\VeiculoTest" classname="Tests.Feature.Modules.Veiculo.VeiculoTest" assertions="1" time="0.136722"/>
        <testcase name="test_veiculo_cadastro_request_tem_metodo_rules" file="/var/www/html/tests/Feature/Modules/Veiculo/VeiculoTest.php" line="417" class="Tests\Feature\Modules\Veiculo\VeiculoTest" classname="Tests.Feature.Modules.Veiculo.VeiculoTest" assertions="1" time="0.124496"/>
        <testcase name="test_veiculo_cadastro_request_tem_metodo_to_dto" file="/var/www/html/tests/Feature/Modules/Veiculo/VeiculoTest.php" line="425" class="Tests\Feature\Modules\Veiculo\VeiculoTest" classname="Tests.Feature.Modules.Veiculo.VeiculoTest" assertions="1" time="0.131709"/>
        <testcase name="test_veiculo_listagem_request_pode_ser_instanciado" file="/var/www/html/tests/Feature/Modules/Veiculo/VeiculoTest.php" line="433" class="Tests\Feature\Modules\Veiculo\VeiculoTest" classname="Tests.Feature.Modules.Veiculo.VeiculoTest" assertions="1" time="0.134392"/>
        <testcase name="test_veiculo_obter_um_por_uuid_request_pode_ser_instanciado" file="/var/www/html/tests/Feature/Modules/Veiculo/VeiculoTest.php" line="443" class="Tests\Feature\Modules\Veiculo\VeiculoTest" classname="Tests.Feature.Modules.Veiculo.VeiculoTest" assertions="1" time="0.130590"/>
        <testcase name="test_veiculo_atualizacao_request_pode_ser_instanciado" file="/var/www/html/tests/Feature/Modules/Veiculo/VeiculoTest.php" line="453" class="Tests\Feature\Modules\Veiculo\VeiculoTest" classname="Tests.Feature.Modules.Veiculo.VeiculoTest" assertions="1" time="0.155919"/>
        <testcase name="test_veiculo_pode_definir_rotas" file="/var/www/html/tests/Feature/Modules/Veiculo/VeiculoTest.php" line="465" class="Tests\Feature\Modules\Veiculo\VeiculoTest" classname="Tests.Feature.Modules.Veiculo.VeiculoTest" assertions="2" time="0.140278"/>
        <testcase name="test_veiculo_controller_namespace_correto" file="/var/www/html/tests/Feature/Modules/Veiculo/VeiculoTest.php" line="475" class="Tests\Feature\Modules\Veiculo\VeiculoTest" classname="Tests.Feature.Modules.Veiculo.VeiculoTest" assertions="1" time="0.145462"/>
        <testcase name="test_veiculo_controller_tem_metodos_para_rotas" file="/var/www/html/tests/Feature/Modules/Veiculo/VeiculoTest.php" line="486" class="Tests\Feature\Modules\Veiculo\VeiculoTest" classname="Tests.Feature.Modules.Veiculo.VeiculoTest" assertions="5" time="0.127658"/>
        <testcase name="test_veiculo_constantes_http_disponiveis" file="/var/www/html/tests/Feature/Modules/Veiculo/VeiculoTest.php" line="500" class="Tests\Feature\Modules\Veiculo\VeiculoTest" classname="Tests.Feature.Modules.Veiculo.VeiculoTest" assertions="3" time="0.142100"/>
        <testcase name="test_veiculo_controller_tem_anotacoes_openapi" file="/var/www/html/tests/Feature/Modules/Veiculo/VeiculoTest.php" line="512" class="Tests\Feature\Modules\Veiculo\VeiculoTest" classname="Tests.Feature.Modules.Veiculo.VeiculoTest" assertions="1" time="0.135729"/>
        <testcase name="test_veiculo_controller_listagem_tem_swagger" file="/var/www/html/tests/Feature/Modules/Veiculo/VeiculoTest.php" line="532" class="Tests\Feature\Modules\Veiculo\VeiculoTest" classname="Tests.Feature.Modules.Veiculo.VeiculoTest" assertions="3" time="0.133795"/>
      </testsuite>
    </testsuite>
  </testsuite>
</testsuites>
