<?xml version="1.0" encoding="UTF-8"?>
<testsuites>
  <testsuite name="/var/www/html/phpunit.xml" tests="275" assertions="795" errors="0" failures="0" skipped="0" time="61.736449">
    <testsuite name="Feature" tests="275" assertions="795" errors="0" failures="0" skipped="0" time="61.736449">
      <testsuite name="Tests\Feature\Modules\Cliente\CadastroClienteTest" file="/var/www/html/tests/Feature/Modules/Cliente/CadastroClienteTest.php" tests="9" assertions="26" errors="0" failures="0" skipped="0" time="9.489607">
        <testcase name="test_cliente_pode_ser_cadastrado" file="/var/www/html/tests/Feature/Modules/Cliente/CadastroClienteTest.php" line="37" class="Tests\Feature\Modules\Cliente\CadastroClienteTest" classname="Tests.Feature.Modules.Cliente.CadastroClienteTest" assertions="3" time="8.102314"/>
        <testcase name="test_nome_eh_obrigatorio_e_deve_ter_minimo_3_caracteres" file="/var/www/html/tests/Feature/Modules/Cliente/CadastroClienteTest.php" line="45" class="Tests\Feature\Modules\Cliente\CadastroClienteTest" classname="Tests.Feature.Modules.Cliente.CadastroClienteTest" assertions="3" time="0.199056"/>
        <testcase name="test_cpf_ou_cnpj_deve_estar_presente" file="/var/www/html/tests/Feature/Modules/Cliente/CadastroClienteTest.php" line="53" class="Tests\Feature\Modules\Cliente\CadastroClienteTest" classname="Tests.Feature.Modules.Cliente.CadastroClienteTest" assertions="2" time="0.189726"/>
        <testcase name="test_email_deve_ser_valido_e_unico" file="/var/www/html/tests/Feature/Modules/Cliente/CadastroClienteTest.php" line="62" class="Tests\Feature\Modules\Cliente\CadastroClienteTest" classname="Tests.Feature.Modules.Cliente.CadastroClienteTest" assertions="4" time="0.180701"/>
        <testcase name="test_telefone_movel_deve_bater_regex" file="/var/www/html/tests/Feature/Modules/Cliente/CadastroClienteTest.php" line="79" class="Tests\Feature\Modules\Cliente\CadastroClienteTest" classname="Tests.Feature.Modules.Cliente.CadastroClienteTest" assertions="3" time="0.160080"/>
        <testcase name="test_cep_deve_ter_formato_valido" file="/var/www/html/tests/Feature/Modules/Cliente/CadastroClienteTest.php" line="90" class="Tests\Feature\Modules\Cliente\CadastroClienteTest" classname="Tests.Feature.Modules.Cliente.CadastroClienteTest" assertions="3" time="0.159784"/>
        <testcase name="test_uf_deve_ser_valida" file="/var/www/html/tests/Feature/Modules/Cliente/CadastroClienteTest.php" line="101" class="Tests\Feature\Modules\Cliente\CadastroClienteTest" classname="Tests.Feature.Modules.Cliente.CadastroClienteTest" assertions="3" time="0.158989"/>
        <testcase name="test_numero_e_complemento_sao_opcionais" file="/var/www/html/tests/Feature/Modules/Cliente/CadastroClienteTest.php" line="112" class="Tests\Feature\Modules\Cliente\CadastroClienteTest" classname="Tests.Feature.Modules.Cliente.CadastroClienteTest" assertions="2" time="0.149625"/>
        <testcase name="test_cpf_e_cnpj_devem_ser_unicos" file="/var/www/html/tests/Feature/Modules/Cliente/CadastroClienteTest.php" line="121" class="Tests\Feature\Modules\Cliente\CadastroClienteTest" classname="Tests.Feature.Modules.Cliente.CadastroClienteTest" assertions="3" time="0.189332"/>
      </testsuite>
      <testsuite name="Tests\Feature\Modules\Cliente\OrdemServicoAtualizacaoTest" file="/var/www/html/tests/Feature/Modules/OS/OrdemServicoAtualizacaoTest.php" tests="9" assertions="70" errors="0" failures="0" skipped="0" time="4.943249">
        <testcase name="test_ordem_de_servico_pode_ser_atualizada" file="/var/www/html/tests/Feature/Modules/OS/OrdemServicoAtualizacaoTest.php" line="38" class="Tests\Feature\Modules\Cliente\OrdemServicoAtualizacaoTest" classname="Tests.Feature.Modules.Cliente.OrdemServicoAtualizacaoTest" assertions="7" time="1.379598"/>
        <testcase name="test_veiculo_na_ordem_de_servico_pode_ser_corrigido" file="/var/www/html/tests/Feature/Modules/OS/OrdemServicoAtualizacaoTest.php" line="79" class="Tests\Feature\Modules\Cliente\OrdemServicoAtualizacaoTest" classname="Tests.Feature.Modules.Cliente.OrdemServicoAtualizacaoTest" assertions="7" time="0.449417"/>
        <testcase name="test_cliente_na_ordem_de_servico_pode_ser_corrigido" file="/var/www/html/tests/Feature/Modules/OS/OrdemServicoAtualizacaoTest.php" line="122" class="Tests\Feature\Modules\Cliente\OrdemServicoAtualizacaoTest" classname="Tests.Feature.Modules.Cliente.OrdemServicoAtualizacaoTest" assertions="7" time="0.469652"/>
        <testcase name="test_atendente_na_ordem_de_servico_pode_ser_corrigido" file="/var/www/html/tests/Feature/Modules/OS/OrdemServicoAtualizacaoTest.php" line="165" class="Tests\Feature\Modules\Cliente\OrdemServicoAtualizacaoTest" classname="Tests.Feature.Modules.Cliente.OrdemServicoAtualizacaoTest" assertions="7" time="0.437438"/>
        <testcase name="test_mecanico_na_ordem_de_servico_pode_ser_corrigido" file="/var/www/html/tests/Feature/Modules/OS/OrdemServicoAtualizacaoTest.php" line="209" class="Tests\Feature\Modules\Cliente\OrdemServicoAtualizacaoTest" classname="Tests.Feature.Modules.Cliente.OrdemServicoAtualizacaoTest" assertions="7" time="0.450586"/>
        <testcase name="test_usuario_nao_mecanico_nao_pode_ser_associado_como_mecanico_da_os" file="/var/www/html/tests/Feature/Modules/OS/OrdemServicoAtualizacaoTest.php" line="253" class="Tests\Feature\Modules\Cliente\OrdemServicoAtualizacaoTest" classname="Tests.Feature.Modules.Cliente.OrdemServicoAtualizacaoTest" assertions="7" time="0.440944"/>
        <testcase name="test_usuario_nao_atendente_nao_pode_ser_associado_como_atendente_da_os" file="/var/www/html/tests/Feature/Modules/OS/OrdemServicoAtualizacaoTest.php" line="294" class="Tests\Feature\Modules\Cliente\OrdemServicoAtualizacaoTest" classname="Tests.Feature.Modules.Cliente.OrdemServicoAtualizacaoTest" assertions="7" time="0.468745"/>
        <testcase name="test_atualizacao_os_nao_encontrada_lanca_model_not_found_exception" file="/var/www/html/tests/Feature/Modules/OS/OrdemServicoAtualizacaoTest.php" line="335" class="Tests\Feature\Modules\Cliente\OrdemServicoAtualizacaoTest" classname="Tests.Feature.Modules.Cliente.OrdemServicoAtualizacaoTest" assertions="11" time="0.467125"/>
        <testcase name="test_atualizacao_os_lanca_exception_generica" file="/var/www/html/tests/Feature/Modules/OS/OrdemServicoAtualizacaoTest.php" line="367" class="Tests\Feature\Modules\Cliente\OrdemServicoAtualizacaoTest" classname="Tests.Feature.Modules.Cliente.OrdemServicoAtualizacaoTest" assertions="10" time="0.379743"/>
      </testsuite>
      <testsuite name="Tests\Feature\Modules\Cliente\OrdemServicoCadastroTest" file="/var/www/html/tests/Feature/Modules/OS/OrdemServicoCadastroTest.php" tests="6" assertions="43" errors="0" failures="0" skipped="0" time="2.523949">
        <testcase name="test_ordem_de_servico_pode_ser_cadastrada" file="/var/www/html/tests/Feature/Modules/OS/OrdemServicoCadastroTest.php" line="46" class="Tests\Feature\Modules\Cliente\OrdemServicoCadastroTest" classname="Tests.Feature.Modules.Cliente.OrdemServicoCadastroTest" assertions="6" time="0.428835"/>
        <testcase name="test_ordem_de_servico_nao_pode_ser_cadastrada_quando_um_atendente_eh_informado_incorretamente" file="/var/www/html/tests/Feature/Modules/OS/OrdemServicoCadastroTest.php" line="79" class="Tests\Feature\Modules\Cliente\OrdemServicoCadastroTest" classname="Tests.Feature.Modules.Cliente.OrdemServicoCadastroTest" assertions="6" time="0.402312"/>
        <testcase name="test_ordem_de_servico_nao_pode_ser_cadastrada_quando_um_mecanico_eh_informado_incorretamente" file="/var/www/html/tests/Feature/Modules/OS/OrdemServicoCadastroTest.php" line="112" class="Tests\Feature\Modules\Cliente\OrdemServicoCadastroTest" classname="Tests.Feature.Modules.Cliente.OrdemServicoCadastroTest" assertions="6" time="0.424077"/>
        <testcase name="test_ordem_de_servico_nao_pode_ser_cadastrada_sem_um_ou_mais_dados_obrigatorios" file="/var/www/html/tests/Feature/Modules/OS/OrdemServicoCadastroTest.php" line="145" class="Tests\Feature\Modules\Cliente\OrdemServicoCadastroTest" classname="Tests.Feature.Modules.Cliente.OrdemServicoCadastroTest" assertions="6" time="0.437181"/>
        <testcase name="test_cadastro_de_os_retorna_erro_de_regra_de_negocio" file="/var/www/html/tests/Feature/Modules/OS/OrdemServicoCadastroTest.php" line="178" class="Tests\Feature\Modules\Cliente\OrdemServicoCadastroTest" classname="Tests.Feature.Modules.Cliente.OrdemServicoCadastroTest" assertions="9" time="0.422101"/>
        <testcase name="test_cadastro_de_os_retorna_erro_interno_em_excecao_generica" file="/var/www/html/tests/Feature/Modules/OS/OrdemServicoCadastroTest.php" line="201" class="Tests\Feature\Modules\Cliente\OrdemServicoCadastroTest" classname="Tests.Feature.Modules.Cliente.OrdemServicoCadastroTest" assertions="10" time="0.409443"/>
      </testsuite>
      <testsuite name="Tests\Feature\Modules\Cliente\OrdemServicoEncerramentoTest" file="/var/www/html/tests/Feature/Modules/OS/OrdemServicoEncerramentoTest.php" tests="3" assertions="24" errors="0" failures="0" skipped="0" time="1.248761">
        <testcase name="test_ordem_de_servico_pode_ser_encerrada" file="/var/www/html/tests/Feature/Modules/OS/OrdemServicoEncerramentoTest.php" line="39" class="Tests\Feature\Modules\Cliente\OrdemServicoEncerramentoTest" classname="Tests.Feature.Modules.Cliente.OrdemServicoEncerramentoTest" assertions="7" time="0.450174"/>
        <testcase name="test_metodo_encerrar_no_controller_de_os_retorna_exception_generica" file="/var/www/html/tests/Feature/Modules/OS/OrdemServicoEncerramentoTest.php" line="77" class="Tests\Feature\Modules\Cliente\OrdemServicoEncerramentoTest" classname="Tests.Feature.Modules.Cliente.OrdemServicoEncerramentoTest" assertions="8" time="0.408833"/>
        <testcase name="test_metodo_encerrar_no_controller_de_os_lanca_model_not_found_exception" file="/var/www/html/tests/Feature/Modules/OS/OrdemServicoEncerramentoTest.php" line="105" class="Tests\Feature\Modules\Cliente\OrdemServicoEncerramentoTest" classname="Tests.Feature.Modules.Cliente.OrdemServicoEncerramentoTest" assertions="9" time="0.389753"/>
      </testsuite>
      <testsuite name="Tests\Feature\Modules\Cliente\OrdemServicoListagemTest" file="/var/www/html/tests/Feature/Modules/OS/OrdemServicoListagemTest.php" tests="5" assertions="41" errors="0" failures="0" skipped="0" time="2.046280">
        <testcase name="test_listagem_deve_retornar_erro_500_quando_service_lanca_excecao" file="/var/www/html/tests/Feature/Modules/OS/OrdemServicoListagemTest.php" line="44" class="Tests\Feature\Modules\Cliente\OrdemServicoListagemTest" classname="Tests.Feature.Modules.Cliente.OrdemServicoListagemTest" assertions="9" time="0.399712"/>
        <testcase name="test_ordens_de_servico_cadastradas_podem_ser_listadas" file="/var/www/html/tests/Feature/Modules/OS/OrdemServicoListagemTest.php" line="67" class="Tests\Feature\Modules\Cliente\OrdemServicoListagemTest" classname="Tests.Feature.Modules.Cliente.OrdemServicoListagemTest" assertions="7" time="0.442091"/>
        <testcase name="test_ordem_de_servico_pode_ser_listada_informando_uuid_de_cadastro" file="/var/www/html/tests/Feature/Modules/OS/OrdemServicoListagemTest.php" line="83" class="Tests\Feature\Modules\Cliente\OrdemServicoListagemTest" classname="Tests.Feature.Modules.Cliente.OrdemServicoListagemTest" assertions="8" time="0.420754"/>
        <testcase name="test_metodo_obter_um_por_uuid_no_controller_de_os_recupera_not_found_exception" file="/var/www/html/tests/Feature/Modules/OS/OrdemServicoListagemTest.php" line="125" class="Tests\Feature\Modules\Cliente\OrdemServicoListagemTest" classname="Tests.Feature.Modules.Cliente.OrdemServicoListagemTest" assertions="9" time="0.394374"/>
        <testcase name="test_metodo_obter_um_por_uuid_no_controller_de_os_recupera_exception_generica" file="/var/www/html/tests/Feature/Modules/OS/OrdemServicoListagemTest.php" line="157" class="Tests\Feature\Modules\Cliente\OrdemServicoListagemTest" classname="Tests.Feature.Modules.Cliente.OrdemServicoListagemTest" assertions="8" time="0.389350"/>
      </testsuite>
      <testsuite name="Tests\Feature\Modules\Cliente\OrdemServicoRemocaoTest" file="/var/www/html/tests/Feature/Modules/OS/OrdemServicoRemocaoTest.php" tests="5" assertions="39" errors="0" failures="0" skipped="0" time="2.082362">
        <testcase name="test_ordem_de_servico_pode_ser_removida" file="/var/www/html/tests/Feature/Modules/OS/OrdemServicoRemocaoTest.php" line="38" class="Tests\Feature\Modules\Cliente\OrdemServicoRemocaoTest" classname="Tests.Feature.Modules.Cliente.OrdemServicoRemocaoTest" assertions="8" time="0.441783"/>
        <testcase name="test_ordem_de_servico_nao_pode_ser_removida_sem_um_uuid_valido" file="/var/www/html/tests/Feature/Modules/OS/OrdemServicoRemocaoTest.php" line="76" class="Tests\Feature\Modules\Cliente\OrdemServicoRemocaoTest" classname="Tests.Feature.Modules.Cliente.OrdemServicoRemocaoTest" assertions="7" time="0.454449"/>
        <testcase name="test_remocao_ordem_inexistente_lanca_model_not_found" file="/var/www/html/tests/Feature/Modules/OS/OrdemServicoRemocaoTest.php" line="114" class="Tests\Feature\Modules\Cliente\OrdemServicoRemocaoTest" classname="Tests.Feature.Modules.Cliente.OrdemServicoRemocaoTest" assertions="8" time="0.393518"/>
        <testcase name="test_remocao_ordem_lanca_excecao_generica" file="/var/www/html/tests/Feature/Modules/OS/OrdemServicoRemocaoTest.php" line="146" class="Tests\Feature\Modules\Cliente\OrdemServicoRemocaoTest" classname="Tests.Feature.Modules.Cliente.OrdemServicoRemocaoTest" assertions="8" time="0.405864"/>
        <testcase name="test_remocao_ordem_sucesso" file="/var/www/html/tests/Feature/Modules/OS/OrdemServicoRemocaoTest.php" line="173" class="Tests\Feature\Modules\Cliente\OrdemServicoRemocaoTest" classname="Tests.Feature.Modules.Cliente.OrdemServicoRemocaoTest" assertions="8" time="0.386748"/>
      </testsuite>
      <testsuite name="Tests\Feature\Modules\PecaInsumo\PecaInsumoAtualizacaoTest" file="/var/www/html/tests/Feature/Modules/PecaInsumo/PecaInsumoAtualizacaoTest.php" tests="7" assertions="27" errors="0" failures="0" skipped="0" time="1.365554">
        <testcase name="test_atualizar_peca_insumo_por_uuid" file="/var/www/html/tests/Feature/Modules/PecaInsumo/PecaInsumoAtualizacaoTest.php" line="34" class="Tests\Feature\Modules\PecaInsumo\PecaInsumoAtualizacaoTest" classname="Tests.Feature.Modules.PecaInsumo.PecaInsumoAtualizacaoTest" assertions="10" time="0.305535"/>
        <testcase name="test_atualizar_servico_por_uuid_que_nao_existe" file="/var/www/html/tests/Feature/Modules/PecaInsumo/PecaInsumoAtualizacaoTest.php" line="64" class="Tests\Feature\Modules\PecaInsumo\PecaInsumoAtualizacaoTest" classname="Tests.Feature.Modules.PecaInsumo.PecaInsumoAtualizacaoTest" assertions="2" time="0.172649"/>
        <testcase name="test_atualizar_peca_insumo_com_dados_invalidos" file="/var/www/html/tests/Feature/Modules/PecaInsumo/PecaInsumoAtualizacaoTest.php" line="75" class="Tests\Feature\Modules\PecaInsumo\PecaInsumoAtualizacaoTest" classname="Tests.Feature.Modules.PecaInsumo.PecaInsumoAtualizacaoTest" assertions="2" time="0.175150"/>
        <testcase name="test_atualizar_peca_insumo_com_uuid_mal_formado" file="/var/www/html/tests/Feature/Modules/PecaInsumo/PecaInsumoAtualizacaoTest.php" line="94" class="Tests\Feature\Modules\PecaInsumo\PecaInsumoAtualizacaoTest" classname="Tests.Feature.Modules.PecaInsumo.PecaInsumoAtualizacaoTest" assertions="2" time="0.175223"/>
        <testcase name="test_atualizar_peca_insumo_sem_payload" file="/var/www/html/tests/Feature/Modules/PecaInsumo/PecaInsumoAtualizacaoTest.php" line="103" class="Tests\Feature\Modules\PecaInsumo\PecaInsumoAtualizacaoTest" classname="Tests.Feature.Modules.PecaInsumo.PecaInsumoAtualizacaoTest" assertions="2" time="0.177272"/>
        <testcase name="test_atualizar_peca_insumo_com_erro_interno" file="/var/www/html/tests/Feature/Modules/PecaInsumo/PecaInsumoAtualizacaoTest.php" line="112" class="Tests\Feature\Modules\PecaInsumo\PecaInsumoAtualizacaoTest" classname="Tests.Feature.Modules.PecaInsumo.PecaInsumoAtualizacaoTest" assertions="3" time="0.166170"/>
        <testcase name="test_atualizar_peca_insumo_com_database_exception" file="/var/www/html/tests/Feature/Modules/PecaInsumo/PecaInsumoAtualizacaoTest.php" line="127" class="Tests\Feature\Modules\PecaInsumo\PecaInsumoAtualizacaoTest" classname="Tests.Feature.Modules.PecaInsumo.PecaInsumoAtualizacaoTest" assertions="6" time="0.193555"/>
      </testsuite>
      <testsuite name="Tests\Feature\Modules\PecaInsumo\PecaInsumoCadastroTest" file="/var/www/html/tests/Feature/Modules/PecaInsumo/PecaInsumoCadastroTest.php" tests="5" assertions="12" errors="0" failures="0" skipped="0" time="0.845633">
        <testcase name="test_cadastrar_peca_insumo" file="/var/www/html/tests/Feature/Modules/PecaInsumo/PecaInsumoCadastroTest.php" line="33" class="Tests\Feature\Modules\PecaInsumo\PecaInsumoCadastroTest" classname="Tests.Feature.Modules.PecaInsumo.PecaInsumoCadastroTest" assertions="3" time="0.168582"/>
        <testcase name="test_descricao_eh_obrigatoria_e_deve_ter_minimo_3_caracteres" file="/var/www/html/tests/Feature/Modules/PecaInsumo/PecaInsumoCadastroTest.php" line="41" class="Tests\Feature\Modules\PecaInsumo\PecaInsumoCadastroTest" classname="Tests.Feature.Modules.PecaInsumo.PecaInsumoCadastroTest" assertions="2" time="0.190266"/>
        <testcase name="test_valor_do_peca_insumo_deve_ser_maior_que_zero" file="/var/www/html/tests/Feature/Modules/PecaInsumo/PecaInsumoCadastroTest.php" line="49" class="Tests\Feature\Modules\PecaInsumo\PecaInsumoCadastroTest" classname="Tests.Feature.Modules.PecaInsumo.PecaInsumoCadastroTest" assertions="2" time="0.168135"/>
        <testcase name="test_status_do_peca_insumo_deve_ser_ativo_ou_inativo" file="/var/www/html/tests/Feature/Modules/PecaInsumo/PecaInsumoCadastroTest.php" line="58" class="Tests\Feature\Modules\PecaInsumo\PecaInsumoCadastroTest" classname="Tests.Feature.Modules.PecaInsumo.PecaInsumoCadastroTest" assertions="2" time="0.148865"/>
        <testcase name="test_cadastrar_peca_insumo_com_erro_interno" file="/var/www/html/tests/Feature/Modules/PecaInsumo/PecaInsumoCadastroTest.php" line="67" class="Tests\Feature\Modules\PecaInsumo\PecaInsumoCadastroTest" classname="Tests.Feature.Modules.PecaInsumo.PecaInsumoCadastroTest" assertions="3" time="0.169786"/>
      </testsuite>
      <testsuite name="Tests\Feature\Modules\PecaInsumo\PecaInsumoListagemTest" file="/var/www/html/tests/Feature/Modules/PecaInsumo/PecaInsumoListagemTest.php" tests="2" assertions="5" errors="0" failures="0" skipped="0" time="0.365600">
        <testcase name="test_listar_todos_peca_insumos" file="/var/www/html/tests/Feature/Modules/PecaInsumo/PecaInsumoListagemTest.php" line="20" class="Tests\Feature\Modules\PecaInsumo\PecaInsumoListagemTest" classname="Tests.Feature.Modules.PecaInsumo.PecaInsumoListagemTest" assertions="2" time="0.206272"/>
        <testcase name="test_listar_peca_insumos_com_erro_interno" file="/var/www/html/tests/Feature/Modules/PecaInsumo/PecaInsumoListagemTest.php" line="28" class="Tests\Feature\Modules\PecaInsumo\PecaInsumoListagemTest" classname="Tests.Feature.Modules.PecaInsumo.PecaInsumoListagemTest" assertions="3" time="0.159327"/>
      </testsuite>
      <testsuite name="Tests\Feature\Modules\PecaInsumo\PecaInsumoObterPorUuidTest" file="/var/www/html/tests/Feature/Modules/PecaInsumo/PecaInsumoObterPorUuidTest.php" tests="4" assertions="10" errors="0" failures="0" skipped="0" time="0.962968">
        <testcase name="test_obter_peca_insumo_por_uuid_que_nao_existe" file="/var/www/html/tests/Feature/Modules/PecaInsumo/PecaInsumoObterPorUuidTest.php" line="20" class="Tests\Feature\Modules\PecaInsumo\PecaInsumoObterPorUuidTest" classname="Tests.Feature.Modules.PecaInsumo.PecaInsumoObterPorUuidTest" assertions="2" time="0.202557"/>
        <testcase name="test_obter_peca_insumo_por_uuid" file="/var/www/html/tests/Feature/Modules/PecaInsumo/PecaInsumoObterPorUuidTest.php" line="29" class="Tests\Feature\Modules\PecaInsumo\PecaInsumoObterPorUuidTest" classname="Tests.Feature.Modules.PecaInsumo.PecaInsumoObterPorUuidTest" assertions="2" time="0.156520"/>
        <testcase name="test_obter_peca_insumo_com_encoding_error" file="/var/www/html/tests/Feature/Modules/PecaInsumo/PecaInsumoObterPorUuidTest.php" line="36" class="Tests\Feature\Modules\PecaInsumo\PecaInsumoObterPorUuidTest" classname="Tests.Feature.Modules.PecaInsumo.PecaInsumoObterPorUuidTest" assertions="3" time="0.421764"/>
        <testcase name="test_obter_peca_insumo_com_erro_generico" file="/var/www/html/tests/Feature/Modules/PecaInsumo/PecaInsumoObterPorUuidTest.php" line="54" class="Tests\Feature\Modules\PecaInsumo\PecaInsumoObterPorUuidTest" classname="Tests.Feature.Modules.PecaInsumo.PecaInsumoObterPorUuidTest" assertions="3" time="0.182127"/>
      </testsuite>
      <testsuite name="Tests\Feature\Modules\PecaInsumo\PecaInsumoRemocaoTest" file="/var/www/html/tests/Feature/Modules/PecaInsumo/PecaInsumoRemocaoTest.php" tests="3" assertions="8" errors="0" failures="0" skipped="0" time="0.509179">
        <testcase name="test_remocao_logica_do_peca_insumo_por_uuid" file="/var/www/html/tests/Feature/Modules/PecaInsumo/PecaInsumoRemocaoTest.php" line="20" class="Tests\Feature\Modules\PecaInsumo\PecaInsumoRemocaoTest" classname="Tests.Feature.Modules.PecaInsumo.PecaInsumoRemocaoTest" assertions="3" time="0.174698"/>
        <testcase name="test_remocao_logica_do_peca_insumo_por_uuid_que_nao_existe" file="/var/www/html/tests/Feature/Modules/PecaInsumo/PecaInsumoRemocaoTest.php" line="30" class="Tests\Feature\Modules\PecaInsumo\PecaInsumoRemocaoTest" classname="Tests.Feature.Modules.PecaInsumo.PecaInsumoRemocaoTest" assertions="2" time="0.178751"/>
        <testcase name="test_remocao_peca_insumo_com_erro_interno" file="/var/www/html/tests/Feature/Modules/PecaInsumo/PecaInsumoRemocaoTest.php" line="37" class="Tests\Feature\Modules\PecaInsumo\PecaInsumoRemocaoTest" classname="Tests.Feature.Modules.PecaInsumo.PecaInsumoRemocaoTest" assertions="3" time="0.155730"/>
      </testsuite>
      <testsuite name="Tests\Feature\PecaInsumoTest" file="/var/www/html/tests/Feature/Modules/PecaInsumo/PecaInsumoTest.php" tests="41" assertions="67" errors="0" failures="0" skipped="0" time="6.058575">
        <testcase name="test_listagem_dto_retorna_array_vazio_inicialmente" file="/var/www/html/tests/Feature/Modules/PecaInsumo/PecaInsumoTest.php" line="23" class="Tests\Feature\PecaInsumoTest" classname="Tests.Feature.PecaInsumoTest" assertions="2" time="0.166033"/>
        <testcase name="test_cadastro_dto_aceita_dados_peca_Insumo" file="/var/www/html/tests/Feature/Modules/PecaInsumo/PecaInsumoTest.php" line="36" class="Tests\Feature\PecaInsumoTest" classname="Tests.Feature.PecaInsumoTest" assertions="5" time="0.155481"/>
        <testcase name="test_peca_Insumo_model_pode_ser_instanciado" file="/var/www/html/tests/Feature/Modules/PecaInsumo/PecaInsumoTest.php" line="62" class="Tests\Feature\PecaInsumoTest" classname="Tests.Feature.PecaInsumoTest" assertions="1" time="0.159975"/>
        <testcase name="test_peca_Insumo_model_tem_tabela_correta" file="/var/www/html/tests/Feature/Modules/PecaInsumo/PecaInsumoTest.php" line="71" class="Tests\Feature\PecaInsumoTest" classname="Tests.Feature.PecaInsumoTest" assertions="1" time="0.129430"/>
        <testcase name="test_peca_Insumo_model_tem_fillable_corretos" file="/var/www/html/tests/Feature/Modules/PecaInsumo/PecaInsumoTest.php" line="81" class="Tests\Feature\PecaInsumoTest" classname="Tests.Feature.PecaInsumoTest" assertions="1" time="0.139214"/>
        <testcase name="test_peca_Insumo_model_pode_receber_dados_construtor" file="/var/www/html/tests/Feature/Modules/PecaInsumo/PecaInsumoTest.php" line="105" class="Tests\Feature\PecaInsumoTest" classname="Tests.Feature.PecaInsumoTest" assertions="5" time="0.128347"/>
        <testcase name="test_peca_Insumo_model_timestamps_desabilitados" file="/var/www/html/tests/Feature/Modules/PecaInsumo/PecaInsumoTest.php" line="130" class="Tests\Feature\PecaInsumoTest" classname="Tests.Feature.PecaInsumoTest" assertions="1" time="0.134637"/>
        <testcase name="test_peca_Insumo_repository_pode_ser_instanciado" file="/var/www/html/tests/Feature/Modules/PecaInsumo/PecaInsumoTest.php" line="142" class="Tests\Feature\PecaInsumoTest" classname="Tests.Feature.PecaInsumoTest" assertions="1" time="0.167118"/>
        <testcase name="test_peca_Insumo_repository_herda_abstract_repository" file="/var/www/html/tests/Feature/Modules/PecaInsumo/PecaInsumoTest.php" line="152" class="Tests\Feature\PecaInsumoTest" classname="Tests.Feature.PecaInsumoTest" assertions="1" time="0.162410"/>
        <testcase name="test_peca_Insumo_repository_implementa_interface" file="/var/www/html/tests/Feature/Modules/PecaInsumo/PecaInsumoTest.php" line="162" class="Tests\Feature\PecaInsumoTest" classname="Tests.Feature.PecaInsumoTest" assertions="1" time="0.151851"/>
        <testcase name="test_peca_Insumo_repository_tem_model_correto" file="/var/www/html/tests/Feature/Modules/PecaInsumo/PecaInsumoTest.php" line="172" class="Tests\Feature\PecaInsumoTest" classname="Tests.Feature.PecaInsumoTest" assertions="1" time="0.169731"/>
        <testcase name="test_peca_Insumo_repository_tem_metodos_obrigatorios" file="/var/www/html/tests/Feature/Modules/PecaInsumo/PecaInsumoTest.php" line="182" class="Tests\Feature\PecaInsumoTest" classname="Tests.Feature.PecaInsumoTest" assertions="6" time="0.158177"/>
        <testcase name="test_peca_Insumo_service_pode_ser_instanciado" file="/var/www/html/tests/Feature/Modules/PecaInsumo/PecaInsumoTest.php" line="197" class="Tests\Feature\PecaInsumoTest" classname="Tests.Feature.PecaInsumoTest" assertions="1" time="0.137876"/>
        <testcase name="test_atualizacao_retorna_array_vazio_quando_dados_vazios" file="/var/www/html/tests/Feature/Modules/PecaInsumo/PecaInsumoTest.php" line="205" class="Tests\Feature\PecaInsumoTest" classname="Tests.Feature.PecaInsumoTest" assertions="4" time="0.172272"/>
        <testcase name="test_peca_Insumo_service_tem_metodo_listagem" file="/var/www/html/tests/Feature/Modules/PecaInsumo/PecaInsumoTest.php" line="230" class="Tests\Feature\PecaInsumoTest" classname="Tests.Feature.PecaInsumoTest" assertions="1" time="0.157706"/>
        <testcase name="test_peca_Insumo_service_tem_metodo_cadastro" file="/var/www/html/tests/Feature/Modules/PecaInsumo/PecaInsumoTest.php" line="238" class="Tests\Feature\PecaInsumoTest" classname="Tests.Feature.PecaInsumoTest" assertions="1" time="0.161199"/>
        <testcase name="test_peca_Insumo_service_tem_metodo_obter_um_por_uuid" file="/var/www/html/tests/Feature/Modules/PecaInsumo/PecaInsumoTest.php" line="246" class="Tests\Feature\PecaInsumoTest" classname="Tests.Feature.PecaInsumoTest" assertions="1" time="0.161025"/>
        <testcase name="test_peca_Insumo_service_tem_metodo_remocao" file="/var/www/html/tests/Feature/Modules/PecaInsumo/PecaInsumoTest.php" line="254" class="Tests\Feature\PecaInsumoTest" classname="Tests.Feature.PecaInsumoTest" assertions="1" time="0.163168"/>
        <testcase name="test_peca_Insumo_service_tem_metodo_atualizacao" file="/var/www/html/tests/Feature/Modules/PecaInsumo/PecaInsumoTest.php" line="262" class="Tests\Feature\PecaInsumoTest" classname="Tests.Feature.PecaInsumoTest" assertions="1" time="0.150161"/>
        <testcase name="test_peca_Insumo_service_recebe_repository_construtor" file="/var/www/html/tests/Feature/Modules/PecaInsumo/PecaInsumoTest.php" line="270" class="Tests\Feature\PecaInsumoTest" classname="Tests.Feature.PecaInsumoTest" assertions="1" time="0.156060"/>
        <testcase name="test_peca_Insumo_controller_pode_ser_instanciado" file="/var/www/html/tests/Feature/Modules/PecaInsumo/PecaInsumoTest.php" line="284" class="Tests\Feature\PecaInsumoTest" classname="Tests.Feature.PecaInsumoTest" assertions="1" time="0.155764"/>
        <testcase name="test_peca_Insumo_controller_herda_controller_base" file="/var/www/html/tests/Feature/Modules/PecaInsumo/PecaInsumoTest.php" line="296" class="Tests\Feature\PecaInsumoTest" classname="Tests.Feature.PecaInsumoTest" assertions="1" time="0.143366"/>
        <testcase name="test_peca_Insumo_controller_tem_metodo_listagem" file="/var/www/html/tests/Feature/Modules/PecaInsumo/PecaInsumoTest.php" line="308" class="Tests\Feature\PecaInsumoTest" classname="Tests.Feature.PecaInsumoTest" assertions="1" time="0.139247"/>
        <testcase name="test_peca_Insumo_controller_tem_metodo_cadastro" file="/var/www/html/tests/Feature/Modules/PecaInsumo/PecaInsumoTest.php" line="316" class="Tests\Feature\PecaInsumoTest" classname="Tests.Feature.PecaInsumoTest" assertions="1" time="0.140608"/>
        <testcase name="test_peca_Insumo_controller_tem_metodo_obter_um_por_uuid" file="/var/www/html/tests/Feature/Modules/PecaInsumo/PecaInsumoTest.php" line="324" class="Tests\Feature\PecaInsumoTest" classname="Tests.Feature.PecaInsumoTest" assertions="1" time="0.140928"/>
        <testcase name="test_peca_Insumo_controller_tem_metodo_remocao" file="/var/www/html/tests/Feature/Modules/PecaInsumo/PecaInsumoTest.php" line="332" class="Tests\Feature\PecaInsumoTest" classname="Tests.Feature.PecaInsumoTest" assertions="1" time="0.149334"/>
        <testcase name="test_peca_Insumo_controller_tem_metodo_atualizacao" file="/var/www/html/tests/Feature/Modules/PecaInsumo/PecaInsumoTest.php" line="340" class="Tests\Feature\PecaInsumoTest" classname="Tests.Feature.PecaInsumoTest" assertions="1" time="0.140652"/>
        <testcase name="test_peca_Insumo_controller_recebe_service_construtor" file="/var/www/html/tests/Feature/Modules/PecaInsumo/PecaInsumoTest.php" line="348" class="Tests\Feature\PecaInsumoTest" classname="Tests.Feature.PecaInsumoTest" assertions="1" time="0.147469"/>
        <testcase name="test_peca_Insumo_cadastro_request_pode_ser_instanciado" file="/var/www/html/tests/Feature/Modules/PecaInsumo/PecaInsumoTest.php" line="363" class="Tests\Feature\PecaInsumoTest" classname="Tests.Feature.PecaInsumoTest" assertions="1" time="0.134577"/>
        <testcase name="test_peca_Insumo_cadastro_request_herda_form_request" file="/var/www/html/tests/Feature/Modules/PecaInsumo/PecaInsumoTest.php" line="373" class="Tests\Feature\PecaInsumoTest" classname="Tests.Feature.PecaInsumoTest" assertions="1" time="0.136609"/>
        <testcase name="test_peca_Insumo_cadastro_request_tem_metodo_rules" file="/var/www/html/tests/Feature/Modules/PecaInsumo/PecaInsumoTest.php" line="383" class="Tests\Feature\PecaInsumoTest" classname="Tests.Feature.PecaInsumoTest" assertions="1" time="0.129461"/>
        <testcase name="test_peca_Insumo_cadastro_request_tem_metodo_to_dto" file="/var/www/html/tests/Feature/Modules/PecaInsumo/PecaInsumoTest.php" line="391" class="Tests\Feature\PecaInsumoTest" classname="Tests.Feature.PecaInsumoTest" assertions="1" time="0.138150"/>
        <testcase name="test_peca_Insumo_listagem_request_pode_ser_instanciado" file="/var/www/html/tests/Feature/Modules/PecaInsumo/PecaInsumoTest.php" line="399" class="Tests\Feature\PecaInsumoTest" classname="Tests.Feature.PecaInsumoTest" assertions="1" time="0.148282"/>
        <testcase name="test_peca_Insumo_obter_um_por_uuid_request_pode_ser_instanciado" file="/var/www/html/tests/Feature/Modules/PecaInsumo/PecaInsumoTest.php" line="409" class="Tests\Feature\PecaInsumoTest" classname="Tests.Feature.PecaInsumoTest" assertions="1" time="0.151593"/>
        <testcase name="test_peca_Insumo_atualizacao_request_pode_ser_instanciado" file="/var/www/html/tests/Feature/Modules/PecaInsumo/PecaInsumoTest.php" line="419" class="Tests\Feature\PecaInsumoTest" classname="Tests.Feature.PecaInsumoTest" assertions="1" time="0.159950"/>
        <testcase name="test_peca_Insumo_pode_definir_rotas" file="/var/www/html/tests/Feature/Modules/PecaInsumo/PecaInsumoTest.php" line="431" class="Tests\Feature\PecaInsumoTest" classname="Tests.Feature.PecaInsumoTest" assertions="2" time="0.155107"/>
        <testcase name="test_peca_Insumo_controller_namespace_correto" file="/var/www/html/tests/Feature/Modules/PecaInsumo/PecaInsumoTest.php" line="441" class="Tests\Feature\PecaInsumoTest" classname="Tests.Feature.PecaInsumoTest" assertions="1" time="0.136759"/>
        <testcase name="test_peca_Insumo_controller_tem_metodos_para_rotas" file="/var/www/html/tests/Feature/Modules/PecaInsumo/PecaInsumoTest.php" line="452" class="Tests\Feature\PecaInsumoTest" classname="Tests.Feature.PecaInsumoTest" assertions="5" time="0.130206"/>
        <testcase name="test_peca_Insumo_constantes_http_disponiveis" file="/var/www/html/tests/Feature/Modules/PecaInsumo/PecaInsumoTest.php" line="466" class="Tests\Feature\PecaInsumoTest" classname="Tests.Feature.PecaInsumoTest" assertions="3" time="0.135657"/>
        <testcase name="test_peca_Insumo_controller_tem_anotacoes_openapi" file="/var/www/html/tests/Feature/Modules/PecaInsumo/PecaInsumoTest.php" line="478" class="Tests\Feature\PecaInsumoTest" classname="Tests.Feature.PecaInsumoTest" assertions="1" time="0.133940"/>
        <testcase name="test_peca_Insumo_controller_listagem_tem_swagger" file="/var/www/html/tests/Feature/Modules/PecaInsumo/PecaInsumoTest.php" line="498" class="Tests\Feature\PecaInsumoTest" classname="Tests.Feature.PecaInsumoTest" assertions="3" time="0.129043"/>
      </testsuite>
      <testsuite name="Tests\Feature\Modules\Servico\ServicoAtualizacaoTest" file="/var/www/html/tests/Feature/Modules/Servico/ServicoAtualizacaoTest.php" tests="4" assertions="18" errors="0" failures="0" skipped="0" time="0.709882">
        <testcase name="test_atualizar_servico_por_uuid" file="/var/www/html/tests/Feature/Modules/Servico/ServicoAtualizacaoTest.php" line="32" class="Tests\Feature\Modules\Servico\ServicoAtualizacaoTest" classname="Tests.Feature.Modules.Servico.ServicoAtualizacaoTest" assertions="12" time="0.255735"/>
        <testcase name="test_atualizar_servico_por_uuid_que_nao_existe" file="/var/www/html/tests/Feature/Modules/Servico/ServicoAtualizacaoTest.php" line="59" class="Tests\Feature\Modules\Servico\ServicoAtualizacaoTest" classname="Tests.Feature.Modules.Servico.ServicoAtualizacaoTest" assertions="2" time="0.146093"/>
        <testcase name="test_atualizar_servico_por_uuid_com_formato_invalido" file="/var/www/html/tests/Feature/Modules/Servico/ServicoAtualizacaoTest.php" line="70" class="Tests\Feature\Modules\Servico\ServicoAtualizacaoTest" classname="Tests.Feature.Modules.Servico.ServicoAtualizacaoTest" assertions="2" time="0.148229"/>
        <testcase name="test_atualizar_servico_usando_mock_com_erro_500_interno" file="/var/www/html/tests/Feature/Modules/Servico/ServicoAtualizacaoTest.php" line="81" class="Tests\Feature\Modules\Servico\ServicoAtualizacaoTest" classname="Tests.Feature.Modules.Servico.ServicoAtualizacaoTest" assertions="2" time="0.159825"/>
      </testsuite>
      <testsuite name="Tests\Feature\Modules\Servico\ServicoCadastroTest" file="/var/www/html/tests/Feature/Modules/Servico/ServicoCadastroTest.php" tests="6" assertions="18" errors="0" failures="0" skipped="0" time="1.005157">
        <testcase name="test_cadastrar_servico" file="/var/www/html/tests/Feature/Modules/Servico/ServicoCadastroTest.php" line="30" class="Tests\Feature\Modules\Servico\ServicoCadastroTest" classname="Tests.Feature.Modules.Servico.ServicoCadastroTest" assertions="3" time="0.164368"/>
        <testcase name="test_descricao_eh_obrigatoria_e_deve_ter_minimo_3_caracteres" file="/var/www/html/tests/Feature/Modules/Servico/ServicoCadastroTest.php" line="38" class="Tests\Feature\Modules\Servico\ServicoCadastroTest" classname="Tests.Feature.Modules.Servico.ServicoCadastroTest" assertions="3" time="0.167525"/>
        <testcase name="test_descricao_do_servico_deve_ser_unica" file="/var/www/html/tests/Feature/Modules/Servico/ServicoCadastroTest.php" line="46" class="Tests\Feature\Modules\Servico\ServicoCadastroTest" classname="Tests.Feature.Modules.Servico.ServicoCadastroTest" assertions="4" time="0.204759"/>
        <testcase name="test_valor_do_servico_deve_ser_maior_que_zero" file="/var/www/html/tests/Feature/Modules/Servico/ServicoCadastroTest.php" line="63" class="Tests\Feature\Modules\Servico\ServicoCadastroTest" classname="Tests.Feature.Modules.Servico.ServicoCadastroTest" assertions="3" time="0.162065"/>
        <testcase name="test_status_do_servico_deve_ser_ativo_ou_inativo" file="/var/www/html/tests/Feature/Modules/Servico/ServicoCadastroTest.php" line="72" class="Tests\Feature\Modules\Servico\ServicoCadastroTest" classname="Tests.Feature.Modules.Servico.ServicoCadastroTest" assertions="3" time="0.155582"/>
        <testcase name="test_cadastro_servico_usando_mock_com_erro_500_interno" file="/var/www/html/tests/Feature/Modules/Servico/ServicoCadastroTest.php" line="81" class="Tests\Feature\Modules\Servico\ServicoCadastroTest" classname="Tests.Feature.Modules.Servico.ServicoCadastroTest" assertions="2" time="0.150860"/>
      </testsuite>
      <testsuite name="Tests\Feature\Modules\Servico\ServicoListagemTest" file="/var/www/html/tests/Feature/Modules/Servico/ServicoListagemTest.php" tests="6" assertions="36" errors="0" failures="0" skipped="0" time="1.007811">
        <testcase name="test_listar_todos_servicos" file="/var/www/html/tests/Feature/Modules/Servico/ServicoListagemTest.php" line="21" class="Tests\Feature\Modules\Servico\ServicoListagemTest" classname="Tests.Feature.Modules.Servico.ServicoListagemTest" assertions="14" time="0.182450"/>
        <testcase name="test_listar_todos_servicos_com_erro_500_interno" file="/var/www/html/tests/Feature/Modules/Servico/ServicoListagemTest.php" line="45" class="Tests\Feature\Modules\Servico\ServicoListagemTest" classname="Tests.Feature.Modules.Servico.ServicoListagemTest" assertions="3" time="0.151069"/>
        <testcase name="test_listar_servico_por_uuid" file="/var/www/html/tests/Feature/Modules/Servico/ServicoListagemTest.php" line="62" class="Tests\Feature\Modules\Servico\ServicoListagemTest" classname="Tests.Feature.Modules.Servico.ServicoListagemTest" assertions="12" time="0.170840"/>
        <testcase name="test_listar_servico_por_uuid_com_erro_500_interno" file="/var/www/html/tests/Feature/Modules/Servico/ServicoListagemTest.php" line="84" class="Tests\Feature\Modules\Servico\ServicoListagemTest" classname="Tests.Feature.Modules.Servico.ServicoListagemTest" assertions="3" time="0.169004"/>
        <testcase name="test_listar_servico_por_uuid_que_nao_existe" file="/var/www/html/tests/Feature/Modules/Servico/ServicoListagemTest.php" line="105" class="Tests\Feature\Modules\Servico\ServicoListagemTest" classname="Tests.Feature.Modules.Servico.ServicoListagemTest" assertions="2" time="0.160659"/>
        <testcase name="test_listar_servico_por_uuid_com_formato_invalido" file="/var/www/html/tests/Feature/Modules/Servico/ServicoListagemTest.php" line="112" class="Tests\Feature\Modules\Servico\ServicoListagemTest" classname="Tests.Feature.Modules.Servico.ServicoListagemTest" assertions="2" time="0.173788"/>
      </testsuite>
      <testsuite name="Tests\Feature\Modules\Servico\ServicoRemocaoTest" file="/var/www/html/tests/Feature/Modules/Servico/ServicoRemocaoTest.php" tests="5" assertions="12" errors="0" failures="0" skipped="0" time="0.854879">
        <testcase name="test_exclusao_logica_do_servico_por_uuid" file="/var/www/html/tests/Feature/Modules/Servico/ServicoRemocaoTest.php" line="22" class="Tests\Feature\Modules\Servico\ServicoRemocaoTest" classname="Tests.Feature.Modules.Servico.ServicoRemocaoTest" assertions="4" time="0.175473"/>
        <testcase name="test_exclusao_logica_do_servico_via_api_por_uuid_que_nao_existe" file="/var/www/html/tests/Feature/Modules/Servico/ServicoRemocaoTest.php" line="32" class="Tests\Feature\Modules\Servico\ServicoRemocaoTest" classname="Tests.Feature.Modules.Servico.ServicoRemocaoTest" assertions="2" time="0.170411"/>
        <testcase name="test_exclusao_logica_do_servico_via_api_por_uuid_com_formato_invalido" file="/var/www/html/tests/Feature/Modules/Servico/ServicoRemocaoTest.php" line="39" class="Tests\Feature\Modules\Servico\ServicoRemocaoTest" classname="Tests.Feature.Modules.Servico.ServicoRemocaoTest" assertions="2" time="0.179782"/>
        <testcase name="test_exclusao_logica_do_servico_com_mock_com_erro_500_interno" file="/var/www/html/tests/Feature/Modules/Servico/ServicoRemocaoTest.php" line="46" class="Tests\Feature\Modules\Servico\ServicoRemocaoTest" classname="Tests.Feature.Modules.Servico.ServicoRemocaoTest" assertions="2" time="0.166677"/>
        <testcase name="test_exclusao_logica_do_servico_com_mock_com_erro_404_interno" file="/var/www/html/tests/Feature/Modules/Servico/ServicoRemocaoTest.php" line="63" class="Tests\Feature\Modules\Servico\ServicoRemocaoTest" classname="Tests.Feature.Modules.Servico.ServicoRemocaoTest" assertions="2" time="0.162536"/>
      </testsuite>
      <testsuite name="Tests\Feature\ServicoTest" file="/var/www/html/tests/Feature/Modules/Servico/ServicoTest.php" tests="41" assertions="64" errors="0" failures="0" skipped="0" time="5.910444">
        <testcase name="test_servico_dto_retorna_array_vazio_inicialmente" file="/var/www/html/tests/Feature/Modules/Servico/ServicoTest.php" line="15" class="Tests\Feature\ServicoTest" classname="Tests.Feature.ServicoTest" assertions="2" time="0.171003"/>
        <testcase name="test_cadastro_dto_aceita_dados_servico" file="/var/www/html/tests/Feature/Modules/Servico/ServicoTest.php" line="25" class="Tests\Feature\ServicoTest" classname="Tests.Feature.ServicoTest" assertions="4" time="0.133271"/>
        <testcase name="test_servico_model_pode_ser_instanciado" file="/var/www/html/tests/Feature/Modules/Servico/ServicoTest.php" line="43" class="Tests\Feature\ServicoTest" classname="Tests.Feature.ServicoTest" assertions="1" time="0.139438"/>
        <testcase name="test_servico_model_tem_tabela_correta" file="/var/www/html/tests/Feature/Modules/Servico/ServicoTest.php" line="49" class="Tests\Feature\ServicoTest" classname="Tests.Feature.ServicoTest" assertions="1" time="0.150409"/>
        <testcase name="test_servico_model_tem_fillable_corretos" file="/var/www/html/tests/Feature/Modules/Servico/ServicoTest.php" line="56" class="Tests\Feature\ServicoTest" classname="Tests.Feature.ServicoTest" assertions="1" time="0.136835"/>
        <testcase name="test_servico_model_pode_receber_dados_construtor" file="/var/www/html/tests/Feature/Modules/Servico/ServicoTest.php" line="73" class="Tests\Feature\ServicoTest" classname="Tests.Feature.ServicoTest" assertions="3" time="0.135578"/>
        <testcase name="test_servico_model_timestamps_desabilitados" file="/var/www/html/tests/Feature/Modules/Servico/ServicoTest.php" line="88" class="Tests\Feature\ServicoTest" classname="Tests.Feature.ServicoTest" assertions="1" time="0.130486"/>
        <testcase name="test_servico_repository_pode_ser_instanciado" file="/var/www/html/tests/Feature/Modules/Servico/ServicoTest.php" line="97" class="Tests\Feature\ServicoTest" classname="Tests.Feature.ServicoTest" assertions="1" time="0.126988"/>
        <testcase name="test_servico_repository_herda_abstract_repository" file="/var/www/html/tests/Feature/Modules/Servico/ServicoTest.php" line="104" class="Tests\Feature\ServicoTest" classname="Tests.Feature.ServicoTest" assertions="1" time="0.137473"/>
        <testcase name="test_servico_repository_implementa_interface" file="/var/www/html/tests/Feature/Modules/Servico/ServicoTest.php" line="111" class="Tests\Feature\ServicoTest" classname="Tests.Feature.ServicoTest" assertions="1" time="0.131968"/>
        <testcase name="test_servico_repository_tem_model_correto" file="/var/www/html/tests/Feature/Modules/Servico/ServicoTest.php" line="118" class="Tests\Feature\ServicoTest" classname="Tests.Feature.ServicoTest" assertions="1" time="0.155045"/>
        <testcase name="test_servico_repository_tem_metodos_obrigatorios" file="/var/www/html/tests/Feature/Modules/Servico/ServicoTest.php" line="125" class="Tests\Feature\ServicoTest" classname="Tests.Feature.ServicoTest" assertions="6" time="0.159647"/>
        <testcase name="test_servico_service_pode_ser_instanciado" file="/var/www/html/tests/Feature/Modules/Servico/ServicoTest.php" line="137" class="Tests\Feature\ServicoTest" classname="Tests.Feature.ServicoTest" assertions="1" time="0.159766"/>
        <testcase name="test_atualizacao_retorna_array_vazio_quando_dados_vazios" file="/var/www/html/tests/Feature/Modules/Servico/ServicoTest.php" line="145" class="Tests\Feature\ServicoTest" classname="Tests.Feature.ServicoTest" assertions="4" time="0.139670"/>
        <testcase name="test_servico_service_tem_metodo_listagem" file="/var/www/html/tests/Feature/Modules/Servico/ServicoTest.php" line="167" class="Tests\Feature\ServicoTest" classname="Tests.Feature.ServicoTest" assertions="1" time="0.131064"/>
        <testcase name="test_servico_service_tem_metodo_cadastro" file="/var/www/html/tests/Feature/Modules/Servico/ServicoTest.php" line="172" class="Tests\Feature\ServicoTest" classname="Tests.Feature.ServicoTest" assertions="1" time="0.137274"/>
        <testcase name="test_servico_service_tem_metodo_obter_um_por_uuid" file="/var/www/html/tests/Feature/Modules/Servico/ServicoTest.php" line="177" class="Tests\Feature\ServicoTest" classname="Tests.Feature.ServicoTest" assertions="1" time="0.134354"/>
        <testcase name="test_servico_service_tem_metodo_remocao" file="/var/www/html/tests/Feature/Modules/Servico/ServicoTest.php" line="182" class="Tests\Feature\ServicoTest" classname="Tests.Feature.ServicoTest" assertions="1" time="0.158126"/>
        <testcase name="test_servico_service_tem_metodo_atualizacao" file="/var/www/html/tests/Feature/Modules/Servico/ServicoTest.php" line="187" class="Tests\Feature\ServicoTest" classname="Tests.Feature.ServicoTest" assertions="1" time="0.136804"/>
        <testcase name="test_servico_service_recebe_repository_construtor" file="/var/www/html/tests/Feature/Modules/Servico/ServicoTest.php" line="192" class="Tests\Feature\ServicoTest" classname="Tests.Feature.ServicoTest" assertions="1" time="0.139512"/>
        <testcase name="test_servico_controller_pode_ser_instanciado" file="/var/www/html/tests/Feature/Modules/Servico/ServicoTest.php" line="203" class="Tests\Feature\ServicoTest" classname="Tests.Feature.ServicoTest" assertions="1" time="0.128770"/>
        <testcase name="test_servico_controller_herda_controller_base" file="/var/www/html/tests/Feature/Modules/Servico/ServicoTest.php" line="212" class="Tests\Feature\ServicoTest" classname="Tests.Feature.ServicoTest" assertions="1" time="0.133100"/>
        <testcase name="test_servico_controller_tem_metodo_listagem" file="/var/www/html/tests/Feature/Modules/Servico/ServicoTest.php" line="221" class="Tests\Feature\ServicoTest" classname="Tests.Feature.ServicoTest" assertions="1" time="0.134032"/>
        <testcase name="test_servico_controller_tem_metodo_cadastro" file="/var/www/html/tests/Feature/Modules/Servico/ServicoTest.php" line="226" class="Tests\Feature\ServicoTest" classname="Tests.Feature.ServicoTest" assertions="1" time="0.152028"/>
        <testcase name="test_servico_controller_tem_metodo_obter_um_por_uuid" file="/var/www/html/tests/Feature/Modules/Servico/ServicoTest.php" line="231" class="Tests\Feature\ServicoTest" classname="Tests.Feature.ServicoTest" assertions="1" time="0.153414"/>
        <testcase name="test_servico_controller_tem_metodo_remocao" file="/var/www/html/tests/Feature/Modules/Servico/ServicoTest.php" line="236" class="Tests\Feature\ServicoTest" classname="Tests.Feature.ServicoTest" assertions="1" time="0.146852"/>
        <testcase name="test_servico_controller_tem_metodo_atualizacao" file="/var/www/html/tests/Feature/Modules/Servico/ServicoTest.php" line="241" class="Tests\Feature\ServicoTest" classname="Tests.Feature.ServicoTest" assertions="1" time="0.140258"/>
        <testcase name="test_servico_controller_recebe_service_construtor" file="/var/www/html/tests/Feature/Modules/Servico/ServicoTest.php" line="246" class="Tests\Feature\ServicoTest" classname="Tests.Feature.ServicoTest" assertions="1" time="0.139141"/>
        <testcase name="test_servico_cadastro_request_pode_ser_instanciado" file="/var/www/html/tests/Feature/Modules/Servico/ServicoTest.php" line="257" class="Tests\Feature\ServicoTest" classname="Tests.Feature.ServicoTest" assertions="1" time="0.144215"/>
        <testcase name="test_servico_cadastro_request_herda_form_request" file="/var/www/html/tests/Feature/Modules/Servico/ServicoTest.php" line="264" class="Tests\Feature\ServicoTest" classname="Tests.Feature.ServicoTest" assertions="1" time="0.145221"/>
        <testcase name="test_servico_cadastro_request_tem_metodo_rules" file="/var/www/html/tests/Feature/Modules/Servico/ServicoTest.php" line="271" class="Tests\Feature\ServicoTest" classname="Tests.Feature.ServicoTest" assertions="1" time="0.167212"/>
        <testcase name="test_servico_cadastro_request_tem_metodo_to_dto" file="/var/www/html/tests/Feature/Modules/Servico/ServicoTest.php" line="276" class="Tests\Feature\ServicoTest" classname="Tests.Feature.ServicoTest" assertions="1" time="0.147832"/>
        <testcase name="test_servico_listagem_request_pode_ser_instanciado" file="/var/www/html/tests/Feature/Modules/Servico/ServicoTest.php" line="281" class="Tests\Feature\ServicoTest" classname="Tests.Feature.ServicoTest" assertions="1" time="0.150489"/>
        <testcase name="test_servico_obter_um_por_uuid_request_pode_ser_instanciado" file="/var/www/html/tests/Feature/Modules/Servico/ServicoTest.php" line="288" class="Tests\Feature\ServicoTest" classname="Tests.Feature.ServicoTest" assertions="1" time="0.142260"/>
        <testcase name="test_servico_atualizacao_request_pode_ser_instanciado" file="/var/www/html/tests/Feature/Modules/Servico/ServicoTest.php" line="295" class="Tests\Feature\ServicoTest" classname="Tests.Feature.ServicoTest" assertions="1" time="0.155420"/>
        <testcase name="test_servico_pode_definir_rotas" file="/var/www/html/tests/Feature/Modules/Servico/ServicoTest.php" line="304" class="Tests\Feature\ServicoTest" classname="Tests.Feature.ServicoTest" assertions="2" time="0.140106"/>
        <testcase name="test_servico_controller_namespace_correto" file="/var/www/html/tests/Feature/Modules/Servico/ServicoTest.php" line="311" class="Tests\Feature\ServicoTest" classname="Tests.Feature.ServicoTest" assertions="1" time="0.138649"/>
        <testcase name="test_servico_controller_tem_metodos_para_rotas" file="/var/www/html/tests/Feature/Modules/Servico/ServicoTest.php" line="319" class="Tests\Feature\ServicoTest" classname="Tests.Feature.ServicoTest" assertions="5" time="0.145691"/>
        <testcase name="test_servico_constantes_http_disponiveis" file="/var/www/html/tests/Feature/Modules/Servico/ServicoTest.php" line="330" class="Tests\Feature\ServicoTest" classname="Tests.Feature.ServicoTest" assertions="3" time="0.161282"/>
        <testcase name="test_servico_controller_tem_anotacoes_openapi" file="/var/www/html/tests/Feature/Modules/Servico/ServicoTest.php" line="339" class="Tests\Feature\ServicoTest" classname="Tests.Feature.ServicoTest" assertions="1" time="0.160262"/>
        <testcase name="test_servico_controller_listagem_tem_swagger" file="/var/www/html/tests/Feature/Modules/Servico/ServicoTest.php" line="356" class="Tests\Feature\ServicoTest" classname="Tests.Feature.ServicoTest" assertions="3" time="0.139501"/>
      </testsuite>
      <testsuite name="Tests\Feature\Modules\Cliente\UsuarioAtualizacaoTest" file="/var/www/html/tests/Feature/Modules/Usuario/UsuarioAtualizacaoTest.php" tests="3" assertions="10" errors="0" failures="0" skipped="0" time="0.758933">
        <testcase name="test_usuario_pode_ter_o_nome_atualizado" file="/var/www/html/tests/Feature/Modules/Usuario/UsuarioAtualizacaoTest.php" line="27" class="Tests\Feature\Modules\Cliente\UsuarioAtualizacaoTest" classname="Tests.Feature.Modules.Cliente.UsuarioAtualizacaoTest" assertions="4" time="0.305130"/>
        <testcase name="test_usuario_pode_ter_papel_atualizado" file="/var/www/html/tests/Feature/Modules/Usuario/UsuarioAtualizacaoTest.php" line="53" class="Tests\Feature\Modules\Cliente\UsuarioAtualizacaoTest" classname="Tests.Feature.Modules.Cliente.UsuarioAtualizacaoTest" assertions="3" time="0.233523"/>
        <testcase name="test_usuario_pode_ter_status_atualizado" file="/var/www/html/tests/Feature/Modules/Usuario/UsuarioAtualizacaoTest.php" line="78" class="Tests\Feature\Modules\Cliente\UsuarioAtualizacaoTest" classname="Tests.Feature.Modules.Cliente.UsuarioAtualizacaoTest" assertions="3" time="0.220281"/>
      </testsuite>
      <testsuite name="Tests\Feature\Modules\Cliente\UsuarioCadastroTest" file="/var/www/html/tests/Feature/Modules/Usuario/UsuarioCadastroTest.php" tests="9" assertions="27" errors="0" failures="0" skipped="0" time="1.805509">
        <testcase name="test_usuario_pode_ser_cadastrado_como_comercial" file="/var/www/html/tests/Feature/Modules/Usuario/UsuarioCadastroTest.php" line="25" class="Tests\Feature\Modules\Cliente\UsuarioCadastroTest" classname="Tests.Feature.Modules.Cliente.UsuarioCadastroTest" assertions="3" time="0.205262"/>
        <testcase name="test_usuario_pode_ser_cadastrado_como_mecanico" file="/var/www/html/tests/Feature/Modules/Usuario/UsuarioCadastroTest.php" line="38" class="Tests\Feature\Modules\Cliente\UsuarioCadastroTest" classname="Tests.Feature.Modules.Cliente.UsuarioCadastroTest" assertions="3" time="0.170677"/>
        <testcase name="test_usuario_pode_ser_cadastrado_como_atendente" file="/var/www/html/tests/Feature/Modules/Usuario/UsuarioCadastroTest.php" line="51" class="Tests\Feature\Modules\Cliente\UsuarioCadastroTest" classname="Tests.Feature.Modules.Cliente.UsuarioCadastroTest" assertions="3" time="0.201632"/>
        <testcase name="test_usuario_pode_ser_cadastrado_como_gestor_de_estoque" file="/var/www/html/tests/Feature/Modules/Usuario/UsuarioCadastroTest.php" line="64" class="Tests\Feature\Modules\Cliente\UsuarioCadastroTest" classname="Tests.Feature.Modules.Cliente.UsuarioCadastroTest" assertions="3" time="0.284829"/>
        <testcase name="test_usuario_atendente_nao_pode_ser_cadastrado_sem_um_nome" file="/var/www/html/tests/Feature/Modules/Usuario/UsuarioCadastroTest.php" line="77" class="Tests\Feature\Modules\Cliente\UsuarioCadastroTest" classname="Tests.Feature.Modules.Cliente.UsuarioCadastroTest" assertions="3" time="0.215989"/>
        <testcase name="test_usuario_mecanico_nao_pode_ser_cadastrado_sem_um_nome" file="/var/www/html/tests/Feature/Modules/Usuario/UsuarioCadastroTest.php" line="89" class="Tests\Feature\Modules\Cliente\UsuarioCadastroTest" classname="Tests.Feature.Modules.Cliente.UsuarioCadastroTest" assertions="3" time="0.184148"/>
        <testcase name="test_usuario_comercial_nao_pode_ser_cadastrado_sem_um_nome" file="/var/www/html/tests/Feature/Modules/Usuario/UsuarioCadastroTest.php" line="101" class="Tests\Feature\Modules\Cliente\UsuarioCadastroTest" classname="Tests.Feature.Modules.Cliente.UsuarioCadastroTest" assertions="3" time="0.175975"/>
        <testcase name="test_usuario_gestor_estoque_nao_pode_ser_cadastrado_sem_um_nome" file="/var/www/html/tests/Feature/Modules/Usuario/UsuarioCadastroTest.php" line="113" class="Tests\Feature\Modules\Cliente\UsuarioCadastroTest" classname="Tests.Feature.Modules.Cliente.UsuarioCadastroTest" assertions="3" time="0.179923"/>
        <testcase name="test_usuario_nao_pode_ser_cadastrado_sem_dados_obrigatorios" file="/var/www/html/tests/Feature/Modules/Usuario/UsuarioCadastroTest.php" line="125" class="Tests\Feature\Modules\Cliente\UsuarioCadastroTest" classname="Tests.Feature.Modules.Cliente.UsuarioCadastroTest" assertions="3" time="0.187074"/>
      </testsuite>
      <testsuite name="Tests\Feature\Modules\Cliente\UsuarioListagemTest" file="/var/www/html/tests/Feature/Modules/Usuario/UsuarioListagemTest.php" tests="2" assertions="6" errors="0" failures="0" skipped="0" time="0.446577">
        <testcase name="test_usuarios_cadastrados_podem_ser_listados" file="/var/www/html/tests/Feature/Modules/Usuario/UsuarioListagemTest.php" line="26" class="Tests\Feature\Modules\Cliente\UsuarioListagemTest" classname="Tests.Feature.Modules.Cliente.UsuarioListagemTest" assertions="3" time="0.234559"/>
        <testcase name="test_usuario_pode_ser_listado_informando_uuid" file="/var/www/html/tests/Feature/Modules/Usuario/UsuarioListagemTest.php" line="41" class="Tests\Feature\Modules\Cliente\UsuarioListagemTest" classname="Tests.Feature.Modules.Cliente.UsuarioListagemTest" assertions="3" time="0.212018"/>
      </testsuite>
      <testsuite name="Tests\Feature\Modules\Cliente\UsuarioRemocaoTest" file="/var/www/html/tests/Feature/Modules/Usuario/UsuarioRemocaoTest.php" tests="1" assertions="4" errors="0" failures="0" skipped="0" time="0.175352">
        <testcase name="test_usuario_pode_ser_removido" file="/var/www/html/tests/Feature/Modules/Usuario/UsuarioRemocaoTest.php" line="27" class="Tests\Feature\Modules\Cliente\UsuarioRemocaoTest" classname="Tests.Feature.Modules.Cliente.UsuarioRemocaoTest" assertions="4" time="0.175352"/>
      </testsuite>
      <testsuite name="Tests\Feature\Modules\Veiculo\VeiculoAtualizacaoTest" file="/var/www/html/tests/Feature/Modules/Veiculo/VeiculoAtualizacaoTest.php" tests="9" assertions="23" errors="0" failures="0" skipped="0" time="1.772332">
        <testcase name="test_atualizar_veiculo_por_uuid" file="/var/www/html/tests/Feature/Modules/Veiculo/VeiculoAtualizacaoTest.php" line="29" class="Tests\Feature\Modules\Veiculo\VeiculoAtualizacaoTest" classname="Tests.Feature.Modules.Veiculo.VeiculoAtualizacaoTest" assertions="2" time="0.290048"/>
        <testcase name="test_atualizar_veiculo_por_uuid_que_nao_existe" file="/var/www/html/tests/Feature/Modules/Veiculo/VeiculoAtualizacaoTest.php" line="43" class="Tests\Feature\Modules\Veiculo\VeiculoAtualizacaoTest" classname="Tests.Feature.Modules.Veiculo.VeiculoAtualizacaoTest" assertions="2" time="0.188332"/>
        <testcase name="test_atualizar_veiculo_com_dados_invalidos" file="/var/www/html/tests/Feature/Modules/Veiculo/VeiculoAtualizacaoTest.php" line="53" class="Tests\Feature\Modules\Veiculo\VeiculoAtualizacaoTest" classname="Tests.Feature.Modules.Veiculo.VeiculoAtualizacaoTest" assertions="2" time="0.191951"/>
        <testcase name="test_atualizar_veiculo_com_uuid_mal_formado" file="/var/www/html/tests/Feature/Modules/Veiculo/VeiculoAtualizacaoTest.php" line="68" class="Tests\Feature\Modules\Veiculo\VeiculoAtualizacaoTest" classname="Tests.Feature.Modules.Veiculo.VeiculoAtualizacaoTest" assertions="2" time="0.187969"/>
        <testcase name="test_atualizar_veiculo_sem_payload" file="/var/www/html/tests/Feature/Modules/Veiculo/VeiculoAtualizacaoTest.php" line="77" class="Tests\Feature\Modules\Veiculo\VeiculoAtualizacaoTest" classname="Tests.Feature.Modules.Veiculo.VeiculoAtualizacaoTest" assertions="2" time="0.199369"/>
        <testcase name="test_atualizar_veiculo_com_erro_interno" file="/var/www/html/tests/Feature/Modules/Veiculo/VeiculoAtualizacaoTest.php" line="86" class="Tests\Feature\Modules\Veiculo\VeiculoAtualizacaoTest" classname="Tests.Feature.Modules.Veiculo.VeiculoAtualizacaoTest" assertions="3" time="0.175682"/>
        <testcase name="test_atualizar_veiculo_com_database_exception" file="/var/www/html/tests/Feature/Modules/Veiculo/VeiculoAtualizacaoTest.php" line="101" class="Tests\Feature\Modules\Veiculo\VeiculoAtualizacaoTest" classname="Tests.Feature.Modules.Veiculo.VeiculoAtualizacaoTest" assertions="6" time="0.174565"/>
        <testcase name="test_atualizar_veiculo_com_cliente_uuid" file="/var/www/html/tests/Feature/Modules/Veiculo/VeiculoAtualizacaoTest.php" line="129" class="Tests\Feature\Modules\Veiculo\VeiculoAtualizacaoTest" classname="Tests.Feature.Modules.Veiculo.VeiculoAtualizacaoTest" assertions="2" time="0.187212"/>
        <testcase name="test_atualizar_veiculo_com_placa_duplicada" file="/var/www/html/tests/Feature/Modules/Veiculo/VeiculoAtualizacaoTest.php" line="145" class="Tests\Feature\Modules\Veiculo\VeiculoAtualizacaoTest" classname="Tests.Feature.Modules.Veiculo.VeiculoAtualizacaoTest" assertions="2" time="0.177204"/>
      </testsuite>
      <testsuite name="Tests\Feature\Modules\Veiculo\VeiculoCadastroTest" file="/var/www/html/tests/Feature/Modules/Veiculo/VeiculoCadastroTest.php" tests="15" assertions="38" errors="0" failures="0" skipped="0" time="2.678074">
        <testcase name="test_cadastrar_veiculo" file="/var/www/html/tests/Feature/Modules/Veiculo/VeiculoCadastroTest.php" line="32" class="Tests\Feature\Modules\Veiculo\VeiculoCadastroTest" classname="Tests.Feature.Modules.Veiculo.VeiculoCadastroTest" assertions="3" time="0.178183"/>
        <testcase name="test_marca_eh_obrigatoria_e_deve_ter_minimo_2_caracteres" file="/var/www/html/tests/Feature/Modules/Veiculo/VeiculoCadastroTest.php" line="40" class="Tests\Feature\Modules\Veiculo\VeiculoCadastroTest" classname="Tests.Feature.Modules.Veiculo.VeiculoCadastroTest" assertions="5" time="0.166128"/>
        <testcase name="test_ano_do_veiculo_deve_ser_valido" file="/var/www/html/tests/Feature/Modules/Veiculo/VeiculoCadastroTest.php" line="49" class="Tests\Feature\Modules\Veiculo\VeiculoCadastroTest" classname="Tests.Feature.Modules.Veiculo.VeiculoCadastroTest" assertions="2" time="0.189188"/>
        <testcase name="test_placa_do_veiculo_deve_ter_formato_valido" file="/var/www/html/tests/Feature/Modules/Veiculo/VeiculoCadastroTest.php" line="58" class="Tests\Feature\Modules\Veiculo\VeiculoCadastroTest" classname="Tests.Feature.Modules.Veiculo.VeiculoCadastroTest" assertions="2" time="0.184093"/>
        <testcase name="test_cadastrar_veiculo_com_erro_interno" file="/var/www/html/tests/Feature/Modules/Veiculo/VeiculoCadastroTest.php" line="67" class="Tests\Feature\Modules\Veiculo\VeiculoCadastroTest" classname="Tests.Feature.Modules.Veiculo.VeiculoCadastroTest" assertions="3" time="0.162366"/>
        <testcase name="test_modelo_eh_obrigatorio_e_deve_ter_minimo_2_caracteres" file="/var/www/html/tests/Feature/Modules/Veiculo/VeiculoCadastroTest.php" line="80" class="Tests\Feature\Modules\Veiculo\VeiculoCadastroTest" classname="Tests.Feature.Modules.Veiculo.VeiculoCadastroTest" assertions="2" time="0.187930"/>
        <testcase name="test_chassi_eh_obrigatorio_e_deve_ter_17_caracteres" file="/var/www/html/tests/Feature/Modules/Veiculo/VeiculoCadastroTest.php" line="88" class="Tests\Feature\Modules\Veiculo\VeiculoCadastroTest" classname="Tests.Feature.Modules.Veiculo.VeiculoCadastroTest" assertions="2" time="0.175661"/>
        <testcase name="test_cor_eh_obrigatoria" file="/var/www/html/tests/Feature/Modules/Veiculo/VeiculoCadastroTest.php" line="96" class="Tests\Feature\Modules\Veiculo\VeiculoCadastroTest" classname="Tests.Feature.Modules.Veiculo.VeiculoCadastroTest" assertions="2" time="0.174762"/>
        <testcase name="test_cadastrar_veiculo_com_placa_duplicada" file="/var/www/html/tests/Feature/Modules/Veiculo/VeiculoCadastroTest.php" line="104" class="Tests\Feature\Modules\Veiculo\VeiculoCadastroTest" classname="Tests.Feature.Modules.Veiculo.VeiculoCadastroTest" assertions="3" time="0.186597"/>
        <testcase name="test_cadastrar_veiculo_com_chassi_duplicado" file="/var/www/html/tests/Feature/Modules/Veiculo/VeiculoCadastroTest.php" line="116" class="Tests\Feature\Modules\Veiculo\VeiculoCadastroTest" classname="Tests.Feature.Modules.Veiculo.VeiculoCadastroTest" assertions="3" time="0.192672"/>
        <testcase name="test_cadastrar_veiculo_com_cliente_uuid" file="/var/www/html/tests/Feature/Modules/Veiculo/VeiculoCadastroTest.php" line="128" class="Tests\Feature\Modules\Veiculo\VeiculoCadastroTest" classname="Tests.Feature.Modules.Veiculo.VeiculoCadastroTest" assertions="2" time="0.174327"/>
        <testcase name="test_cadastrar_veiculo_com_cliente_uuid_inexistente" file="/var/www/html/tests/Feature/Modules/Veiculo/VeiculoCadastroTest.php" line="137" class="Tests\Feature\Modules\Veiculo\VeiculoCadastroTest" classname="Tests.Feature.Modules.Veiculo.VeiculoCadastroTest" assertions="3" time="0.179954"/>
        <testcase name="test_cadastrar_veiculo_com_placa_formato_mercosul" file="/var/www/html/tests/Feature/Modules/Veiculo/VeiculoCadastroTest.php" line="146" class="Tests\Feature\Modules\Veiculo\VeiculoCadastroTest" classname="Tests.Feature.Modules.Veiculo.VeiculoCadastroTest" assertions="2" time="0.182051"/>
        <testcase name="test_ano_futuro_permitido" file="/var/www/html/tests/Feature/Modules/Veiculo/VeiculoCadastroTest.php" line="154" class="Tests\Feature\Modules\Veiculo\VeiculoCadastroTest" classname="Tests.Feature.Modules.Veiculo.VeiculoCadastroTest" assertions="2" time="0.165521"/>
        <testcase name="test_ano_muito_futuro_nao_permitido" file="/var/www/html/tests/Feature/Modules/Veiculo/VeiculoCadastroTest.php" line="163" class="Tests\Feature\Modules\Veiculo\VeiculoCadastroTest" classname="Tests.Feature.Modules.Veiculo.VeiculoCadastroTest" assertions="2" time="0.178641"/>
      </testsuite>
      <testsuite name="Tests\Feature\Modules\Veiculo\VeiculoListagemTest" file="/var/www/html/tests/Feature/Modules/Veiculo/VeiculoListagemTest.php" tests="13" assertions="29" errors="0" failures="0" skipped="0" time="2.294988">
        <testcase name="test_listar_todos_veiculos" file="/var/www/html/tests/Feature/Modules/Veiculo/VeiculoListagemTest.php" line="20" class="Tests\Feature\Modules\Veiculo\VeiculoListagemTest" classname="Tests.Feature.Modules.Veiculo.VeiculoListagemTest" assertions="2" time="0.186620"/>
        <testcase name="test_listar_veiculo_por_uuid_que_nao_existe" file="/var/www/html/tests/Feature/Modules/Veiculo/VeiculoListagemTest.php" line="28" class="Tests\Feature\Modules\Veiculo\VeiculoListagemTest" classname="Tests.Feature.Modules.Veiculo.VeiculoListagemTest" assertions="2" time="0.190056"/>
        <testcase name="test_listar_veiculos_com_erro_interno" file="/var/www/html/tests/Feature/Modules/Veiculo/VeiculoListagemTest.php" line="35" class="Tests\Feature\Modules\Veiculo\VeiculoListagemTest" classname="Tests.Feature.Modules.Veiculo.VeiculoListagemTest" assertions="3" time="0.158051"/>
        <testcase name="test_obter_veiculo_por_uuid_existente" file="/var/www/html/tests/Feature/Modules/Veiculo/VeiculoListagemTest.php" line="48" class="Tests\Feature\Modules\Veiculo\VeiculoListagemTest" classname="Tests.Feature.Modules.Veiculo.VeiculoListagemTest" assertions="2" time="0.163609"/>
        <testcase name="test_listar_veiculos_vazios" file="/var/www/html/tests/Feature/Modules/Veiculo/VeiculoListagemTest.php" line="57" class="Tests\Feature\Modules\Veiculo\VeiculoListagemTest" classname="Tests.Feature.Modules.Veiculo.VeiculoListagemTest" assertions="3" time="0.164703"/>
        <testcase name="test_listar_veiculos_com_paginacao" file="/var/www/html/tests/Feature/Modules/Veiculo/VeiculoListagemTest.php" line="65" class="Tests\Feature\Modules\Veiculo\VeiculoListagemTest" classname="Tests.Feature.Modules.Veiculo.VeiculoListagemTest" assertions="2" time="0.216571"/>
        <testcase name="test_listar_veiculos_filtrados_por_cliente" file="/var/www/html/tests/Feature/Modules/Veiculo/VeiculoListagemTest.php" line="74" class="Tests\Feature\Modules\Veiculo\VeiculoListagemTest" classname="Tests.Feature.Modules.Veiculo.VeiculoListagemTest" assertions="2" time="0.184695"/>
        <testcase name="test_listar_veiculos_com_cliente_uuid_inexistente" file="/var/www/html/tests/Feature/Modules/Veiculo/VeiculoListagemTest.php" line="91" class="Tests\Feature\Modules\Veiculo\VeiculoListagemTest" classname="Tests.Feature.Modules.Veiculo.VeiculoListagemTest" assertions="2" time="0.178605"/>
        <testcase name="test_listar_veiculos_com_parametros_paginacao_invalidos" file="/var/www/html/tests/Feature/Modules/Veiculo/VeiculoListagemTest.php" line="100" class="Tests\Feature\Modules\Veiculo\VeiculoListagemTest" classname="Tests.Feature.Modules.Veiculo.VeiculoListagemTest" assertions="2" time="0.170165"/>
        <testcase name="test_obter_veiculo_com_uuid_malformado" file="/var/www/html/tests/Feature/Modules/Veiculo/VeiculoListagemTest.php" line="107" class="Tests\Feature\Modules\Veiculo\VeiculoListagemTest" classname="Tests.Feature.Modules.Veiculo.VeiculoListagemTest" assertions="2" time="0.168633"/>
        <testcase name="test_listar_veiculos_com_estrutura_json_correta" file="/var/www/html/tests/Feature/Modules/Veiculo/VeiculoListagemTest.php" line="116" class="Tests\Feature\Modules\Veiculo\VeiculoListagemTest" classname="Tests.Feature.Modules.Veiculo.VeiculoListagemTest" assertions="2" time="0.164550"/>
        <testcase name="test_obter_veiculo_com_erro_interno" file="/var/www/html/tests/Feature/Modules/Veiculo/VeiculoListagemTest.php" line="125" class="Tests\Feature\Modules\Veiculo\VeiculoListagemTest" classname="Tests.Feature.Modules.Veiculo.VeiculoListagemTest" assertions="3" time="0.167907"/>
        <testcase name="test_listar_veiculos_com_filtro_cliente_uuid_valido" file="/var/www/html/tests/Feature/Modules/Veiculo/VeiculoListagemTest.php" line="140" class="Tests\Feature\Modules\Veiculo\VeiculoListagemTest" classname="Tests.Feature.Modules.Veiculo.VeiculoListagemTest" assertions="2" time="0.180824"/>
      </testsuite>
      <testsuite name="Tests\Feature\Modules\Veiculo\VeiculoObterPorUuidTest" file="/var/www/html/tests/Feature/Modules/Veiculo/VeiculoObterPorUuidTest.php" tests="9" assertions="31" errors="0" failures="0" skipped="0" time="1.592951">
        <testcase name="test_obter_veiculo_por_uuid" file="/var/www/html/tests/Feature/Modules/Veiculo/VeiculoObterPorUuidTest.php" line="20" class="Tests\Feature\Modules\Veiculo\VeiculoObterPorUuidTest" classname="Tests.Feature.Modules.Veiculo.VeiculoObterPorUuidTest" assertions="2" time="0.177782"/>
        <testcase name="test_obter_veiculo_com_encoding_error" file="/var/www/html/tests/Feature/Modules/Veiculo/VeiculoObterPorUuidTest.php" line="28" class="Tests\Feature\Modules\Veiculo\VeiculoObterPorUuidTest" classname="Tests.Feature.Modules.Veiculo.VeiculoObterPorUuidTest" assertions="3" time="0.164445"/>
        <testcase name="test_obter_veiculo_por_uuid_inexistente" file="/var/www/html/tests/Feature/Modules/Veiculo/VeiculoObterPorUuidTest.php" line="46" class="Tests\Feature\Modules\Veiculo\VeiculoObterPorUuidTest" classname="Tests.Feature.Modules.Veiculo.VeiculoObterPorUuidTest" assertions="2" time="0.181775"/>
        <testcase name="test_obter_veiculo_com_uuid_malformado" file="/var/www/html/tests/Feature/Modules/Veiculo/VeiculoObterPorUuidTest.php" line="55" class="Tests\Feature\Modules\Veiculo\VeiculoObterPorUuidTest" classname="Tests.Feature.Modules.Veiculo.VeiculoObterPorUuidTest" assertions="2" time="0.184706"/>
        <testcase name="test_obter_veiculo_com_uuid_vazio" file="/var/www/html/tests/Feature/Modules/Veiculo/VeiculoObterPorUuidTest.php" line="64" class="Tests\Feature\Modules\Veiculo\VeiculoObterPorUuidTest" classname="Tests.Feature.Modules.Veiculo.VeiculoObterPorUuidTest" assertions="2" time="0.174507"/>
        <testcase name="test_obter_veiculo_com_erro_interno" file="/var/www/html/tests/Feature/Modules/Veiculo/VeiculoObterPorUuidTest.php" line="76" class="Tests\Feature\Modules\Veiculo\VeiculoObterPorUuidTest" classname="Tests.Feature.Modules.Veiculo.VeiculoObterPorUuidTest" assertions="3" time="0.182942"/>
        <testcase name="test_obter_veiculo_com_database_exception" file="/var/www/html/tests/Feature/Modules/Veiculo/VeiculoObterPorUuidTest.php" line="91" class="Tests\Feature\Modules\Veiculo\VeiculoObterPorUuidTest" classname="Tests.Feature.Modules.Veiculo.VeiculoObterPorUuidTest" assertions="3" time="0.173294"/>
        <testcase name="test_obter_veiculo_estrutura_response_completa" file="/var/www/html/tests/Feature/Modules/Veiculo/VeiculoObterPorUuidTest.php" line="111" class="Tests\Feature\Modules\Veiculo\VeiculoObterPorUuidTest" classname="Tests.Feature.Modules.Veiculo.VeiculoObterPorUuidTest" assertions="12" time="0.165914"/>
        <testcase name="test_obter_veiculo_com_relacionamentos" file="/var/www/html/tests/Feature/Modules/Veiculo/VeiculoObterPorUuidTest.php" line="132" class="Tests\Feature\Modules\Veiculo\VeiculoObterPorUuidTest" classname="Tests.Feature.Modules.Veiculo.VeiculoObterPorUuidTest" assertions="2" time="0.187586"/>
      </testsuite>
      <testsuite name="Tests\Feature\Modules\Veiculo\VeiculoRemocaoTest" file="/var/www/html/tests/Feature/Modules/Veiculo/VeiculoRemocaoTest.php" tests="10" assertions="29" errors="0" failures="0" skipped="0" time="1.760689">
        <testcase name="test_remocao_do_veiculo_por_uuid" file="/var/www/html/tests/Feature/Modules/Veiculo/VeiculoRemocaoTest.php" line="20" class="Tests\Feature\Modules\Veiculo\VeiculoRemocaoTest" classname="Tests.Feature.Modules.Veiculo.VeiculoRemocaoTest" assertions="3" time="0.174189"/>
        <testcase name="test_remocao_do_veiculo_por_uuid_que_nao_existe" file="/var/www/html/tests/Feature/Modules/Veiculo/VeiculoRemocaoTest.php" line="32" class="Tests\Feature\Modules\Veiculo\VeiculoRemocaoTest" classname="Tests.Feature.Modules.Veiculo.VeiculoRemocaoTest" assertions="2" time="0.175703"/>
        <testcase name="test_remocao_veiculo_com_erro_interno" file="/var/www/html/tests/Feature/Modules/Veiculo/VeiculoRemocaoTest.php" line="39" class="Tests\Feature\Modules\Veiculo\VeiculoRemocaoTest" classname="Tests.Feature.Modules.Veiculo.VeiculoRemocaoTest" assertions="3" time="0.167324"/>
        <testcase name="test_remocao_veiculo_com_uuid_malformado" file="/var/www/html/tests/Feature/Modules/Veiculo/VeiculoRemocaoTest.php" line="54" class="Tests\Feature\Modules\Veiculo\VeiculoRemocaoTest" classname="Tests.Feature.Modules.Veiculo.VeiculoRemocaoTest" assertions="4" time="0.173447"/>
        <testcase name="test_remocao_veiculo_com_relacionamentos" file="/var/www/html/tests/Feature/Modules/Veiculo/VeiculoRemocaoTest.php" line="64" class="Tests\Feature\Modules\Veiculo\VeiculoRemocaoTest" classname="Tests.Feature.Modules.Veiculo.VeiculoRemocaoTest" assertions="2" time="0.168797"/>
        <testcase name="test_remocao_veiculo_multiplos" file="/var/www/html/tests/Feature/Modules/Veiculo/VeiculoRemocaoTest.php" line="80" class="Tests\Feature\Modules\Veiculo\VeiculoRemocaoTest" classname="Tests.Feature.Modules.Veiculo.VeiculoRemocaoTest" assertions="3" time="0.182098"/>
        <testcase name="test_remocao_veiculo_ja_removido" file="/var/www/html/tests/Feature/Modules/Veiculo/VeiculoRemocaoTest.php" line="94" class="Tests\Feature\Modules\Veiculo\VeiculoRemocaoTest" classname="Tests.Feature.Modules.Veiculo.VeiculoRemocaoTest" assertions="3" time="0.193270"/>
        <testcase name="test_remocao_veiculo_com_database_exception" file="/var/www/html/tests/Feature/Modules/Veiculo/VeiculoRemocaoTest.php" line="107" class="Tests\Feature\Modules\Veiculo\VeiculoRemocaoTest" classname="Tests.Feature.Modules.Veiculo.VeiculoRemocaoTest" assertions="3" time="0.174505"/>
        <testcase name="test_remocao_veiculo_verifica_contagem_database" file="/var/www/html/tests/Feature/Modules/Veiculo/VeiculoRemocaoTest.php" line="127" class="Tests\Feature\Modules\Veiculo\VeiculoRemocaoTest" classname="Tests.Feature.Modules.Veiculo.VeiculoRemocaoTest" assertions="3" time="0.187246"/>
        <testcase name="test_remocao_veiculo_com_constraint_violation" file="/var/www/html/tests/Feature/Modules/Veiculo/VeiculoRemocaoTest.php" line="140" class="Tests\Feature\Modules\Veiculo\VeiculoRemocaoTest" classname="Tests.Feature.Modules.Veiculo.VeiculoRemocaoTest" assertions="3" time="0.164112"/>
      </testsuite>
      <testsuite name="Tests\Feature\Modules\Veiculo\VeiculoTest" file="/var/www/html/tests/Feature/Modules/Veiculo/VeiculoTest.php" tests="43" assertions="78" errors="0" failures="0" skipped="0" time="6.521154">
        <testcase name="test_listagem_dto_retorna_array_vazio_inicialmente" file="/var/www/html/tests/Feature/Modules/Veiculo/VeiculoTest.php" line="23" class="Tests\Feature\Modules\Veiculo\VeiculoTest" classname="Tests.Feature.Modules.Veiculo.VeiculoTest" assertions="3" time="0.151823"/>
        <testcase name="test_listagem_dto_aceita_parametros_veiculo" file="/var/www/html/tests/Feature/Modules/Veiculo/VeiculoTest.php" line="34" class="Tests\Feature\Modules\Veiculo\VeiculoTest" classname="Tests.Feature.Modules.Veiculo.VeiculoTest" assertions="3" time="0.148339"/>
        <testcase name="test_cadastro_dto_aceita_dados_veiculo" file="/var/www/html/tests/Feature/Modules/Veiculo/VeiculoTest.php" line="51" class="Tests\Feature\Modules\Veiculo\VeiculoTest" classname="Tests.Feature.Modules.Veiculo.VeiculoTest" assertions="7" time="0.152029"/>
        <testcase name="test_veiculo_model_pode_ser_instanciado" file="/var/www/html/tests/Feature/Modules/Veiculo/VeiculoTest.php" line="79" class="Tests\Feature\Modules\Veiculo\VeiculoTest" classname="Tests.Feature.Modules.Veiculo.VeiculoTest" assertions="1" time="0.150028"/>
        <testcase name="test_veiculo_model_tem_tabela_correta" file="/var/www/html/tests/Feature/Modules/Veiculo/VeiculoTest.php" line="88" class="Tests\Feature\Modules\Veiculo\VeiculoTest" classname="Tests.Feature.Modules.Veiculo.VeiculoTest" assertions="1" time="0.156667"/>
        <testcase name="test_veiculo_model_tem_fillable_corretos" file="/var/www/html/tests/Feature/Modules/Veiculo/VeiculoTest.php" line="98" class="Tests\Feature\Modules\Veiculo\VeiculoTest" classname="Tests.Feature.Modules.Veiculo.VeiculoTest" assertions="1" time="0.155210"/>
        <testcase name="test_veiculo_model_pode_receber_dados_construtor" file="/var/www/html/tests/Feature/Modules/Veiculo/VeiculoTest.php" line="122" class="Tests\Feature\Modules\Veiculo\VeiculoTest" classname="Tests.Feature.Modules.Veiculo.VeiculoTest" assertions="6" time="0.148347"/>
        <testcase name="test_veiculo_model_timestamps_desabilitados" file="/var/www/html/tests/Feature/Modules/Veiculo/VeiculoTest.php" line="147" class="Tests\Feature\Modules\Veiculo\VeiculoTest" classname="Tests.Feature.Modules.Veiculo.VeiculoTest" assertions="1" time="0.152435"/>
        <testcase name="test_veiculo_model_tem_relacionamento_cliente_veiculos" file="/var/www/html/tests/Feature/Modules/Veiculo/VeiculoTest.php" line="157" class="Tests\Feature\Modules\Veiculo\VeiculoTest" classname="Tests.Feature.Modules.Veiculo.VeiculoTest" assertions="3" time="0.170452"/>
        <testcase name="test_veiculo_model_tem_relacionamento_clientes" file="/var/www/html/tests/Feature/Modules/Veiculo/VeiculoTest.php" line="170" class="Tests\Feature\Modules\Veiculo\VeiculoTest" classname="Tests.Feature.Modules.Veiculo.VeiculoTest" assertions="5" time="0.160779"/>
        <testcase name="test_veiculo_repository_pode_ser_instanciado" file="/var/www/html/tests/Feature/Modules/Veiculo/VeiculoTest.php" line="188" class="Tests\Feature\Modules\Veiculo\VeiculoTest" classname="Tests.Feature.Modules.Veiculo.VeiculoTest" assertions="1" time="0.148098"/>
        <testcase name="test_veiculo_repository_herda_abstract_repository" file="/var/www/html/tests/Feature/Modules/Veiculo/VeiculoTest.php" line="198" class="Tests\Feature\Modules\Veiculo\VeiculoTest" classname="Tests.Feature.Modules.Veiculo.VeiculoTest" assertions="1" time="0.147042"/>
        <testcase name="test_veiculo_repository_implementa_interface" file="/var/www/html/tests/Feature/Modules/Veiculo/VeiculoTest.php" line="208" class="Tests\Feature\Modules\Veiculo\VeiculoTest" classname="Tests.Feature.Modules.Veiculo.VeiculoTest" assertions="1" time="0.142682"/>
        <testcase name="test_veiculo_repository_tem_model_correto" file="/var/www/html/tests/Feature/Modules/Veiculo/VeiculoTest.php" line="218" class="Tests\Feature\Modules\Veiculo\VeiculoTest" classname="Tests.Feature.Modules.Veiculo.VeiculoTest" assertions="1" time="0.150785"/>
        <testcase name="test_veiculo_repository_tem_metodos_obrigatorios" file="/var/www/html/tests/Feature/Modules/Veiculo/VeiculoTest.php" line="228" class="Tests\Feature\Modules\Veiculo\VeiculoTest" classname="Tests.Feature.Modules.Veiculo.VeiculoTest" assertions="6" time="0.153437"/>
        <testcase name="test_veiculo_service_pode_ser_instanciado" file="/var/www/html/tests/Feature/Modules/Veiculo/VeiculoTest.php" line="243" class="Tests\Feature\Modules\Veiculo\VeiculoTest" classname="Tests.Feature.Modules.Veiculo.VeiculoTest" assertions="1" time="0.149279"/>
        <testcase name="test_veiculo_service_tem_metodo_listagem" file="/var/www/html/tests/Feature/Modules/Veiculo/VeiculoTest.php" line="261" class="Tests\Feature\Modules\Veiculo\VeiculoTest" classname="Tests.Feature.Modules.Veiculo.VeiculoTest" assertions="1" time="0.152997"/>
        <testcase name="test_veiculo_service_tem_metodo_cadastro" file="/var/www/html/tests/Feature/Modules/Veiculo/VeiculoTest.php" line="269" class="Tests\Feature\Modules\Veiculo\VeiculoTest" classname="Tests.Feature.Modules.Veiculo.VeiculoTest" assertions="1" time="0.152996"/>
        <testcase name="test_veiculo_service_tem_metodo_obter_um_por_uuid" file="/var/www/html/tests/Feature/Modules/Veiculo/VeiculoTest.php" line="277" class="Tests\Feature\Modules\Veiculo\VeiculoTest" classname="Tests.Feature.Modules.Veiculo.VeiculoTest" assertions="1" time="0.153923"/>
        <testcase name="test_veiculo_service_tem_metodo_remocao" file="/var/www/html/tests/Feature/Modules/Veiculo/VeiculoTest.php" line="285" class="Tests\Feature\Modules\Veiculo\VeiculoTest" classname="Tests.Feature.Modules.Veiculo.VeiculoTest" assertions="1" time="0.149387"/>
        <testcase name="test_veiculo_service_tem_metodo_atualizacao" file="/var/www/html/tests/Feature/Modules/Veiculo/VeiculoTest.php" line="293" class="Tests\Feature\Modules\Veiculo\VeiculoTest" classname="Tests.Feature.Modules.Veiculo.VeiculoTest" assertions="1" time="0.144573"/>
        <testcase name="test_veiculo_service_recebe_dependencias_construtor" file="/var/www/html/tests/Feature/Modules/Veiculo/VeiculoTest.php" line="301" class="Tests\Feature\Modules\Veiculo\VeiculoTest" classname="Tests.Feature.Modules.Veiculo.VeiculoTest" assertions="1" time="0.164997"/>
        <testcase name="test_veiculo_controller_pode_ser_instanciado" file="/var/www/html/tests/Feature/Modules/Veiculo/VeiculoTest.php" line="322" class="Tests\Feature\Modules\Veiculo\VeiculoTest" classname="Tests.Feature.Modules.Veiculo.VeiculoTest" assertions="1" time="0.156518"/>
        <testcase name="test_veiculo_controller_herda_controller_base" file="/var/www/html/tests/Feature/Modules/Veiculo/VeiculoTest.php" line="333" class="Tests\Feature\Modules\Veiculo\VeiculoTest" classname="Tests.Feature.Modules.Veiculo.VeiculoTest" assertions="1" time="0.149185"/>
        <testcase name="test_veiculo_controller_tem_metodo_listagem" file="/var/www/html/tests/Feature/Modules/Veiculo/VeiculoTest.php" line="344" class="Tests\Feature\Modules\Veiculo\VeiculoTest" classname="Tests.Feature.Modules.Veiculo.VeiculoTest" assertions="1" time="0.157708"/>
        <testcase name="test_veiculo_controller_tem_metodo_cadastro" file="/var/www/html/tests/Feature/Modules/Veiculo/VeiculoTest.php" line="352" class="Tests\Feature\Modules\Veiculo\VeiculoTest" classname="Tests.Feature.Modules.Veiculo.VeiculoTest" assertions="1" time="0.148062"/>
        <testcase name="test_veiculo_controller_tem_metodo_obter_um_por_uuid" file="/var/www/html/tests/Feature/Modules/Veiculo/VeiculoTest.php" line="360" class="Tests\Feature\Modules\Veiculo\VeiculoTest" classname="Tests.Feature.Modules.Veiculo.VeiculoTest" assertions="1" time="0.144984"/>
        <testcase name="test_veiculo_controller_tem_metodo_remocao" file="/var/www/html/tests/Feature/Modules/Veiculo/VeiculoTest.php" line="368" class="Tests\Feature\Modules\Veiculo\VeiculoTest" classname="Tests.Feature.Modules.Veiculo.VeiculoTest" assertions="1" time="0.143310"/>
        <testcase name="test_veiculo_controller_tem_metodo_atualizacao" file="/var/www/html/tests/Feature/Modules/Veiculo/VeiculoTest.php" line="376" class="Tests\Feature\Modules\Veiculo\VeiculoTest" classname="Tests.Feature.Modules.Veiculo.VeiculoTest" assertions="1" time="0.139186"/>
        <testcase name="test_veiculo_controller_recebe_service_construtor" file="/var/www/html/tests/Feature/Modules/Veiculo/VeiculoTest.php" line="384" class="Tests\Feature\Modules\Veiculo\VeiculoTest" classname="Tests.Feature.Modules.Veiculo.VeiculoTest" assertions="1" time="0.142598"/>
        <testcase name="test_veiculo_cadastro_request_pode_ser_instanciado" file="/var/www/html/tests/Feature/Modules/Veiculo/VeiculoTest.php" line="397" class="Tests\Feature\Modules\Veiculo\VeiculoTest" classname="Tests.Feature.Modules.Veiculo.VeiculoTest" assertions="1" time="0.154942"/>
        <testcase name="test_veiculo_cadastro_request_herda_form_request" file="/var/www/html/tests/Feature/Modules/Veiculo/VeiculoTest.php" line="407" class="Tests\Feature\Modules\Veiculo\VeiculoTest" classname="Tests.Feature.Modules.Veiculo.VeiculoTest" assertions="1" time="0.149583"/>
        <testcase name="test_veiculo_cadastro_request_tem_metodo_rules" file="/var/www/html/tests/Feature/Modules/Veiculo/VeiculoTest.php" line="417" class="Tests\Feature\Modules\Veiculo\VeiculoTest" classname="Tests.Feature.Modules.Veiculo.VeiculoTest" assertions="1" time="0.153802"/>
        <testcase name="test_veiculo_cadastro_request_tem_metodo_to_dto" file="/var/www/html/tests/Feature/Modules/Veiculo/VeiculoTest.php" line="425" class="Tests\Feature\Modules\Veiculo\VeiculoTest" classname="Tests.Feature.Modules.Veiculo.VeiculoTest" assertions="1" time="0.148367"/>
        <testcase name="test_veiculo_listagem_request_pode_ser_instanciado" file="/var/www/html/tests/Feature/Modules/Veiculo/VeiculoTest.php" line="433" class="Tests\Feature\Modules\Veiculo\VeiculoTest" classname="Tests.Feature.Modules.Veiculo.VeiculoTest" assertions="1" time="0.142793"/>
        <testcase name="test_veiculo_obter_um_por_uuid_request_pode_ser_instanciado" file="/var/www/html/tests/Feature/Modules/Veiculo/VeiculoTest.php" line="443" class="Tests\Feature\Modules\Veiculo\VeiculoTest" classname="Tests.Feature.Modules.Veiculo.VeiculoTest" assertions="1" time="0.145872"/>
        <testcase name="test_veiculo_atualizacao_request_pode_ser_instanciado" file="/var/www/html/tests/Feature/Modules/Veiculo/VeiculoTest.php" line="453" class="Tests\Feature\Modules\Veiculo\VeiculoTest" classname="Tests.Feature.Modules.Veiculo.VeiculoTest" assertions="1" time="0.149081"/>
        <testcase name="test_veiculo_pode_definir_rotas" file="/var/www/html/tests/Feature/Modules/Veiculo/VeiculoTest.php" line="465" class="Tests\Feature\Modules\Veiculo\VeiculoTest" classname="Tests.Feature.Modules.Veiculo.VeiculoTest" assertions="2" time="0.154048"/>
        <testcase name="test_veiculo_controller_namespace_correto" file="/var/www/html/tests/Feature/Modules/Veiculo/VeiculoTest.php" line="475" class="Tests\Feature\Modules\Veiculo\VeiculoTest" classname="Tests.Feature.Modules.Veiculo.VeiculoTest" assertions="1" time="0.153011"/>
        <testcase name="test_veiculo_controller_tem_metodos_para_rotas" file="/var/www/html/tests/Feature/Modules/Veiculo/VeiculoTest.php" line="486" class="Tests\Feature\Modules\Veiculo\VeiculoTest" classname="Tests.Feature.Modules.Veiculo.VeiculoTest" assertions="5" time="0.154592"/>
        <testcase name="test_veiculo_constantes_http_disponiveis" file="/var/www/html/tests/Feature/Modules/Veiculo/VeiculoTest.php" line="500" class="Tests\Feature\Modules\Veiculo\VeiculoTest" classname="Tests.Feature.Modules.Veiculo.VeiculoTest" assertions="3" time="0.154139"/>
        <testcase name="test_veiculo_controller_tem_anotacoes_openapi" file="/var/www/html/tests/Feature/Modules/Veiculo/VeiculoTest.php" line="512" class="Tests\Feature\Modules\Veiculo\VeiculoTest" classname="Tests.Feature.Modules.Veiculo.VeiculoTest" assertions="1" time="0.167138"/>
        <testcase name="test_veiculo_controller_listagem_tem_swagger" file="/var/www/html/tests/Feature/Modules/Veiculo/VeiculoTest.php" line="532" class="Tests\Feature\Modules\Veiculo\VeiculoTest" classname="Tests.Feature.Modules.Veiculo.VeiculoTest" assertions="3" time="0.155931"/>
      </testsuite>
    </testsuite>
  </testsuite>
</testsuites>
